<?xml version="1.0" encoding="UTF-8"?>
<testng-results skipped="96" failed="1" total="135" passed="38">
  <reporter-output>
    <line>
      <![CDATA[<h4><strong><em>----- TESTCASE_005 :To verify that "Join Now" button is clickable -----</em></strong></h4>]]>
    </line>
    <line>
      <![CDATA[<h3>  Step 1 : Open URL (http://www.linkedin.com)  </h3><br>]]>
    </line>
    <line>
      <![CDATA[Opening URL <br>]]>
    </line>
    <line>
      <![CDATA[Page open succesfully]]>
    </line>
    <line>
      <![CDATA[<h3>  Step 2 : Click on "Join Now " button on registration page  </h3><br>]]>
    </line>
    <line>
      <![CDATA[ Button click successfully <p style=color:green><strong><em>PASSED</p></h3>]]>
    </line>
    <line>
      <![CDATA[Case successfully PASSED <hr>]]>
    </line>
    <line>
      <![CDATA[<h4><strong><em>----- TESTCASE_45 : To verify that Cookie Policy link is working properly -----</em></strong></h4>]]>
    </line>
    <line>
      <![CDATA[<h3> Step 1 : Open URL (http://www.linkedin.com)  </h3><br>]]>
    </line>
    <line>
      <![CDATA[Opening URL <br>]]>
    </line>
    <line>
      <![CDATA[Page open succesfully]]>
    </line>
    <line>
      <![CDATA[<h3> Step 2 : Click on " Cookie Policy " Link </h3><br>]]>
    </line>
    <line>
      <![CDATA[<font color=#FF0000>--Failed</font>]]>
    </line>
    <line>
      <![CDATA[Case successfully PASSED <hr>]]>
    </line>
    <line>
      <![CDATA[<h4><strong><em>----- TESTCASE_7 : To verify that First Name field should have only characters. -----</em></strong></h4>]]>
    </line>
    <line>
      <![CDATA[<h3>  Step 1 : Open URL (http://www.linkedin.com)  </h3><br>]]>
    </line>
    <line>
      <![CDATA[Opening URL <br>]]>
    </line>
    <line>
      <![CDATA[Page open succesfully]]>
    </line>
    <line>
      <![CDATA[<h3>  Step 2 : Enter First Name  </h3><br>]]>
    </line>
    <line>
      <![CDATA[Enter First Name: <strong><em>]]>
    </line>
    <line>
      <![CDATA[<h3>  Step 3 : Enter Last Name  </h3><br>]]>
    </line>
    <line>
      <![CDATA[Enter Last Name:<strong><em> cfkwz]]>
    </line>
    <line>
      <![CDATA[<h3>  Step 4 : Enter Emailid  </h3><br>]]>
    </line>
    <line>
      <![CDATA[Enter emailid: <strong><em>dctwrte@mailinator.com]]>
    </line>
    <line>
      <![CDATA[<h3>  Step 5 : Enter Password  </h3><br>]]>
    </line>
    <line>
      <![CDATA[Enter Password: <strong><em>irgpigrar]]>
    </line>
    <line>
      <![CDATA[<h3>  Step 6 : Click "Join Now" button  </h3><br>]]>
    </line>
    <line>
      <![CDATA[ User see validation message <p style=color:green><strong><em>PASSED</p></h3>]]>
    </line>
    <line>
      <![CDATA[Case successfully PASSED <hr>]]>
    </line>
    <line>
      <![CDATA[<h4><strong><em>----- TESTCASE_8 : To verify that First Name field should have only characters. -----</em></strong></h4>]]>
    </line>
    <line>
      <![CDATA[<h3>  Step 1 : Open URL (http://www.linkedin.com)  </h3><br>]]>
    </line>
    <line>
      <![CDATA[Opening URL <br>]]>
    </line>
    <line>
      <![CDATA[Page open succesfully]]>
    </line>
    <line>
      <![CDATA[<h3>  Step 2 : Enter First Name  </h3><br>]]>
    </line>
    <line>
      <![CDATA[Enter First Name: <strong><em> Rahul]]>
    </line>
    <line>
      <![CDATA[<h3>  Step 3 : Enter Last Name  </h3><br>]]>
    </line>
    <line>
      <![CDATA[Enter Last Name:<strong><em> ljyvr]]>
    </line>
    <line>
      <![CDATA[<h3>  Step 4 : Enter Emailid  </h3><br>]]>
    </line>
    <line>
      <![CDATA[Enter emailid: <strong><em>vhpjblf@mailinator.com]]>
    </line>
    <line>
      <![CDATA[<h3>  Step 5 : Enter Password  </h3><br>]]>
    </line>
    <line>
      <![CDATA[Enter Password: <strong><em>zxgrfkgrw]]>
    </line>
    <line>
      <![CDATA[<h3>  Step 6 : Click "Join Now" button  </h3><br>]]>
    </line>
    <line>
      <![CDATA[ User can't see any validation message <p style=color:red><strong><em>FAILED</p></h3>]]>
    </line>
    <line>
      <![CDATA[Case successfully PASSED <hr>]]>
    </line>
    <line>
      <![CDATA[<h4><strong><em>----- TESTCASE_9 : To verify that First Name field should have only characters. -----</em></strong></h4>]]>
    </line>
    <line>
      <![CDATA[<h3>  Step 1 : Open URL (http://www.linkedin.com)  </h3><br>]]>
    </line>
    <line>
      <![CDATA[Opening URL <br>]]>
    </line>
    <line>
      <![CDATA[Page open succesfully]]>
    </line>
    <line>
      <![CDATA[<h3>  Step 2 : Enter First Name  </h3><br>]]>
    </line>
    <line>
      <![CDATA[Enter First Name: <strong><em>R@hu!_]]>
    </line>
    <line>
      <![CDATA[<h3>  Step 3 : Enter Last Name  </h3><br>]]>
    </line>
    <line>
      <![CDATA[Enter Last Name:<strong><em> jilfq]]>
    </line>
    <line>
      <![CDATA[<h3>  Step 4 : Enter Emailid  </h3><br>]]>
    </line>
    <line>
      <![CDATA[Enter emailid: <strong><em>fuygstz@mailinator.com]]>
    </line>
    <line>
      <![CDATA[<h3>  Step 5 : Enter Password  </h3><br>]]>
    </line>
    <line>
      <![CDATA[Enter Password: <strong><em>cblctpxdr]]>
    </line>
    <line>
      <![CDATA[<h3>  Step 6 : Click "Join Now" button  </h3><br>]]>
    </line>
    <line>
      <![CDATA[ User can't see any validation message <p style=color:red><strong><em>FAILED</p></h3>]]>
    </line>
    <line>
      <![CDATA[Case successfully PASSED <hr>]]>
    </line>
    <line>
      <![CDATA[<h4><strong><em>----- TESTCASE_10 : To verify that First Name field should have only characters. -----</em></strong></h4>]]>
    </line>
    <line>
      <![CDATA[<h3>  Step 1 : Open URL (http://www.linkedin.com)  </h3><br>]]>
    </line>
    <line>
      <![CDATA[Opening URL <br>]]>
    </line>
    <line>
      <![CDATA[Page open succesfully]]>
    </line>
    <line>
      <![CDATA[<h3>  Step 2 : Enter First Name  </h3><br>]]>
    </line>
    <line>
      <![CDATA[Enter First Name: <strong><em>Rah Ul]]>
    </line>
    <line>
      <![CDATA[<h3>  Step 3 : Enter Last Name  </h3><br>]]>
    </line>
    <line>
      <![CDATA[Enter Last Name:<strong><em> asnqx]]>
    </line>
    <line>
      <![CDATA[<h3>  Step 4 : Enter Emailid  </h3><br>]]>
    </line>
    <line>
      <![CDATA[Enter emailid: <strong><em>gqubbei@mailinator.com]]>
    </line>
    <line>
      <![CDATA[<h3>  Step 5 : Enter Password  </h3><br>]]>
    </line>
    <line>
      <![CDATA[Enter Password: <strong><em>zgikofrir]]>
    </line>
    <line>
      <![CDATA[<h3>  Step 6 : Click "Join Now" button  </h3><br>]]>
    </line>
    <line>
      <![CDATA[ User can't see any validation message <p style=color:red><strong><em>FAILED</p></h3>]]>
    </line>
    <line>
      <![CDATA[Case successfully PASSED <hr>]]>
    </line>
    <line>
      <![CDATA[<h4><strong><em>----- TESTCASE_11 : To verify that Last Name field should have only characters. -----</em></strong></h4>]]>
    </line>
    <line>
      <![CDATA[<h3>  Step 1 : Open URL (http://www.linkedin.com)  </h3><br>]]>
    </line>
    <line>
      <![CDATA[Opening URL <br>]]>
    </line>
    <line>
      <![CDATA[Page open succesfully]]>
    </line>
    <line>
      <![CDATA[<h3>  Step 2 : Enter First Name  </h3><br>]]>
    </line>
    <line>
      <![CDATA[Enter First Name: <strong><em>purch]]>
    </line>
    <line>
      <![CDATA[<h3>  Step 3 : Enter Last Name  </h3><br>]]>
    </line>
    <line>
      <![CDATA[Enter Last Name: <strong><em>]]>
    </line>
    <line>
      <![CDATA[<h3>  Step 4 : Enter Emailid  </h3><br>]]>
    </line>
    <line>
      <![CDATA[Enter emailid: <strong><em>erdcqic@mailinator.com]]>
    </line>
    <line>
      <![CDATA[<h3>  Step 5 : Enter Password  </h3><br>]]>
    </line>
    <line>
      <![CDATA[Enter Password: <strong><em>vzqwhkhmj]]>
    </line>
    <line>
      <![CDATA[<h3>  Step 6 : Click "Join Now" button  </h3><br>]]>
    </line>
    <line>
      <![CDATA[ User see validation message <p style=color:green><strong><em>PASSED</p></h3>]]>
    </line>
    <line>
      <![CDATA[Case successfully PASSED <hr>]]>
    </line>
    <line>
      <![CDATA[<h4><strong><em>----- TESTCASE_12 : To verify that Last Name field should have only characters. -----</em></strong></h4>]]>
    </line>
    <line>
      <![CDATA[<h3>  Step 1 : Open URL (http://www.linkedin.com)  </h3><br>]]>
    </line>
    <line>
      <![CDATA[Opening URL <br>]]>
    </line>
    <line>
      <![CDATA[Page open succesfully]]>
    </line>
    <line>
      <![CDATA[<h3>  Step 2 : Enter First Name  </h3><br>]]>
    </line>
    <line>
      <![CDATA[Enter First Name: <strong><em>dmiko]]>
    </line>
    <line>
      <![CDATA[<h3>  Step 3 : Enter Last Name  </h3><br>]]>
    </line>
    <line>
      <![CDATA[Enter Last Name: <strong><em> Rahul]]>
    </line>
    <line>
      <![CDATA[<h3>  Step 4 : Enter Emailid  </h3><br>]]>
    </line>
    <line>
      <![CDATA[Enter emailid: <strong><em>zzukwbp@mailinator.com]]>
    </line>
    <line>
      <![CDATA[<h3>  Step 5 : Enter Password  </h3><br>]]>
    </line>
    <line>
      <![CDATA[Enter Password: <strong><em>auuftmrfm]]>
    </line>
    <line>
      <![CDATA[<h3>  Step 6 : Click "Join Now" button  </h3><br>]]>
    </line>
    <line>
      <![CDATA[ User can't see any validation message <p style=color:red><strong><em>FAILED</p></h3>]]>
    </line>
    <line>
      <![CDATA[Case successfully PASSED <hr>]]>
    </line>
    <line>
      <![CDATA[<h4><strong><em>----- TESTCASE_13 : To verify that Last Name field should have only characters. -----</em></strong></h4>]]>
    </line>
    <line>
      <![CDATA[<h3>  Step 1 : Open URL (http://www.linkedin.com)  </h3><br>]]>
    </line>
    <line>
      <![CDATA[Opening URL <br>]]>
    </line>
    <line>
      <![CDATA[Page open succesfully]]>
    </line>
    <line>
      <![CDATA[<h3>  Step 2 : Enter First Name  </h3><br>]]>
    </line>
    <line>
      <![CDATA[Enter First Name: <strong><em>auvqu]]>
    </line>
    <line>
      <![CDATA[<h3>  Step 3 : Enter Last Name  </h3><br>]]>
    </line>
    <line>
      <![CDATA[Enter Last Name: <strong><em>R@hu!_]]>
    </line>
    <line>
      <![CDATA[<h3>  Step 4 : Enter Emailid  </h3><br>]]>
    </line>
    <line>
      <![CDATA[Enter emailid: <strong><em>thppowi@mailinator.com]]>
    </line>
    <line>
      <![CDATA[<h3>  Step 5 : Enter Password  </h3><br>]]>
    </line>
    <line>
      <![CDATA[Enter Password: <strong><em>dmtczqiij]]>
    </line>
    <line>
      <![CDATA[<h3>  Step 6 : Click "Join Now" button  </h3><br>]]>
    </line>
    <line>
      <![CDATA[ User can't see any validation message <p style=color:red><strong><em>FAILED</p></h3>]]>
    </line>
    <line>
      <![CDATA[Case successfully PASSED <hr>]]>
    </line>
    <line>
      <![CDATA[<h4><strong><em>----- TESTCASE_14 : To verify that Last Name field should have only characters. -----</em></strong></h4>]]>
    </line>
    <line>
      <![CDATA[<h3>  Step 1 : Open URL (http://www.linkedin.com)  </h3><br>]]>
    </line>
    <line>
      <![CDATA[Opening URL <br>]]>
    </line>
    <line>
      <![CDATA[Page open succesfully]]>
    </line>
    <line>
      <![CDATA[<h3>  Step 2 : Enter First Name  </h3><br>]]>
    </line>
    <line>
      <![CDATA[Enter First Name: <strong><em>vhcak]]>
    </line>
    <line>
      <![CDATA[<h3>  Step 3 : Enter Last Name  </h3><br>]]>
    </line>
    <line>
      <![CDATA[Enter Last Name: <strong><em>Rah Ul]]>
    </line>
    <line>
      <![CDATA[<h3>  Step 4 : Enter Emailid  </h3><br>]]>
    </line>
    <line>
      <![CDATA[Enter emailid: <strong><em>cwjcuma@mailinator.com]]>
    </line>
    <line>
      <![CDATA[<h3>  Step 5 : Enter Password  </h3><br>]]>
    </line>
    <line>
      <![CDATA[Enter Password: <strong><em>mocyvatka]]>
    </line>
    <line>
      <![CDATA[<h3>  Step 6 : Click "Join Now" button  </h3><br>]]>
    </line>
    <line>
      <![CDATA[ User can't see any validation message <p style=color:red><strong><em>FAILED</p></h3>]]>
    </line>
    <line>
      <![CDATA[Case successfully PASSED <hr>]]>
    </line>
    <line>
      <![CDATA[<h4><strong><em>----- TESTCASE_15 : To verify that user is enter valid emailid. -----</em></strong></h4>]]>
    </line>
    <line>
      <![CDATA[<h3>  Step 1 : Open URL (http://www.linkedin.com)  </h3><br>]]>
    </line>
    <line>
      <![CDATA[Opening URL <br>]]>
    </line>
    <line>
      <![CDATA[Page open succesfully]]>
    </line>
    <line>
      <![CDATA[<h3>  Step 2 : Enter First Name  </h3><br>]]>
    </line>
    <line>
      <![CDATA[Enter First Name: <strong><em>xbino]]>
    </line>
    <line>
      <![CDATA[<h3>  Step 3 : Enter Last Name  </h3><br>]]>
    </line>
    <line>
      <![CDATA[Enter Last Name: <strong><em>ygunb]]>
    </line>
    <line>
      <![CDATA[<h3>  Step 4 : Enter Emailid  </h3><br>]]>
    </line>
    <line>
      <![CDATA[Enter emailid: <strong><em> rahul.pandya@mailinator.com]]>
    </line>
    <line>
      <![CDATA[<h3>  Step 5 : Enter Password  </h3><br>]]>
    </line>
    <line>
      <![CDATA[Enter Password: <strong><em>akkzklvbj]]>
    </line>
    <line>
      <![CDATA[<h3>  Step 6 : Click "Join Now" button  </h3><br>]]>
    </line>
    <line>
      <![CDATA[ User can't see any validation message <p style=color:red><strong><em>FAILED</p></h3>]]>
    </line>
    <line>
      <![CDATA[Case successfully PASSED <hr>]]>
    </line>
    <line>
      <![CDATA[<h4><strong><em>----- TESTCASE_16 : To verify that user is enter valid emailid. -----</em></strong></h4>]]>
    </line>
    <line>
      <![CDATA[<h3>  Step 1 : Open URL (http://www.linkedin.com)  </h3><br>]]>
    </line>
    <line>
      <![CDATA[Opening URL <br>]]>
    </line>
    <line>
      <![CDATA[Page open succesfully]]>
    </line>
    <line>
      <![CDATA[<h3>  Step 2 : Enter First Name  </h3><br>]]>
    </line>
    <line>
      <![CDATA[Enter First Name: <strong><em>hrnsb]]>
    </line>
    <line>
      <![CDATA[<h3>  Step 3 : Enter Last Name  </h3><br>]]>
    </line>
    <line>
      <![CDATA[Enter Last Name: <strong><em>imfwr]]>
    </line>
    <line>
      <![CDATA[<h3>  Step 4 : Enter Emailid  </h3><br>]]>
    </line>
    <line>
      <![CDATA[Enter emailid: <strong><em>rahul.pndya@]]>
    </line>
    <line>
      <![CDATA[<h3>  Step 5 : Enter Password  </h3><br>]]>
    </line>
    <line>
      <![CDATA[Enter Password: <strong><em>onhpaqjuz]]>
    </line>
    <line>
      <![CDATA[<h3>  Step 6 : Click "Join Now" button  </h3><br>]]>
    </line>
    <line>
      <![CDATA[ User see validation message <p style=color:green><strong><em>PASSED</p></h3>]]>
    </line>
    <line>
      <![CDATA[Case successfully PASSED <hr>]]>
    </line>
    <line>
      <![CDATA[<h4><strong><em>----- TESTCASE_17 : To verify that user is enter valid emailid. -----</em></strong></h4>]]>
    </line>
    <line>
      <![CDATA[<h3>  Step 1 : Open URL (http://www.linkedin.com)  </h3><br>]]>
    </line>
    <line>
      <![CDATA[Opening URL <br>]]>
    </line>
    <line>
      <![CDATA[Page open succesfully]]>
    </line>
    <line>
      <![CDATA[<h3>  Step 2 : Enter First Name  </h3><br>]]>
    </line>
    <line>
      <![CDATA[Enter First Name: <strong><em>uejql]]>
    </line>
    <line>
      <![CDATA[<h3>  Step 3 : Enter Last Name  </h3><br>]]>
    </line>
    <line>
      <![CDATA[Enter Last Name: <strong><em>oeuzh]]>
    </line>
    <line>
      <![CDATA[<h3>  Step 4 : Enter Emailid  </h3><br>]]>
    </line>
    <line>
      <![CDATA[Enter emailid: <strong><em>rahul pandya@mailinator.com]]>
    </line>
    <line>
      <![CDATA[<h3>  Step 5 : Enter Password  </h3><br>]]>
    </line>
    <line>
      <![CDATA[Enter Password: <strong><em>itnknpekp]]>
    </line>
    <line>
      <![CDATA[<h3>  Step 6 : Click "Join Now" button  </h3><br>]]>
    </line>
    <line>
      <![CDATA[ User see validation message <p style=color:green><strong><em>PASSED</p></h3>]]>
    </line>
    <line>
      <![CDATA[Case successfully PASSED <hr>]]>
    </line>
    <line>
      <![CDATA[<h4><strong><em>----- TESTCASE_18 : To verify that user is enter valid emailid. -----</em></strong></h4>]]>
    </line>
    <line>
      <![CDATA[<h3>  Step 1 : Open URL (http://www.linkedin.com)  </h3><br>]]>
    </line>
    <line>
      <![CDATA[Opening URL <br>]]>
    </line>
    <line>
      <![CDATA[Page open succesfully]]>
    </line>
    <line>
      <![CDATA[<h3>  Step 2 : Enter First Name  </h3><br>]]>
    </line>
    <line>
      <![CDATA[Enter First Name: <strong><em>crwuy]]>
    </line>
    <line>
      <![CDATA[<h3>  Step 3 : Enter Last Name  </h3><br>]]>
    </line>
    <line>
      <![CDATA[Enter Last Name: <strong><em>rzbps]]>
    </line>
    <line>
      <![CDATA[<h3>  Step 4 : Enter Emailid  </h3><br>]]>
    </line>
    <line>
      <![CDATA[Enter emailid: <strong><em>rahul.pandyamailinator.com]]>
    </line>
    <line>
      <![CDATA[<h3>  Step 5 : Enter Password  </h3><br>]]>
    </line>
    <line>
      <![CDATA[Enter Password: <strong><em>fetgmfpql]]>
    </line>
    <line>
      <![CDATA[<h3>  Step 6 : Click "Join Now" button  </h3><br>]]>
    </line>
    <line>
      <![CDATA[ User see validation message <p style=color:green><strong><em>PASSED</p></h3>]]>
    </line>
    <line>
      <![CDATA[Case successfully PASSED <hr>]]>
    </line>
    <line>
      <![CDATA[<h4><strong><em>----- TESTCASE_19 : To verify that user is enter valid emailid. -----</em></strong></h4>]]>
    </line>
    <line>
      <![CDATA[<h3>  Step 1 : Open URL (http://www.linkedin.com)  </h3><br>]]>
    </line>
    <line>
      <![CDATA[Opening URL <br>]]>
    </line>
    <line>
      <![CDATA[Page open succesfully]]>
    </line>
    <line>
      <![CDATA[<h3>  Step 2 : Enter First Name  </h3><br>]]>
    </line>
    <line>
      <![CDATA[Enter First Name: <strong><em>scsag]]>
    </line>
    <line>
      <![CDATA[<h3>  Step 3 : Enter Last Name  </h3><br>]]>
    </line>
    <line>
      <![CDATA[Enter Last Name: <strong><em>aaoyj]]>
    </line>
    <line>
      <![CDATA[<h3>  Step 4 : Enter Emailid  </h3><br>]]>
    </line>
    <line>
      <![CDATA[Enter emailid: <strong><em>@mailinator.com]]>
    </line>
    <line>
      <![CDATA[<h3>  Step 5 : Enter Password  </h3><br>]]>
    </line>
    <line>
      <![CDATA[Enter Password: <strong><em>kfayniibp]]>
    </line>
    <line>
      <![CDATA[<h3>  Step 6 : Click "Join Now" button  </h3><br>]]>
    </line>
    <line>
      <![CDATA[ User see validation message <p style=color:green><strong><em>PASSED</p></h3>]]>
    </line>
    <line>
      <![CDATA[Case successfully PASSED <hr>]]>
    </line>
    <line>
      <![CDATA[<h4><strong><em>----- TESTCASE_20 : To verify that user is enter valid emailid. -----</em></strong></h4>]]>
    </line>
    <line>
      <![CDATA[<h3>  Step 1 : Open URL (http://www.linkedin.com)  </h3><br>]]>
    </line>
    <line>
      <![CDATA[Opening URL <br>]]>
    </line>
    <line>
      <![CDATA[Page open succesfully]]>
    </line>
    <line>
      <![CDATA[<h3>  Step 2 : Enter First Name  </h3><br>]]>
    </line>
    <line>
      <![CDATA[Enter First Name: <strong><em>wijtd]]>
    </line>
    <line>
      <![CDATA[<h3>  Step 3 : Enter Last Name  </h3><br>]]>
    </line>
    <line>
      <![CDATA[Enter Last Name: <strong><em>rjnnt]]>
    </line>
    <line>
      <![CDATA[<h3>  Step 4 : Enter Emailid  </h3><br>]]>
    </line>
    <line>
      <![CDATA[Enter emailid: <strong><em>rahul.pandya00@@mailinator.com]]>
    </line>
    <line>
      <![CDATA[<h3>  Step 5 : Enter Password  </h3><br>]]>
    </line>
    <line>
      <![CDATA[Enter Password: <strong><em>gcyzgeygj]]>
    </line>
    <line>
      <![CDATA[<h3>  Step 6 : Click "Join Now" button  </h3><br>]]>
    </line>
    <line>
      <![CDATA[ User see validation message <p style=color:green><strong><em>PASSED</p></h3>]]>
    </line>
    <line>
      <![CDATA[Case successfully PASSED <hr>]]>
    </line>
    <line>
      <![CDATA[<h4><strong><em>----- TESTCASE_21 : To verify that user is enter valid emailid. -----</em></strong></h4>]]>
    </line>
    <line>
      <![CDATA[<h3>  Step 1 : Open URL (http://www.linkedin.com)  </h3><br>]]>
    </line>
    <line>
      <![CDATA[Opening URL <br>]]>
    </line>
    <line>
      <![CDATA[Page open succesfully]]>
    </line>
    <line>
      <![CDATA[<h3>  Step 2 : Enter First Name  </h3><br>]]>
    </line>
    <line>
      <![CDATA[Enter First Name: <strong><em>vjigj]]>
    </line>
    <line>
      <![CDATA[<h3>  Step 3 : Enter Last Name  </h3><br>]]>
    </line>
    <line>
      <![CDATA[Enter Last Name: <strong><em>bwtcy]]>
    </line>
    <line>
      <![CDATA[<h3>  Step 4 : Enter Emailid  </h3><br>]]>
    </line>
    <line>
      <![CDATA[Enter emailid: <strong><em>rahul..pandya@mailinator.com]]>
    </line>
    <line>
      <![CDATA[<h3>  Step 5 : Enter Password  </h3><br>]]>
    </line>
    <line>
      <![CDATA[Enter Password: <strong><em>wxleaqaol]]>
    </line>
    <line>
      <![CDATA[<h3>  Step 6 : Click "Join Now" button  </h3><br>]]>
    </line>
    <line>
      <![CDATA[ User can't see any validation message <p style=color:red><strong><em>FAILED</p></h3>]]>
    </line>
    <line>
      <![CDATA[Case successfully PASSED <hr>]]>
    </line>
    <line>
      <![CDATA[<h4><strong><em>----- TESTCASE_22 : To verify that user is enter valid emailid. -----</em></strong></h4>]]>
    </line>
    <line>
      <![CDATA[<h3>  Step 1 : Open URL (http://www.linkedin.com)  </h3><br>]]>
    </line>
    <line>
      <![CDATA[Opening URL <br>]]>
    </line>
    <line>
      <![CDATA[Page open succesfully]]>
    </line>
    <line>
      <![CDATA[<h3>  Step 2 : Enter First Name  </h3><br>]]>
    </line>
    <line>
      <![CDATA[Enter First Name: <strong><em>qiead]]>
    </line>
    <line>
      <![CDATA[<h3>  Step 3 : Enter Last Name  </h3><br>]]>
    </line>
    <line>
      <![CDATA[Enter Last Name: <strong><em>xwdno]]>
    </line>
    <line>
      <![CDATA[<h3>  Step 4 : Enter Emailid  </h3><br>]]>
    </line>
    <line>
      <![CDATA[Enter emailid: <strong><em>rahul.pandya@-mailinator.com]]>
    </line>
    <line>
      <![CDATA[<h3>  Step 5 : Enter Password  </h3><br>]]>
    </line>
    <line>
      <![CDATA[Enter Password: <strong><em>vijzaxiqm]]>
    </line>
    <line>
      <![CDATA[<h3>  Step 6 : Click "Join Now" button  </h3><br>]]>
    </line>
    <line>
      <![CDATA[ User can't see any validation message <p style=color:red><strong><em>FAILED</p></h3>]]>
    </line>
    <line>
      <![CDATA[Case successfully PASSED <hr>]]>
    </line>
    <line>
      <![CDATA[<h4><strong><em>----- TESTCASE_23 : To verify that user is enter valid emailid. -----</em></strong></h4>]]>
    </line>
    <line>
      <![CDATA[<h3>  Step 1 : Open URL (http://www.linkedin.com)  </h3><br>]]>
    </line>
    <line>
      <![CDATA[Opening URL <br>]]>
    </line>
    <line>
      <![CDATA[Page open succesfully]]>
    </line>
    <line>
      <![CDATA[<h3>  Step 2 : Enter First Name  </h3><br>]]>
    </line>
    <line>
      <![CDATA[Enter First Name: <strong><em>fqizv]]>
    </line>
    <line>
      <![CDATA[<h3>  Step 3 : Enter Last Name  </h3><br>]]>
    </line>
    <line>
      <![CDATA[Enter Last Name: <strong><em>hiyjj]]>
    </line>
    <line>
      <![CDATA[<h3>  Step 4 : Enter Emailid  </h3><br>]]>
    </line>
    <line>
      <![CDATA[Enter emailid: <strong><em>#$%^%^&%#^&*@mailinator.com]]>
    </line>
    <line>
      <![CDATA[<h3>  Step 5 : Enter Password  </h3><br>]]>
    </line>
    <line>
      <![CDATA[Enter Password: <strong><em>cknkzwshu]]>
    </line>
    <line>
      <![CDATA[<h3>  Step 6 : Click "Join Now" button  </h3><br>]]>
    </line>
    <line>
      <![CDATA[ User see validation message <p style=color:green><strong><em>PASSED</p></h3>]]>
    </line>
    <line>
      <![CDATA[Case successfully PASSED <hr>]]>
    </line>
    <line>
      <![CDATA[<h4><strong><em>----- TESTCASE_24 : To verify that user is enter valid emailid. -----</em></strong></h4>]]>
    </line>
    <line>
      <![CDATA[<h3>  Step 1 : Open URL (http://www.linkedin.com)  </h3><br>]]>
    </line>
    <line>
      <![CDATA[Opening URL <br>]]>
    </line>
    <line>
      <![CDATA[Page open succesfully]]>
    </line>
    <line>
      <![CDATA[<h3>  Step 2 : Enter First Name  </h3><br>]]>
    </line>
    <line>
      <![CDATA[Enter First Name: <strong><em>yhhxg]]>
    </line>
    <line>
      <![CDATA[<h3>  Step 3 : Enter Last Name  </h3><br>]]>
    </line>
    <line>
      <![CDATA[Enter Last Name: <strong><em>yoxrt]]>
    </line>
    <line>
      <![CDATA[<h3>  Step 4 : Enter Emailid  </h3><br>]]>
    </line>
    <line>
      <![CDATA[Enter emailid: <strong><em>Rahul Pandya <rahul.pandya@mailinator.com>]]>
    </line>
    <line>
      <![CDATA[<h3>  Step 5 : Enter Password  </h3><br>]]>
    </line>
    <line>
      <![CDATA[Enter Password: <strong><em>qvkyniwdo]]>
    </line>
    <line>
      <![CDATA[<h3>  Step 6 : Click "Join Now" button  </h3><br>]]>
    </line>
    <line>
      <![CDATA[ User see validation message <p style=color:green><strong><em>PASSED</p></h3>]]>
    </line>
    <line>
      <![CDATA[Case successfully PASSED <hr>]]>
    </line>
    <line>
      <![CDATA[<h4><strong><em>----- TESTCASE_25 : To verify that user is enter valid emailid. -----</em></strong></h4>]]>
    </line>
    <line>
      <![CDATA[<h3>  Step 1 : Open URL (http://www.linkedin.com)  </h3><br>]]>
    </line>
    <line>
      <![CDATA[Opening URL <br>]]>
    </line>
    <line>
      <![CDATA[Page open succesfully]]>
    </line>
    <line>
      <![CDATA[<h3>  Step 2 : Enter First Name  </h3><br>]]>
    </line>
    <line>
      <![CDATA[Enter First Name: <strong><em>wrhjc]]>
    </line>
    <line>
      <![CDATA[<h3>  Step 3 : Enter Last Name  </h3><br>]]>
    </line>
    <line>
      <![CDATA[Enter Last Name: <strong><em>twfqp]]>
    </line>
    <line>
      <![CDATA[<h3>  Step 4 : Enter Emailid  </h3><br>]]>
    </line>
    <line>
      <![CDATA[Enter emailid: <strong><em>rahul.pandya00@mailinator.]]>
    </line>
    <line>
      <![CDATA[<h3>  Step 5 : Enter Password  </h3><br>]]>
    </line>
    <line>
      <![CDATA[Enter Password: <strong><em>ijsxrxuzx]]>
    </line>
    <line>
      <![CDATA[<h3>  Step 6 : Click "Join Now" button  </h3><br>]]>
    </line>
    <line>
      <![CDATA[ User see validation message <p style=color:green><strong><em>PASSED</p></h3>]]>
    </line>
    <line>
      <![CDATA[Case successfully PASSED <hr>]]>
    </line>
    <line>
      <![CDATA[<h4><strong><em>----- TESTCASE_26 : To verify that user is enter valid emailid. -----</em></strong></h4>]]>
    </line>
    <line>
      <![CDATA[<h3>  Step 1 : Open URL (http://www.linkedin.com)  </h3><br>]]>
    </line>
    <line>
      <![CDATA[Opening URL <br>]]>
    </line>
    <line>
      <![CDATA[Page open succesfully]]>
    </line>
    <line>
      <![CDATA[<h3>  Step 2 : Enter First Name  </h3><br>]]>
    </line>
    <line>
      <![CDATA[Enter First Name: <strong><em>qqmbp]]>
    </line>
    <line>
      <![CDATA[<h3>  Step 3 : Enter Last Name  </h3><br>]]>
    </line>
    <line>
      <![CDATA[Enter Last Name: <strong><em>ydrky]]>
    </line>
    <line>
      <![CDATA[<h3>  Step 4 : Enter Emailid  </h3><br>]]>
    </line>
    <line>
      <![CDATA[Enter emailid: <strong><em>rahul.pandya@web.net]]>
    </line>
    <line>
      <![CDATA[<h3>  Step 5 : Enter Password  </h3><br>]]>
    </line>
    <line>
      <![CDATA[Enter Password: <strong><em>rfaqgshzz]]>
    </line>
    <line>
      <![CDATA[<h3>  Step 6 : Click "Join Now" button  </h3><br>]]>
    </line>
    <line>
      <![CDATA[ User see validation message <p style=color:green><strong><em>PASSED</p></h3>]]>
    </line>
    <line>
      <![CDATA[Case successfully PASSED <hr>]]>
    </line>
    <line>
      <![CDATA[<h4><strong><em>----- TESTCASE_27 : To verify that user is enter valid emailid. -----</em></strong></h4>]]>
    </line>
    <line>
      <![CDATA[<h3>  Step 1 : Open URL (http://www.linkedin.com)  </h3><br>]]>
    </line>
    <line>
      <![CDATA[Opening URL <br>]]>
    </line>
    <line>
      <![CDATA[Page open succesfully]]>
    </line>
    <line>
      <![CDATA[<h3>  Step 2 : Enter First Name  </h3><br>]]>
    </line>
    <line>
      <![CDATA[Enter First Name: <strong><em>sshcd]]>
    </line>
    <line>
      <![CDATA[<h3>  Step 3 : Enter Last Name  </h3><br>]]>
    </line>
    <line>
      <![CDATA[Enter Last Name: <strong><em>mezio]]>
    </line>
    <line>
      <![CDATA[<h3>  Step 4 : Enter Emailid  </h3><br>]]>
    </line>
    <line>
      <![CDATA[Enter emailid: <strong><em>rahul.pandya@111.com]]>
    </line>
    <line>
      <![CDATA[<h3>  Step 5 : Enter Password  </h3><br>]]>
    </line>
    <line>
      <![CDATA[Enter Password: <strong><em>ytknhwglq]]>
    </line>
    <line>
      <![CDATA[<h3>  Step 6 : Click "Join Now" button  </h3><br>]]>
    </line>
    <line>
      <![CDATA[ User can't see any validation message <p style=color:red><strong><em>FAILED</p></h3>]]>
    </line>
    <line>
      <![CDATA[Case successfully PASSED <hr>]]>
    </line>
    <line>
      <![CDATA[<h4><strong><em>----- TESTCASE_28 : To verify that user is enter valid emailid. -----</em></strong></h4>]]>
    </line>
    <line>
      <![CDATA[<h3>  Step 1 : Open URL (http://www.linkedin.com)  </h3><br>]]>
    </line>
    <line>
      <![CDATA[Opening URL <br>]]>
    </line>
    <line>
      <![CDATA[Page open succesfully]]>
    </line>
    <line>
      <![CDATA[<h3>  Step 2 : Enter First Name  </h3><br>]]>
    </line>
    <line>
      <![CDATA[Enter First Name: <strong><em>qpinz]]>
    </line>
    <line>
      <![CDATA[<h3>  Step 3 : Enter Last Name  </h3><br>]]>
    </line>
    <line>
      <![CDATA[Enter Last Name: <strong><em>ghfya]]>
    </line>
    <line>
      <![CDATA[<h3>  Step 4 : Enter Emailid  </h3><br>]]>
    </line>
    <line>
      <![CDATA[Enter emailid: <strong><em>rahul.pandya@mailinator.com (Rahul Pandya)]]>
    </line>
    <line>
      <![CDATA[<h3>  Step 5 : Enter Password  </h3><br>]]>
    </line>
    <line>
      <![CDATA[Enter Password: <strong><em>abowninzf]]>
    </line>
    <line>
      <![CDATA[<h3>  Step 6 : Click "Join Now" button  </h3><br>]]>
    </line>
    <line>
      <![CDATA[ User see validation message <p style=color:green><strong><em>PASSED</p></h3>]]>
    </line>
    <line>
      <![CDATA[Case successfully PASSED <hr>]]>
    </line>
    <line>
      <![CDATA[<h4><strong><em>----- TESTCASE_29 : To verify that user is enter valid emailid. -----</em></strong></h4>]]>
    </line>
    <line>
      <![CDATA[<h3>  Step 1 : Open URL (http://www.linkedin.com)  </h3><br>]]>
    </line>
    <line>
      <![CDATA[Opening URL <br>]]>
    </line>
    <line>
      <![CDATA[Page open succesfully]]>
    </line>
    <line>
      <![CDATA[<h3>  Step 2 : Enter First Name  </h3><br>]]>
    </line>
    <line>
      <![CDATA[Enter First Name: <strong><em>zeymr]]>
    </line>
    <line>
      <![CDATA[<h3>  Step 3 : Enter Last Name  </h3><br>]]>
    </line>
    <line>
      <![CDATA[Enter Last Name: <strong><em>pqged]]>
    </line>
    <line>
      <![CDATA[<h3>  Step 4 : Enter Emailid  </h3><br>]]>
    </line>
    <line>
      <![CDATA[Enter emailid: <strong><em>rahul.pandya@mailinatorhotmail.com]]>
    </line>
    <line>
      <![CDATA[<h3>  Step 5 : Enter Password  </h3><br>]]>
    </line>
    <line>
      <![CDATA[Enter Password: <strong><em>hkeutupah]]>
    </line>
    <line>
      <![CDATA[<h3>  Step 6 : Click "Join Now" button  </h3><br>]]>
    </line>
    <line>
      <![CDATA[ User can't see any validation message <p style=color:red><strong><em>FAILED</p></h3>]]>
    </line>
    <line>
      <![CDATA[Case successfully PASSED <hr>]]>
    </line>
    <line>
      <![CDATA[<h4><strong><em>----- TESTCASE_30 : To verify that user is enter valid emailid. -----</em></strong></h4>]]>
    </line>
    <line>
      <![CDATA[<h3>  Step 1 : Open URL (http://www.linkedin.com)  </h3><br>]]>
    </line>
    <line>
      <![CDATA[Opening URL <br>]]>
    </line>
    <line>
      <![CDATA[Page open succesfully]]>
    </line>
    <line>
      <![CDATA[<h3>  Step 2 : Enter First Name  </h3><br>]]>
    </line>
    <line>
      <![CDATA[Enter First Name: <strong><em>bxoca]]>
    </line>
    <line>
      <![CDATA[<h3>  Step 3 : Enter Last Name  </h3><br>]]>
    </line>
    <line>
      <![CDATA[Enter Last Name: <strong><em>qwzlc]]>
    </line>
    <line>
      <![CDATA[<h3>  Step 4 : Enter Emailid  </h3><br>]]>
    </line>
    <line>
      <![CDATA[Enter emailid: <strong><em>rahul.pandya@xyz.com]]>
    </line>
    <line>
      <![CDATA[<h3>  Step 5 : Enter Password  </h3><br>]]>
    </line>
    <line>
      <![CDATA[Enter Password: <strong><em>ltptofofa]]>
    </line>
    <line>
      <![CDATA[<h3>  Step 6 : Click "Join Now" button  </h3><br>]]>
    </line>
    <line>
      <![CDATA[ User can't see any validation message <p style=color:red><strong><em>FAILED</p></h3>]]>
    </line>
    <line>
      <![CDATA[Case successfully PASSED <hr>]]>
    </line>
    <line>
      <![CDATA[<h4><strong><em>----- TESTCASE_31 : To verify that user is enter valid emailid. -----</em></strong></h4>]]>
    </line>
    <line>
      <![CDATA[<h3>  Step 1 : Open URL (http://www.linkedin.com)  </h3><br>]]>
    </line>
    <line>
      <![CDATA[Opening URL <br>]]>
    </line>
    <line>
      <![CDATA[Page open succesfully]]>
    </line>
    <line>
      <![CDATA[<h3>  Step 2 : Enter First Name  </h3><br>]]>
    </line>
    <line>
      <![CDATA[Enter First Name: <strong><em>sgdau]]>
    </line>
    <line>
      <![CDATA[<h3>  Step 3 : Enter Last Name  </h3><br>]]>
    </line>
    <line>
      <![CDATA[Enter Last Name: <strong><em>nwxai]]>
    </line>
    <line>
      <![CDATA[<h3>  Step 4 : Enter Emailid  </h3><br>]]>
    </line>
    <line>
      <![CDATA[Enter emailid: <strong><em>]]>
    </line>
    <line>
      <![CDATA[<h3>  Step 5 : Enter Password  </h3><br>]]>
    </line>
    <line>
      <![CDATA[Enter Password: <strong><em>nnqkucvrr]]>
    </line>
    <line>
      <![CDATA[<h3>  Step 6 : Click "Join Now" button  </h3><br>]]>
    </line>
    <line>
      <![CDATA[ User see validation message <p style=color:green><strong><em>PASSED</p></h3>]]>
    </line>
    <line>
      <![CDATA[Case successfully PASSED <hr>]]>
    </line>
    <line>
      <![CDATA[<h4><strong><em>----- TESTCASE_32 : To verify that user is enter valid emailid. -----</em></strong></h4>]]>
    </line>
    <line>
      <![CDATA[<h3>  Step 1 : Open URL (http://www.linkedin.com)  </h3><br>]]>
    </line>
    <line>
      <![CDATA[Opening URL <br>]]>
    </line>
    <line>
      <![CDATA[Page open succesfully]]>
    </line>
    <line>
      <![CDATA[<h3>  Step 2 : Enter First Name  </h3><br>]]>
    </line>
    <line>
      <![CDATA[Enter First Name: <strong><em>tipmq]]>
    </line>
    <line>
      <![CDATA[<h3>  Step 3 : Enter Last Name  </h3><br>]]>
    </line>
    <line>
      <![CDATA[Enter Last Name: <strong><em>ghbpi]]>
    </line>
    <line>
      <![CDATA[<h3>  Step 4 : Enter Emailid  </h3><br>]]>
    </line>
    <line>
      <![CDATA[Enter emailid: <strong><em>pandya.rahul00@gmail.com]]>
    </line>
    <line>
      <![CDATA[<h3>  Step 5 : Enter Password  </h3><br>]]>
    </line>
    <line>
      <![CDATA[Enter Password: <strong><em>uwkbykapg]]>
    </line>
    <line>
      <![CDATA[<h3>  Step 6 : Click "Join Now" button  </h3><br>]]>
    </line>
    <line>
      <![CDATA[ User see validation message <p style=color:green><strong><em>PASSED</p></h3>]]>
    </line>
    <line>
      <![CDATA[Case successfully PASSED <hr>]]>
    </line>
    <line>
      <![CDATA[<h4><strong><em>----- TESTCASE_33 : To verify that user is enter valid Password. -----</em></strong></h4>]]>
    </line>
    <line>
      <![CDATA[<h3>  Step 1 : Open URL (http://www.linkedin.com)  </h3><br>]]>
    </line>
    <line>
      <![CDATA[Opening URL <br>]]>
    </line>
    <line>
      <![CDATA[Page open succesfully]]>
    </line>
    <line>
      <![CDATA[<h3>  Step 2 : Enter First Name  </h3><br>]]>
    </line>
    <line>
      <![CDATA[Enter First Name: <strong><em>shrwo]]>
    </line>
    <line>
      <![CDATA[<h3>  Step 3 : Enter Last Name  </h3><br>]]>
    </line>
    <line>
      <![CDATA[Enter Last Name: <strong><em>dfwgm]]>
    </line>
    <line>
      <![CDATA[<h3>  Step 4 : Enter Emailid  </h3><br>]]>
    </line>
    <line>
      <![CDATA[Enter emailid: <strong><em>wkyfyca@mailinator.com]]>
    </line>
    <line>
      <![CDATA[<h3>  Step 5 : Enter Password  </h3><br>]]>
    </line>
    <line>
      <![CDATA[Enter Password: <strong><em>Jammmiieee]]>
    </line>
    <line>
      <![CDATA[<h3>  Step 6 : Click "Join Now" button  </h3><br>]]>
    </line>
    <line>
      <![CDATA[ User can't see any validation message <p style=color:red><strong><em>FAILED</p></h3>]]>
    </line>
    <line>
      <![CDATA[Case successfully PASSED <hr>]]>
    </line>
    <line>
      <![CDATA[<h4><strong><em>----- TESTCASE_34 : To verify that user is enter valid Password. -----</em></strong></h4>]]>
    </line>
    <line>
      <![CDATA[<h3>  Step 1 : Open URL (http://www.linkedin.com)  </h3><br>]]>
    </line>
    <line>
      <![CDATA[Opening URL <br>]]>
    </line>
    <line>
      <![CDATA[Page open succesfully]]>
    </line>
    <line>
      <![CDATA[<h3>  Step 2 : Enter First Name  </h3><br>]]>
    </line>
    <line>
      <![CDATA[Enter First Name: <strong><em>kgjup]]>
    </line>
    <line>
      <![CDATA[<h3>  Step 3 : Enter Last Name  </h3><br>]]>
    </line>
    <line>
      <![CDATA[Enter Last Name: <strong><em>ojhqa]]>
    </line>
    <line>
      <![CDATA[<h3>  Step 4 : Enter Emailid  </h3><br>]]>
    </line>
    <line>
      <![CDATA[Enter emailid: <strong><em>kdhpktd@mailinator.com]]>
    </line>
    <line>
      <![CDATA[<h3>  Step 5 : Enter Password  </h3><br>]]>
    </line>
    <line>
      <![CDATA[Enter Password: <strong><em>123456]]>
    </line>
    <line>
      <![CDATA[<h3>  Step 6 : Click "Join Now" button  </h3><br>]]>
    </line>
    <line>
      <![CDATA[ User can't see any validation message <p style=color:red><strong><em>FAILED</p></h3>]]>
    </line>
    <line>
      <![CDATA[Case successfully PASSED <hr>]]>
    </line>
    <line>
      <![CDATA[<h4><strong><em>----- TESTCASE_35 : To verify that user is enter valid Password. -----</em></strong></h4>]]>
    </line>
    <line>
      <![CDATA[<h3>  Step 1 : Open URL (http://www.linkedin.com)  </h3><br>]]>
    </line>
    <line>
      <![CDATA[Opening URL <br>]]>
    </line>
    <line>
      <![CDATA[Page open succesfully]]>
    </line>
    <line>
      <![CDATA[<h3>  Step 2 : Enter First Name  </h3><br>]]>
    </line>
    <line>
      <![CDATA[Enter First Name: <strong><em>xepbt]]>
    </line>
    <line>
      <![CDATA[<h3>  Step 3 : Enter Last Name  </h3><br>]]>
    </line>
    <line>
      <![CDATA[Enter Last Name: <strong><em>hqskd]]>
    </line>
    <line>
      <![CDATA[<h3>  Step 4 : Enter Emailid  </h3><br>]]>
    </line>
    <line>
      <![CDATA[Enter emailid: <strong><em>pfqepmv@mailinator.com]]>
    </line>
    <line>
      <![CDATA[<h3>  Step 5 : Enter Password  </h3><br>]]>
    </line>
    <line>
      <![CDATA[Enter Password: <strong><em>emailid]]>
    </line>
    <line>
      <![CDATA[<h3>  Step 6 : Click "Join Now" button  </h3><br>]]>
    </line>
    <line>
      <![CDATA[ User can't see any validation message <p style=color:red><strong><em>FAILED</p></h3>]]>
    </line>
    <line>
      <![CDATA[Case successfully PASSED <hr>]]>
    </line>
    <line>
      <![CDATA[<h4><strong><em>----- TESTCASE_36 : To verify that user is enter valid Password. -----</em></strong></h4>]]>
    </line>
    <line>
      <![CDATA[<h3>  Step 1 : Open URL (http://www.linkedin.com)  </h3><br>]]>
    </line>
    <line>
      <![CDATA[Opening URL <br>]]>
    </line>
    <line>
      <![CDATA[Page open succesfully]]>
    </line>
    <line>
      <![CDATA[<h3>  Step 2 : Enter First Name  </h3><br>]]>
    </line>
    <line>
      <![CDATA[Enter First Name: <strong><em>jmttn]]>
    </line>
    <line>
      <![CDATA[<h3>  Step 3 : Enter Last Name  </h3><br>]]>
    </line>
    <line>
      <![CDATA[Enter Last Name: <strong><em>nadjr]]>
    </line>
    <line>
      <![CDATA[<h3>  Step 4 : Enter Emailid  </h3><br>]]>
    </line>
    <line>
      <![CDATA[Enter emailid: <strong><em>oupqoet@mailinator.com]]>
    </line>
    <line>
      <![CDATA[<h3>  Step 5 : Enter Password  </h3><br>]]>
    </line>
    <line>
      <![CDATA[Enter Password: <strong><em>]]>
    </line>
    <line>
      <![CDATA[<h3>  Step 6 : Click "Join Now" button  </h3><br>]]>
    </line>
    <line>
      <![CDATA[ User see validation message <p style=color:green><strong><em>PASSED</p></h3>]]>
    </line>
    <line>
      <![CDATA[Case successfully PASSED <hr>]]>
    </line>
    <line>
      <![CDATA[<h4><strong><em>----- TESTCASE_37 : To verify that user is enter valid Password. -----</em></strong></h4>]]>
    </line>
    <line>
      <![CDATA[<h3>  Step 1 : Open URL (http://www.linkedin.com)  </h3><br>]]>
    </line>
    <line>
      <![CDATA[Opening URL <br>]]>
    </line>
    <line>
      <![CDATA[Page open succesfully]]>
    </line>
    <line>
      <![CDATA[<h3>  Step 2 : Enter First Name  </h3><br>]]>
    </line>
    <line>
      <![CDATA[Enter First Name: <strong><em>ounsw]]>
    </line>
    <line>
      <![CDATA[<h3>  Step 3 : Enter Last Name  </h3><br>]]>
    </line>
    <line>
      <![CDATA[Enter Last Name: <strong><em>ocibc]]>
    </line>
    <line>
      <![CDATA[<h3>  Step 4 : Enter Emailid  </h3><br>]]>
    </line>
    <line>
      <![CDATA[Enter emailid: <strong><em>fgrqroz@mailinator.com]]>
    </line>
    <line>
      <![CDATA[<h3>  Step 5 : Enter Password  </h3><br>]]>
    </line>
    <line>
      <![CDATA[Enter Password: <strong><em>ra12@]]>
    </line>
    <line>
      <![CDATA[<h3>  Step 6 : Click "Join Now" button  </h3><br>]]>
    </line>
    <line>
      <![CDATA[ User see validation message <p style=color:green><strong><em>PASSED</p></h3>]]>
    </line>
    <line>
      <![CDATA[Case successfully PASSED <hr>]]>
    </line>
    <line>
      <![CDATA[<h4><strong><em>----- TESTCASE_38 : To verify that user is enter valid Password. -----</em></strong></h4>]]>
    </line>
    <line>
      <![CDATA[<h3>  Step 1 : Open URL (http://www.linkedin.com)  </h3><br>]]>
    </line>
    <line>
      <![CDATA[Opening URL <br>]]>
    </line>
    <line>
      <![CDATA[Page open succesfully]]>
    </line>
    <line>
      <![CDATA[<h3>  Step 2 : Enter First Name  </h3><br>]]>
    </line>
    <line>
      <![CDATA[Enter First Name: <strong><em>vwecd]]>
    </line>
    <line>
      <![CDATA[<h3>  Step 3 : Enter Last Name  </h3><br>]]>
    </line>
    <line>
      <![CDATA[Enter Last Name: <strong><em>wkqkw]]>
    </line>
    <line>
      <![CDATA[<h3>  Step 4 : Enter Emailid  </h3><br>]]>
    </line>
    <line>
      <![CDATA[Enter emailid: <strong><em>iqwyydv@mailinator.com]]>
    </line>
    <line>
      <![CDATA[<h3>  Step 5 : Enter Password  </h3><br>]]>
    </line>
    <line>
      <![CDATA[Enter Password: <strong><em>rahulpa12]]>
    </line>
    <line>
      <![CDATA[<h3>  Step 6 : Click "Join Now" button  </h3><br>]]>
    </line>
    <line>
      <![CDATA[ User can't see any validation message <p style=color:red><strong><em>FAILED</p></h3>]]>
    </line>
    <line>
      <![CDATA[Case successfully PASSED <hr>]]>
    </line>
    <line>
      <![CDATA[<h4><strong><em>----- TESTCASE_41 : To verify that user is see register successful page after enter valid data -----</em></strong></h4>]]>
    </line>
    <line>
      <![CDATA[<h3> Step 1 : Open URL (http://www.linkedin.com)  </h3><br>]]>
    </line>
    <line>
      <![CDATA[Opening URL <br>]]>
    </line>
    <line>
      <![CDATA[Page open succesfully]]>
    </line>
    <line>
      <![CDATA[<h3>  Step 2 : Enter First Name  </h3><br>]]>
    </line>
    <line>
      <![CDATA[Enter First Name: <strong><em>itrhj]]>
    </line>
    <line>
      <![CDATA[<h3>  Step 3 : Enter Last Name  </h3><br>]]>
    </line>
    <line>
      <![CDATA[Enter Last Name: <strong><em>mkbnr]]>
    </line>
    <line>
      <![CDATA[<h3>  Step 4 : Enter Emailid  </h3><br>]]>
    </line>
    <line>
      <![CDATA[Enter emailid: <strong><em>uqxiixi@mailinator.com]]>
    </line>
    <line>
      <![CDATA[<h3>  Step 5 : Enter Password  </h3><br>]]>
    </line>
    <line>
      <![CDATA[Enter Password: <strong><em>ettxhmixz]]>
    </line>
    <line>
      <![CDATA[<h3>  Step 6 : Click "Enter" in your keyboard  </h3><br>]]>
    </line>
    <line>
      <![CDATA[ Error! ENTER key functionality is not working <p style=color:red><strong><em>FAILED</p></h3>]]>
    </line>
    <line>
      <![CDATA[Case successfully PASSED <hr>]]>
    </line>
    <line>
      <![CDATA[<h4><strong><em>----- TESTCASE_44 : To verify that Privacy Policy link is working properly -----</em></strong></h4>]]>
    </line>
    <line>
      <![CDATA[<h3> Step 1 : Open URL (http://www.linkedin.com)  </h3><br>]]>
    </line>
    <line>
      <![CDATA[Opening URL <br>]]>
    </line>
    <line>
      <![CDATA[Page open succesfully]]>
    </line>
    <line>
      <![CDATA[<h3> Step 2 : Click on " Privacy Policy " Link </h3><br>]]>
    </line>
    <line>
      <![CDATA[<font color=238E23>--Passed</font>]]>
    </line>
    <line>
      <![CDATA[Case successfully PASSED <hr>]]>
    </line>
    <line>
      <![CDATA[<h4><strong><em>----- TESTCASE_39 : To verify that user is see register successful page after enter valid data -----</em></strong></h4>]]>
    </line>
    <line>
      <![CDATA[<h3>  Step 1 : Open URL (http://www.linkedin.com)  </h3><br>]]>
    </line>
    <line>
      <![CDATA[Opening URL <br>]]>
    </line>
    <line>
      <![CDATA[Page open succesfully]]>
    </line>
    <line>
      <![CDATA[<h3>  Step 2 : Enter First Name  </h3><br>]]>
    </line>
    <line>
      <![CDATA[Enter First Name: <strong><em>ttgff]]>
    </line>
    <line>
      <![CDATA[<h3>  Step 3 : Enter Last Name  </h3><br>]]>
    </line>
    <line>
      <![CDATA[Enter Last Name: <strong><em>dkcsb]]>
    </line>
    <line>
      <![CDATA[<h3>  Step 4 : Enter Emailid  </h3><br>]]>
    </line>
    <line>
      <![CDATA[Enter emailid: <strong><em>bsaprsj@mailinator.com]]>
    </line>
    <line>
      <![CDATA[<h3>  Step 5 : Enter Password  </h3><br>]]>
    </line>
    <line>
      <![CDATA[Enter Password: <strong><em>rdpslvpft]]>
    </line>
    <line>
      <![CDATA[<h3>  Step 6 : Click "Join Now" button  </h3><br>]]>
    </line>
    <line>
      <![CDATA[ Error! User failed to register <p style=color:red><strong><em>FAILED</p></h3>]]>
    </line>
    <line>
      <![CDATA[Case successfully PASSED <hr>]]>
    </line>
    <line>
      <![CDATA[<h4><strong><em>----- TESTCASE_40 : To verify that user is see register successful page after enter valid data -----</em></strong></h4>]]>
    </line>
    <line>
      <![CDATA[<h3>  Step 1 : Open URL (http://www.linkedin.com)  </h3><br>]]>
    </line>
    <line>
      <![CDATA[Opening URL <br>]]>
    </line>
    <line>
      <![CDATA[Page open succesfully]]>
    </line>
    <line>
      <![CDATA[<h3> Step 2 : Press "Tab" key on keyboard  </h3><br>]]>
    </line>
    <line>
      <![CDATA[<h4><strong><em>----- TESTCASE_006 : To verify that all text fields are editable. -----</em></strong></h4>]]>
    </line>
    <line>
      <![CDATA[<h3>  Step 1 : Open URL (http://www.linkedin.com)  </h3><br>]]>
    </line>
    <line>
      <![CDATA[Opening URL <br>]]>
    </line>
    <line>
      <![CDATA[Page open succesfully]]>
    </line>
    <line>
      <![CDATA[<h3>  Step 2 : Enter value in textfields  </h3><br>]]>
    </line>
    <line>
      <![CDATA[<br> <b>Please look to the screenshot - </b>]]>
    </line>
    <line>
      <![CDATA[<br> <b>Please look to the screenshot - </b>]]>
    </line>
    <line>
      <![CDATA[<br> <b>Please look to the screenshot - </b>]]>
    </line>
    <line>
      <![CDATA[<br> <b>Please look to the screenshot - </b>]]>
    </line>
    <line>
      <![CDATA[<br> <b>Please look to the screenshot - </b>]]>
    </line>
    <line>
      <![CDATA[<br> <b>Please look to the screenshot - </b>]]>
    </line>
    <line>
      <![CDATA[<br> <b>Please look to the screenshot - </b>]]>
    </line>
    <line>
      <![CDATA[<br> <b>Please look to the screenshot - </b>]]>
    </line>
    <line>
      <![CDATA[<br> <b>Please look to the screenshot - </b>]]>
    </line>
    <line>
      <![CDATA[<br> <b>Please look to the screenshot - </b>]]>
    </line>
    <line>
      <![CDATA[<br> <b>Please look to the screenshot - </b>]]>
    </line>
    <line>
      <![CDATA[<br> <b>Please look to the screenshot - </b>]]>
    </line>
    <line>
      <![CDATA[<br> <b>Please look to the screenshot - </b>]]>
    </line>
    <line>
      <![CDATA[<br> <b>Please look to the screenshot - </b>]]>
    </line>
    <line>
      <![CDATA[<br> <b>Please look to the screenshot - </b>]]>
    </line>
    <line>
      <![CDATA[<br> <b>Please look to the screenshot - </b>]]>
    </line>
    <line>
      <![CDATA[<br> <b>Please look to the screenshot - </b>]]>
    </line>
    <line>
      <![CDATA[<br> <b>Please look to the screenshot - </b>]]>
    </line>
    <line>
      <![CDATA[<br> <b>Please look to the screenshot - </b>]]>
    </line>
    <line>
      <![CDATA[<br> <b>Please look to the screenshot - </b>]]>
    </line>
    <line>
      <![CDATA[<br> <b>Please look to the screenshot - </b>]]>
    </line>
    <line>
      <![CDATA[<br> <b>Please look to the screenshot - </b>]]>
    </line>
    <line>
      <![CDATA[<br> <b>Please look to the screenshot - </b>]]>
    </line>
    <line>
      <![CDATA[<br> <b>Please look to the screenshot - </b>]]>
    </line>
    <line>
      <![CDATA[<br> <b>Please look to the screenshot - </b>]]>
    </line>
    <line>
      <![CDATA[<br> <b>Please look to the screenshot - </b>]]>
    </line>
    <line>
      <![CDATA[<br> <b>Please look to the screenshot - </b>]]>
    </line>
    <line>
      <![CDATA[<br> <b>Please look to the screenshot - </b>]]>
    </line>
    <line>
      <![CDATA[<br> <b>Please look to the screenshot - </b>]]>
    </line>
    <line>
      <![CDATA[<br> <b>Please look to the screenshot - </b>]]>
    </line>
    <line>
      <![CDATA[<br> <b>Please look to the screenshot - </b>]]>
    </line>
    <line>
      <![CDATA[<br> <b>Please look to the screenshot - </b>]]>
    </line>
    <line>
      <![CDATA[<br> <b>Please look to the screenshot - </b>]]>
    </line>
    <line>
      <![CDATA[<br> <b>Please look to the screenshot - </b>]]>
    </line>
    <line>
      <![CDATA[<br> <b>Please look to the screenshot - </b>]]>
    </line>
    <line>
      <![CDATA[<br> <b>Please look to the screenshot - </b>]]>
    </line>
    <line>
      <![CDATA[<br> <b>Please look to the screenshot - </b>]]>
    </line>
    <line>
      <![CDATA[<br> <b>Please look to the screenshot - </b>]]>
    </line>
    <line>
      <![CDATA[<br> <b>Please look to the screenshot - </b>]]>
    </line>
    <line>
      <![CDATA[<br> <b>Please look to the screenshot - </b>]]>
    </line>
    <line>
      <![CDATA[<br> <b>Please look to the screenshot - </b>]]>
    </line>
    <line>
      <![CDATA[<br> <b>Please look to the screenshot - </b>]]>
    </line>
    <line>
      <![CDATA[<br> <b>Please look to the screenshot - </b>]]>
    </line>
    <line>
      <![CDATA[<br> <b>Please look to the screenshot - </b>]]>
    </line>
    <line>
      <![CDATA[<br> <b>Please look to the screenshot - </b>]]>
    </line>
    <line>
      <![CDATA[<br> <b>Please look to the screenshot - </b>]]>
    </line>
    <line>
      <![CDATA[<br> <b>Please look to the screenshot - </b>]]>
    </line>
    <line>
      <![CDATA[<br> <b>Please look to the screenshot - </b>]]>
    </line>
    <line>
      <![CDATA[<br> <b>Please look to the screenshot - </b>]]>
    </line>
    <line>
      <![CDATA[<br> <b>Please look to the screenshot - </b>]]>
    </line>
    <line>
      <![CDATA[<br> <b>Please look to the screenshot - </b>]]>
    </line>
    <line>
      <![CDATA[<br> <b>Please look to the screenshot - </b>]]>
    </line>
    <line>
      <![CDATA[<br> <b>Please look to the screenshot - </b>]]>
    </line>
    <line>
      <![CDATA[<br> <b>Please look to the screenshot - </b>]]>
    </line>
    <line>
      <![CDATA[<br> <b>Please look to the screenshot - </b>]]>
    </line>
    <line>
      <![CDATA[<br> <b>Please look to the screenshot - </b>]]>
    </line>
    <line>
      <![CDATA[<br> <b>Please look to the screenshot - </b>]]>
    </line>
    <line>
      <![CDATA[<br> <b>Please look to the screenshot - </b>]]>
    </line>
    <line>
      <![CDATA[<br> <b>Please look to the screenshot - </b>]]>
    </line>
    <line>
      <![CDATA[<br> <b>Please look to the screenshot - </b>]]>
    </line>
    <line>
      <![CDATA[<br> <b>Please look to the screenshot - </b>]]>
    </line>
    <line>
      <![CDATA[<br> <b>Please look to the screenshot - </b>]]>
    </line>
    <line>
      <![CDATA[<br> <b>Please look to the screenshot - </b>]]>
    </line>
    <line>
      <![CDATA[<br> <b>Please look to the screenshot - </b>]]>
    </line>
    <line>
      <![CDATA[<br> <b>Please look to the screenshot - </b>]]>
    </line>
    <line>
      <![CDATA[<br> <b>Please look to the screenshot - </b>]]>
    </line>
    <line>
      <![CDATA[<br> <b>Please look to the screenshot - </b>]]>
    </line>
    <line>
      <![CDATA[<br> <b>Please look to the screenshot - </b>]]>
    </line>
    <line>
      <![CDATA[<br> <b>Please look to the screenshot - </b>]]>
    </line>
    <line>
      <![CDATA[<br> <b>Please look to the screenshot - </b>]]>
    </line>
    <line>
      <![CDATA[<br> <b>Please look to the screenshot - </b>]]>
    </line>
    <line>
      <![CDATA[<br> <b>Please look to the screenshot - </b>]]>
    </line>
    <line>
      <![CDATA[<br> <b>Please look to the screenshot - </b>]]>
    </line>
    <line>
      <![CDATA[<br> <b>Please look to the screenshot - </b>]]>
    </line>
    <line>
      <![CDATA[<br> <b>Please look to the screenshot - </b>]]>
    </line>
    <line>
      <![CDATA[<br> <b>Please look to the screenshot - </b>]]>
    </line>
    <line>
      <![CDATA[<br> <b>Please look to the screenshot - </b>]]>
    </line>
    <line>
      <![CDATA[<br> <b>Please look to the screenshot - </b>]]>
    </line>
    <line>
      <![CDATA[<br> <b>Please look to the screenshot - </b>]]>
    </line>
    <line>
      <![CDATA[<br> <b>Please look to the screenshot - </b>]]>
    </line>
    <line>
      <![CDATA[<br> <b>Please look to the screenshot - </b>]]>
    </line>
    <line>
      <![CDATA[<br> <b>Please look to the screenshot - </b>]]>
    </line>
    <line>
      <![CDATA[<br> <b>Please look to the screenshot - </b>]]>
    </line>
    <line>
      <![CDATA[<br> <b>Please look to the screenshot - </b>]]>
    </line>
    <line>
      <![CDATA[<br> <b>Please look to the screenshot - </b>]]>
    </line>
    <line>
      <![CDATA[<br> <b>Please look to the screenshot - </b>]]>
    </line>
    <line>
      <![CDATA[<br> <b>Please look to the screenshot - </b>]]>
    </line>
    <line>
      <![CDATA[<br> <b>Please look to the screenshot - </b>]]>
    </line>
    <line>
      <![CDATA[<br> <b>Please look to the screenshot - </b>]]>
    </line>
    <line>
      <![CDATA[<br> <b>Please look to the screenshot - </b>]]>
    </line>
    <line>
      <![CDATA[<br> <b>Please look to the screenshot - </b>]]>
    </line>
    <line>
      <![CDATA[<br> <b>Please look to the screenshot - </b>]]>
    </line>
    <line>
      <![CDATA[<br> <b>Please look to the screenshot - </b>]]>
    </line>
    <line>
      <![CDATA[<br> <b>Please look to the screenshot - </b>]]>
    </line>
    <line>
      <![CDATA[<br> <b>Please look to the screenshot - </b>]]>
    </line>
    <line>
      <![CDATA[<br> <b>Please look to the screenshot - </b>]]>
    </line>
    <line>
      <![CDATA[<br> <b>Please look to the screenshot - </b>]]>
    </line>
  </reporter-output>
  <suite name="suite" duration-ms="1862670" started-at="2014-09-09T15:29:40Z" finished-at="2014-09-09T16:00:42Z">
    <groups>
    </groups>
    <test name="Create_New_Account" duration-ms="1860610" started-at="2014-09-09T15:29:40Z" finished-at="2014-09-09T16:00:40Z">
      <class name="com.linkedin.cases.CreateNewAccount">
        <test-method status="PASS" signature="fetchSuiteConfiguration(org.testng.ITestContext)[pri:0, instance:com.linkedin.cases.CreateNewAccount@b7ec3a]" name="fetchSuiteConfiguration" is-config="true" duration-ms="15" started-at="2014-09-09T20:59:40Z" finished-at="2014-09-09T20:59:40Z">
          <params>
            <param index="0">
              <value>
                <![CDATA[org.testng.TestRunner@9b0a66]]>
              </value>
            </param>
          </params>
          <reporter-output>
          </reporter-output>
        </test-method> <!-- fetchSuiteConfiguration -->
        <test-method status="PASS" signature="setUp(java.lang.reflect.Method)[pri:0, instance:com.linkedin.cases.CreateNewAccount@b7ec3a]" name="setUp" is-config="true" duration-ms="12784" started-at="2014-09-09T20:59:40Z" finished-at="2014-09-09T20:59:52Z">
          <params>
            <param index="0">
              <value>
                <![CDATA[public void com.linkedin.cases.CreateNewAccount.click_joinnow_button()]]>
              </value>
            </param>
          </params>
          <reporter-output>
          </reporter-output>
        </test-method> <!-- setUp -->
        <test-method status="PASS" signature="click_joinnow_button()[pri:0, instance:com.linkedin.cases.CreateNewAccount@b7ec3a]" name="click_joinnow_button" duration-ms="9165" started-at="2014-09-09T20:59:52Z" finished-at="2014-09-09T21:00:02Z">
          <reporter-output>
            <line>
              <![CDATA[<h4><strong><em>----- TESTCASE_005 :To verify that "Join Now" button is clickable -----</em></strong></h4>]]>
            </line>
            <line>
              <![CDATA[<h3>  Step 1 : Open URL (http://www.linkedin.com)  </h3><br>]]>
            </line>
            <line>
              <![CDATA[Opening URL <br>]]>
            </line>
            <line>
              <![CDATA[Page open succesfully]]>
            </line>
            <line>
              <![CDATA[<h3>  Step 2 : Click on "Join Now " button on registration page  </h3><br>]]>
            </line>
            <line>
              <![CDATA[ Button click successfully <p style=color:green><strong><em>PASSED</p></h3>]]>
            </line>
            <line>
              <![CDATA[Case successfully PASSED <hr>]]>
            </line>
          </reporter-output>
        </test-method> <!-- click_joinnow_button -->
        <test-method status="PASS" signature="tearDown(org.testng.ITestResult)[pri:0, instance:com.linkedin.cases.CreateNewAccount@b7ec3a]" name="tearDown" is-config="true" duration-ms="2229" started-at="2014-09-09T21:00:02Z" finished-at="2014-09-09T21:00:04Z">
          <params>
            <param index="0">
              <value>
                <![CDATA[[TestResult name=click_joinnow_button status=SUCCESS method=CreateNewAccount.click_joinnow_button()[pri:0, instance:com.linkedin.cases.CreateNewAccount@b7ec3a] output=<h4><strong><em>----- TESTCASE_005 :To verify that "Join Now" button is clickable -----</em></strong></h4>]]]>
              </value>
            </param>
          </params>
          <reporter-output>
          </reporter-output>
        </test-method> <!-- tearDown -->
        <test-method status="PASS" signature="setUp(java.lang.reflect.Method)[pri:0, instance:com.linkedin.cases.CreateNewAccount@b7ec3a]" name="setUp" is-config="true" duration-ms="15462" started-at="2014-09-09T21:00:04Z" finished-at="2014-09-09T21:00:19Z">
          <params>
            <param index="0">
              <value>
                <![CDATA[public void com.linkedin.cases.CreateNewAccount.cookiepolicy_link()]]>
              </value>
            </param>
          </params>
          <reporter-output>
          </reporter-output>
        </test-method> <!-- setUp -->
        <test-method status="PASS" signature="cookiepolicy_link()[pri:0, instance:com.linkedin.cases.CreateNewAccount@b7ec3a]" name="cookiepolicy_link" duration-ms="16031" started-at="2014-09-09T21:00:19Z" finished-at="2014-09-09T21:00:35Z">
          <reporter-output>
            <line>
              <![CDATA[<h4><strong><em>----- TESTCASE_45 : To verify that Cookie Policy link is working properly -----</em></strong></h4>]]>
            </line>
            <line>
              <![CDATA[<h3> Step 1 : Open URL (http://www.linkedin.com)  </h3><br>]]>
            </line>
            <line>
              <![CDATA[Opening URL <br>]]>
            </line>
            <line>
              <![CDATA[Page open succesfully]]>
            </line>
            <line>
              <![CDATA[<h3> Step 2 : Click on " Cookie Policy " Link </h3><br>]]>
            </line>
            <line>
              <![CDATA[<font color=#FF0000>--Failed</font>]]>
            </line>
            <line>
              <![CDATA[Case successfully PASSED <hr>]]>
            </line>
          </reporter-output>
        </test-method> <!-- cookiepolicy_link -->
        <test-method status="PASS" signature="tearDown(org.testng.ITestResult)[pri:0, instance:com.linkedin.cases.CreateNewAccount@b7ec3a]" name="tearDown" is-config="true" duration-ms="1075" started-at="2014-09-09T21:00:35Z" finished-at="2014-09-09T21:00:36Z">
          <params>
            <param index="0">
              <value>
                <![CDATA[[TestResult name=cookiepolicy_link status=SUCCESS method=CreateNewAccount.cookiepolicy_link()[pri:0, instance:com.linkedin.cases.CreateNewAccount@b7ec3a] output=<h4><strong><em>----- TESTCASE_45 : To verify that Cookie Policy link is working properly -----</em></strong></h4>]]]>
              </value>
            </param>
          </params>
          <reporter-output>
          </reporter-output>
        </test-method> <!-- tearDown -->
        <test-method status="PASS" signature="setUp(java.lang.reflect.Method)[pri:0, instance:com.linkedin.cases.CreateNewAccount@b7ec3a]" name="setUp" is-config="true" duration-ms="13032" started-at="2014-09-09T21:00:36Z" finished-at="2014-09-09T21:00:49Z">
          <params>
            <param index="0">
              <value>
                <![CDATA[public void com.linkedin.cases.CreateNewAccount.invalidFirstname(java.lang.String,int)]]>
              </value>
            </param>
          </params>
          <reporter-output>
          </reporter-output>
        </test-method> <!-- setUp -->
        <test-method status="PASS" signature="invalidFirstname(java.lang.String, int)[pri:0, instance:com.linkedin.cases.CreateNewAccount@b7ec3a]" name="invalidFirstname" duration-ms="35493" started-at="2014-09-09T21:00:49Z" data-provider="invalidnames" finished-at="2014-09-09T21:01:25Z">
          <params>
            <param index="0">
              <value>
                <![CDATA[]]>
              </value>
            </param>
            <param index="1">
              <value>
                <![CDATA[7]]>
              </value>
            </param>
          </params>
          <reporter-output>
            <line>
              <![CDATA[<h4><strong><em>----- TESTCASE_7 : To verify that First Name field should have only characters. -----</em></strong></h4>]]>
            </line>
            <line>
              <![CDATA[<h3>  Step 1 : Open URL (http://www.linkedin.com)  </h3><br>]]>
            </line>
            <line>
              <![CDATA[Opening URL <br>]]>
            </line>
            <line>
              <![CDATA[Page open succesfully]]>
            </line>
            <line>
              <![CDATA[<h3>  Step 2 : Enter First Name  </h3><br>]]>
            </line>
            <line>
              <![CDATA[Enter First Name: <strong><em>]]>
            </line>
            <line>
              <![CDATA[<h3>  Step 3 : Enter Last Name  </h3><br>]]>
            </line>
            <line>
              <![CDATA[Enter Last Name:<strong><em> cfkwz]]>
            </line>
            <line>
              <![CDATA[<h3>  Step 4 : Enter Emailid  </h3><br>]]>
            </line>
            <line>
              <![CDATA[Enter emailid: <strong><em>dctwrte@mailinator.com]]>
            </line>
            <line>
              <![CDATA[<h3>  Step 5 : Enter Password  </h3><br>]]>
            </line>
            <line>
              <![CDATA[Enter Password: <strong><em>irgpigrar]]>
            </line>
            <line>
              <![CDATA[<h3>  Step 6 : Click "Join Now" button  </h3><br>]]>
            </line>
            <line>
              <![CDATA[ User see validation message <p style=color:green><strong><em>PASSED</p></h3>]]>
            </line>
            <line>
              <![CDATA[Case successfully PASSED <hr>]]>
            </line>
          </reporter-output>
        </test-method> <!-- invalidFirstname -->
        <test-method status="PASS" signature="tearDown(org.testng.ITestResult)[pri:0, instance:com.linkedin.cases.CreateNewAccount@b7ec3a]" name="tearDown" is-config="true" duration-ms="1035" started-at="2014-09-09T21:01:25Z" finished-at="2014-09-09T21:01:26Z">
          <params>
            <param index="0">
              <value>
                <![CDATA[[TestResult name=invalidFirstname status=SUCCESS method=CreateNewAccount.invalidFirstname(java.lang.String, int)[pri:0, instance:com.linkedin.cases.CreateNewAccount@b7ec3a] output=<h4><strong><em>----- TESTCASE_7 : To verify that First Name field should have only characters. -----</em></strong></h4>]]]>
              </value>
            </param>
          </params>
          <reporter-output>
          </reporter-output>
        </test-method> <!-- tearDown -->
        <test-method status="PASS" signature="setUp(java.lang.reflect.Method)[pri:0, instance:com.linkedin.cases.CreateNewAccount@b7ec3a]" name="setUp" is-config="true" duration-ms="13554" started-at="2014-09-09T21:01:26Z" finished-at="2014-09-09T21:01:40Z">
          <params>
            <param index="0">
              <value>
                <![CDATA[public void com.linkedin.cases.CreateNewAccount.invalidFirstname(java.lang.String,int)]]>
              </value>
            </param>
          </params>
          <reporter-output>
          </reporter-output>
        </test-method> <!-- setUp -->
        <test-method status="PASS" signature="invalidFirstname(java.lang.String, int)[pri:0, instance:com.linkedin.cases.CreateNewAccount@b7ec3a]" name="invalidFirstname" duration-ms="42070" started-at="2014-09-09T21:01:40Z" data-provider="invalidnames" finished-at="2014-09-09T21:02:22Z">
          <params>
            <param index="0">
              <value>
                <![CDATA[ Rahul]]>
              </value>
            </param>
            <param index="1">
              <value>
                <![CDATA[8]]>
              </value>
            </param>
          </params>
          <reporter-output>
            <line>
              <![CDATA[<h4><strong><em>----- TESTCASE_8 : To verify that First Name field should have only characters. -----</em></strong></h4>]]>
            </line>
            <line>
              <![CDATA[<h3>  Step 1 : Open URL (http://www.linkedin.com)  </h3><br>]]>
            </line>
            <line>
              <![CDATA[Opening URL <br>]]>
            </line>
            <line>
              <![CDATA[Page open succesfully]]>
            </line>
            <line>
              <![CDATA[<h3>  Step 2 : Enter First Name  </h3><br>]]>
            </line>
            <line>
              <![CDATA[Enter First Name: <strong><em> Rahul]]>
            </line>
            <line>
              <![CDATA[<h3>  Step 3 : Enter Last Name  </h3><br>]]>
            </line>
            <line>
              <![CDATA[Enter Last Name:<strong><em> ljyvr]]>
            </line>
            <line>
              <![CDATA[<h3>  Step 4 : Enter Emailid  </h3><br>]]>
            </line>
            <line>
              <![CDATA[Enter emailid: <strong><em>vhpjblf@mailinator.com]]>
            </line>
            <line>
              <![CDATA[<h3>  Step 5 : Enter Password  </h3><br>]]>
            </line>
            <line>
              <![CDATA[Enter Password: <strong><em>zxgrfkgrw]]>
            </line>
            <line>
              <![CDATA[<h3>  Step 6 : Click "Join Now" button  </h3><br>]]>
            </line>
            <line>
              <![CDATA[ User can't see any validation message <p style=color:red><strong><em>FAILED</p></h3>]]>
            </line>
            <line>
              <![CDATA[Case successfully PASSED <hr>]]>
            </line>
          </reporter-output>
        </test-method> <!-- invalidFirstname -->
        <test-method status="PASS" signature="tearDown(org.testng.ITestResult)[pri:0, instance:com.linkedin.cases.CreateNewAccount@b7ec3a]" name="tearDown" is-config="true" duration-ms="1380" started-at="2014-09-09T21:02:22Z" finished-at="2014-09-09T21:02:23Z">
          <params>
            <param index="0">
              <value>
                <![CDATA[[TestResult name=invalidFirstname status=SUCCESS method=CreateNewAccount.invalidFirstname(java.lang.String, int)[pri:0, instance:com.linkedin.cases.CreateNewAccount@b7ec3a] output=<h4><strong><em>----- TESTCASE_8 : To verify that First Name field should have only characters. -----</em></strong></h4>]]]>
              </value>
            </param>
          </params>
          <reporter-output>
          </reporter-output>
        </test-method> <!-- tearDown -->
        <test-method status="PASS" signature="setUp(java.lang.reflect.Method)[pri:0, instance:com.linkedin.cases.CreateNewAccount@b7ec3a]" name="setUp" is-config="true" duration-ms="14173" started-at="2014-09-09T21:02:23Z" finished-at="2014-09-09T21:02:37Z">
          <params>
            <param index="0">
              <value>
                <![CDATA[public void com.linkedin.cases.CreateNewAccount.invalidFirstname(java.lang.String,int)]]>
              </value>
            </param>
          </params>
          <reporter-output>
          </reporter-output>
        </test-method> <!-- setUp -->
        <test-method status="PASS" signature="invalidFirstname(java.lang.String, int)[pri:0, instance:com.linkedin.cases.CreateNewAccount@b7ec3a]" name="invalidFirstname" duration-ms="41017" started-at="2014-09-09T21:02:37Z" data-provider="invalidnames" finished-at="2014-09-09T21:03:18Z">
          <params>
            <param index="0">
              <value>
                <![CDATA[R@hu!_]]>
              </value>
            </param>
            <param index="1">
              <value>
                <![CDATA[9]]>
              </value>
            </param>
          </params>
          <reporter-output>
            <line>
              <![CDATA[<h4><strong><em>----- TESTCASE_9 : To verify that First Name field should have only characters. -----</em></strong></h4>]]>
            </line>
            <line>
              <![CDATA[<h3>  Step 1 : Open URL (http://www.linkedin.com)  </h3><br>]]>
            </line>
            <line>
              <![CDATA[Opening URL <br>]]>
            </line>
            <line>
              <![CDATA[Page open succesfully]]>
            </line>
            <line>
              <![CDATA[<h3>  Step 2 : Enter First Name  </h3><br>]]>
            </line>
            <line>
              <![CDATA[Enter First Name: <strong><em>R@hu!_]]>
            </line>
            <line>
              <![CDATA[<h3>  Step 3 : Enter Last Name  </h3><br>]]>
            </line>
            <line>
              <![CDATA[Enter Last Name:<strong><em> jilfq]]>
            </line>
            <line>
              <![CDATA[<h3>  Step 4 : Enter Emailid  </h3><br>]]>
            </line>
            <line>
              <![CDATA[Enter emailid: <strong><em>fuygstz@mailinator.com]]>
            </line>
            <line>
              <![CDATA[<h3>  Step 5 : Enter Password  </h3><br>]]>
            </line>
            <line>
              <![CDATA[Enter Password: <strong><em>cblctpxdr]]>
            </line>
            <line>
              <![CDATA[<h3>  Step 6 : Click "Join Now" button  </h3><br>]]>
            </line>
            <line>
              <![CDATA[ User can't see any validation message <p style=color:red><strong><em>FAILED</p></h3>]]>
            </line>
            <line>
              <![CDATA[Case successfully PASSED <hr>]]>
            </line>
          </reporter-output>
        </test-method> <!-- invalidFirstname -->
        <test-method status="PASS" signature="tearDown(org.testng.ITestResult)[pri:0, instance:com.linkedin.cases.CreateNewAccount@b7ec3a]" name="tearDown" is-config="true" duration-ms="1744" started-at="2014-09-09T21:03:18Z" finished-at="2014-09-09T21:03:20Z">
          <params>
            <param index="0">
              <value>
                <![CDATA[[TestResult name=invalidFirstname status=SUCCESS method=CreateNewAccount.invalidFirstname(java.lang.String, int)[pri:0, instance:com.linkedin.cases.CreateNewAccount@b7ec3a] output=<h4><strong><em>----- TESTCASE_9 : To verify that First Name field should have only characters. -----</em></strong></h4>]]]>
              </value>
            </param>
          </params>
          <reporter-output>
          </reporter-output>
        </test-method> <!-- tearDown -->
        <test-method status="PASS" signature="setUp(java.lang.reflect.Method)[pri:0, instance:com.linkedin.cases.CreateNewAccount@b7ec3a]" name="setUp" is-config="true" duration-ms="11368" started-at="2014-09-09T21:03:20Z" finished-at="2014-09-09T21:03:31Z">
          <params>
            <param index="0">
              <value>
                <![CDATA[public void com.linkedin.cases.CreateNewAccount.invalidFirstname(java.lang.String,int)]]>
              </value>
            </param>
          </params>
          <reporter-output>
          </reporter-output>
        </test-method> <!-- setUp -->
        <test-method status="PASS" signature="invalidFirstname(java.lang.String, int)[pri:0, instance:com.linkedin.cases.CreateNewAccount@b7ec3a]" name="invalidFirstname" duration-ms="41511" started-at="2014-09-09T21:03:31Z" data-provider="invalidnames" finished-at="2014-09-09T21:04:13Z">
          <params>
            <param index="0">
              <value>
                <![CDATA[Rah Ul]]>
              </value>
            </param>
            <param index="1">
              <value>
                <![CDATA[10]]>
              </value>
            </param>
          </params>
          <reporter-output>
            <line>
              <![CDATA[<h4><strong><em>----- TESTCASE_10 : To verify that First Name field should have only characters. -----</em></strong></h4>]]>
            </line>
            <line>
              <![CDATA[<h3>  Step 1 : Open URL (http://www.linkedin.com)  </h3><br>]]>
            </line>
            <line>
              <![CDATA[Opening URL <br>]]>
            </line>
            <line>
              <![CDATA[Page open succesfully]]>
            </line>
            <line>
              <![CDATA[<h3>  Step 2 : Enter First Name  </h3><br>]]>
            </line>
            <line>
              <![CDATA[Enter First Name: <strong><em>Rah Ul]]>
            </line>
            <line>
              <![CDATA[<h3>  Step 3 : Enter Last Name  </h3><br>]]>
            </line>
            <line>
              <![CDATA[Enter Last Name:<strong><em> asnqx]]>
            </line>
            <line>
              <![CDATA[<h3>  Step 4 : Enter Emailid  </h3><br>]]>
            </line>
            <line>
              <![CDATA[Enter emailid: <strong><em>gqubbei@mailinator.com]]>
            </line>
            <line>
              <![CDATA[<h3>  Step 5 : Enter Password  </h3><br>]]>
            </line>
            <line>
              <![CDATA[Enter Password: <strong><em>zgikofrir]]>
            </line>
            <line>
              <![CDATA[<h3>  Step 6 : Click "Join Now" button  </h3><br>]]>
            </line>
            <line>
              <![CDATA[ User can't see any validation message <p style=color:red><strong><em>FAILED</p></h3>]]>
            </line>
            <line>
              <![CDATA[Case successfully PASSED <hr>]]>
            </line>
          </reporter-output>
        </test-method> <!-- invalidFirstname -->
        <test-method status="PASS" signature="tearDown(org.testng.ITestResult)[pri:0, instance:com.linkedin.cases.CreateNewAccount@b7ec3a]" name="tearDown" is-config="true" duration-ms="1195" started-at="2014-09-09T21:04:13Z" finished-at="2014-09-09T21:04:14Z">
          <params>
            <param index="0">
              <value>
                <![CDATA[[TestResult name=invalidFirstname status=SUCCESS method=CreateNewAccount.invalidFirstname(java.lang.String, int)[pri:0, instance:com.linkedin.cases.CreateNewAccount@b7ec3a] output=<h4><strong><em>----- TESTCASE_10 : To verify that First Name field should have only characters. -----</em></strong></h4>]]]>
              </value>
            </param>
          </params>
          <reporter-output>
          </reporter-output>
        </test-method> <!-- tearDown -->
        <test-method status="PASS" signature="setUp(java.lang.reflect.Method)[pri:0, instance:com.linkedin.cases.CreateNewAccount@b7ec3a]" name="setUp" is-config="true" duration-ms="12122" started-at="2014-09-09T21:04:14Z" finished-at="2014-09-09T21:04:26Z">
          <params>
            <param index="0">
              <value>
[...]
Driver info: driver.version: RemoteWebDriver
	at org.openqa.selenium.remote.RemoteWebDriver.execute(RemoteWebDriver.java:593)
	at org.openqa.selenium.remote.RemoteWebDriver.startSession(RemoteWebDriver.java:240)
	at org.openqa.selenium.remote.RemoteWebDriver.<init>(RemoteWebDriver.java:126)
	at org.openqa.selenium.remote.RemoteWebDriver.<init>(RemoteWebDriver.java:153)
	at com.linkedin.init.SeleniumInit.setUp(SeleniumInit.java:261)
	at sun.reflect.GeneratedMethodAccessor18.invoke(Unknown Source)
	at sun.reflect.DelegatingMethodAccessorImpl.invoke(Unknown Source)
	at java.lang.reflect.Method.invoke(Unknown Source)
	at org.testng.internal.MethodInvocationHelper.invokeMethod(MethodInvocationHelper.java:84)
	at org.testng.internal.Invoker.invokeConfigurationMethod(Invoker.java:564)
	at org.testng.internal.Invoker.invokeConfigurations(Invoker.java:213)
	at org.testng.internal.Invoker.invokeMethod(Invoker.java:653)
	at org.testng.internal.Invoker.invokeTestMethod(Invoker.java:901)
	at org.testng.internal.Invoker.invokeTestMethods(Invoker.java:1231)
	at org.testng.internal.TestMethodWorker.invokeTestMethods(TestMethodWorker.java:127)
	at org.testng.internal.TestMethodWorker.run(TestMethodWorker.java:111)
	at org.testng.TestRunner.privateRun(TestRunner.java:767)
	at org.testng.TestRunner.run(TestRunner.java:617)
	at org.testng.SuiteRunner.runTest(SuiteRunner.java:334)
	at org.testng.SuiteRunner.runSequentially(SuiteRunner.java:329)
	at org.testng.SuiteRunner.privateRun(SuiteRunner.java:291)
	at org.testng.SuiteRunner.run(SuiteRunner.java:240)
	at org.testng.SuiteRunnerWorker.runSuite(SuiteRunnerWorker.java:52)
	at org.testng.SuiteRunnerWorker.run(SuiteRunnerWorker.java:86)
	at org.testng.TestNG.runSuitesSequentially(TestNG.java:1224)
	at org.testng.TestNG.runSuitesLocally(TestNG.java:1149)
	at org.testng.TestNG.run(TestNG.java:1057)
	at org.testng.remote.RemoteTestNG.run(RemoteTestNG.java:111)
	at org.testng.remote.RemoteTestNG.initAndRun(RemoteTestNG.java:204)
	at org.testng.remote.RemoteTestNG.main(RemoteTestNG.java:175)
Caused by: java.net.UnknownHostException: ondemand.saucelabs.com
	at java.net.InetAddress.getAllByName0(Unknown Source)
	at java.net.InetAddress.getAllByName(Unknown Source)
	at java.net.InetAddress.getAllByName(Unknown Source)
	at org.apache.http.impl.conn.SystemDefaultDnsResolver.resolve(SystemDefaultDnsResolver.java:44)
	at org.apache.http.impl.conn.HttpClientConnectionOperator.connect(HttpClientConnectionOperator.java:102)
	at org.apache.http.impl.conn.PoolingHttpClientConnectionManager.connect(PoolingHttpClientConnectionManager.java:314)
	at org.apache.http.impl.execchain.MainClientExec.establishRoute(MainClientExec.java:363)
	at org.apache.http.impl.execchain.MainClientExec.execute(MainClientExec.java:219)
	at org.apache.http.impl.execchain.ProtocolExec.execute(ProtocolExec.java:195)
	at org.apache.http.impl.execchain.RetryExec.execute(RetryExec.java:85)
	at org.apache.http.impl.execchain.RedirectExec.execute(RedirectExec.java:108)
	at org.apache.http.impl.client.InternalHttpClient.doExecute(InternalHttpClient.java:186)
	at org.apache.http.impl.client.CloseableHttpClient.execute(CloseableHttpClient.java:72)
	at org.apache.http.impl.client.CloseableHttpClient.execute(CloseableHttpClient.java:57)
	at org.openqa.selenium.remote.HttpCommandExecutor.fallBackExecute(HttpCommandExecutor.java:204)
	at org.openqa.selenium.remote.HttpCommandExecutor.execute(HttpCommandExecutor.java:173)
	at org.openqa.selenium.remote.RemoteWebDriver.execute(RemoteWebDriver.java:572)
	... 29 more
]]>
            </full-stacktrace>
          </exception> <!-- org.openqa.selenium.remote.UnreachableBrowserException -->
          <reporter-output>
          </reporter-output>
        </test-method> <!-- setUp -->
        <test-method status="PASS" signature="tearDown(org.testng.ITestResult)[pri:0, instance:com.linkedin.cases.CreateNewAccount@1be9f72]" name="tearDown" is-config="true" duration-ms="1" started-at="2014-09-09T21:30:42Z" finished-at="2014-09-09T21:30:42Z">
          <params>
            <param index="0">
              <value>
                <![CDATA[[TestResult name=useragreement_link status=SKIP method=CreateNewAccount.useragreement_link()[pri:0, instance:com.linkedin.cases.CreateNewAccount@1be9f72] output=<br> <b>Please look to the screenshot - </b>]]]>
              </value>
            </param>
          </params>
          <reporter-output>
          </reporter-output>
        </test-method> <!-- tearDown -->
        <test-method status="SKIP" signature="useragreement_link()[pri:0, instance:com.linkedin.cases.CreateNewAccount@1be9f72]" name="useragreement_link" duration-ms="0" started-at="2014-09-09T21:30:42Z" finished-at="2014-09-09T21:30:42Z">
          <reporter-output>
            <line>
              <![CDATA[<br> <b>Please look to the screenshot - </b>]]>
            </line>
          </reporter-output>
        </test-method> <!-- useragreement_link -->
      </class> <!-- com.linkedin.cases.CreateNewAccount -->
    </test> <!-- User_Agreement_Link -->
    <test name="Privacy_Policy_Link" duration-ms="28" started-at="2014-09-09T16:00:42Z" finished-at="2014-09-09T16:00:42Z">
      <class name="com.linkedin.cases.CreateNewAccount">
        <test-method status="PASS" signature="fetchSuiteConfiguration(org.testng.ITestContext)[pri:0, instance:com.linkedin.cases.CreateNewAccount@139358c]" name="fetchSuiteConfiguration" is-config="true" duration-ms="0" started-at="2014-09-09T21:30:42Z" finished-at="2014-09-09T21:30:42Z">
          <params>
            <param index="0">
              <value>
                <![CDATA[org.testng.TestRunner@19e86f9]]>
              </value>
            </param>
          </params>
          <reporter-output>
          </reporter-output>
        </test-method> <!-- fetchSuiteConfiguration -->
        <test-method status="FAIL" signature="setUp(java.lang.reflect.Method)[pri:0, instance:com.linkedin.cases.CreateNewAccount@139358c]" name="setUp" is-config="true" duration-ms="0" started-at="2014-09-09T21:30:42Z" finished-at="2014-09-09T21:30:42Z">
          <params>
            <param index="0">
              <value>
                <![CDATA[public void com.linkedin.cases.CreateNewAccount.privacypolicy_link()]]>
              </value>
            </param>
          </params>
          <exception class="org.openqa.selenium.remote.UnreachableBrowserException">
            <message>
              <![CDATA[Could not start a new session. Possible causes are invalid address of the remote server or browser start-up failure.
Build info: version: '2.42.2', revision: '6a6995d', time: '2014-06-03 17:42:03'
System info: host: 'Rahul_P', ip: '127.0.0.1', os.name: 'Windows 8.1', os.arch: 'x86', os.version: '6.3', java.version: '1.7.0_55'
Driver info: driver.version: RemoteWebDriver]]>
            </message>
            <full-stacktrace>
              <![CDATA[org.openqa.selenium.remote.UnreachableBrowserException: Could not start a new session. Possible causes are invalid address of the remote server or browser start-up failure.
Build info: version: '2.42.2', revision: '6a6995d', time: '2014-06-03 17:42:03'
System info: host: 'Rahul_P', ip: '127.0.0.1', os.name: 'Windows 8.1', os.arch: 'x86', os.version: '6.3', java.version: '1.7.0_55'
Driver info: driver.version: RemoteWebDriver
	at org.openqa.selenium.remote.RemoteWebDriver.execute(RemoteWebDriver.java:593)
	at org.openqa.selenium.remote.RemoteWebDriver.startSession(RemoteWebDriver.java:240)
	at org.openqa.selenium.remote.RemoteWebDriver.<init>(RemoteWebDriver.java:126)
	at org.openqa.selenium.remote.RemoteWebDriver.<init>(RemoteWebDriver.java:153)
	at com.linkedin.init.SeleniumInit.setUp(SeleniumInit.java:261)
	at sun.reflect.GeneratedMethodAccessor18.invoke(Unknown Source)
	at sun.reflect.DelegatingMethodAccessorImpl.invoke(Unknown Source)
	at java.lang.reflect.Method.invoke(Unknown Source)
	at org.testng.internal.MethodInvocationHelper.invokeMethod(MethodInvocationHelper.java:84)
	at org.testng.internal.Invoker.invokeConfigurationMethod(Invoker.java:564)
	at org.testng.internal.Invoker.invokeConfigurations(Invoker.java:213)
	at org.testng.internal.Invoker.invokeMethod(Invoker.java:653)
	at org.testng.internal.Invoker.invokeTestMethod(Invoker.java:901)
	at org.testng.internal.Invoker.invokeTestMethods(Invoker.java:1231)
	at org.testng.internal.TestMethodWorker.invokeTestMethods(TestMethodWorker.java:127)
	at org.testng.internal.TestMethodWorker.run(TestMethodWorker.java:111)
	at org.testng.TestRunner.privateRun(TestRunner.java:767)
	at org.testng.TestRunner.run(TestRunner.java:617)
	at org.testng.SuiteRunner.runTest(SuiteRunner.java:334)
	at org.testng.SuiteRunner.runSequentially(SuiteRunner.java:329)
	at org.testng.SuiteRunner.privateRun(SuiteRunner.java:291)
	at org.testng.SuiteRunner.run(SuiteRunner.java:240)
	at org.testng.SuiteRunnerWorker.runSuite(SuiteRunnerWorker.java:52)
	at org.testng.SuiteRunnerWorker.run(SuiteRunnerWorker.java:86)
	at org.testng.TestNG.runSuitesSequentially(TestNG.java:1224)
	at org.testng.TestNG.runSuitesLocally(TestNG.java:1149)
	at org.testng.TestNG.run(TestNG.java:1057)
	at org.testng.remote.RemoteTestNG.run(RemoteTestNG.java:111)
	at org.testng.remote.RemoteTestNG.initAndRun(RemoteTestNG.java:204)
	at org.testng.remote.RemoteTestNG.main(RemoteTestNG.java:175)
Caused by: java.net.UnknownHostException: ondemand.saucelabs.com
	at java.net.InetAddress.getAllByName0(Unknown Source)
	at java.net.InetAddress.getAllByName(Unknown Source)
	at java.net.InetAddress.getAllByName(Unknown Source)
	at org.apache.http.impl.conn.SystemDefaultDnsResolver.resolve(SystemDefaultDnsResolver.java:44)
	at org.apache.http.impl.conn.HttpClientConnectionOperator.connect(HttpClientConnectionOperator.java:102)
	at org.apache.http.impl.conn.PoolingHttpClientConnectionManager.connect(PoolingHttpClientConnectionManager.java:314)
	at org.apache.http.impl.execchain.MainClientExec.establishRoute(MainClientExec.java:363)
	at org.apache.http.impl.execchain.MainClientExec.execute(MainClientExec.java:219)
	at org.apache.http.impl.execchain.ProtocolExec.execute(ProtocolExec.java:195)
	at org.apache.http.impl.execchain.RetryExec.execute(RetryExec.java:85)
	at org.apache.http.impl.execchain.RedirectExec.execute(RedirectExec.java:108)
	at org.apache.http.impl.client.InternalHttpClient.doExecute(InternalHttpClient.java:186)
	at org.apache.http.impl.client.CloseableHttpClient.execute(CloseableHttpClient.java:72)
	at org.apache.http.impl.client.CloseableHttpClient.execute(CloseableHttpClient.java:57)
	at org.openqa.selenium.remote.HttpCommandExecutor.fallBackExecute(HttpCommandExecutor.java:204)
	at org.openqa.selenium.remote.HttpCommandExecutor.execute(HttpCommandExecutor.java:173)
	at org.openqa.selenium.remote.RemoteWebDriver.execute(RemoteWebDriver.java:572)
	... 29 more
]]>
            </full-stacktrace>
          </exception> <!-- org.openqa.selenium.remote.UnreachableBrowserException -->
          <reporter-output>
          </reporter-output>
        </test-method> <!-- setUp -->
        <test-method status="SKIP" signature="privacypolicy_link()[pri:0, instance:com.linkedin.cases.CreateNewAccount@139358c]" name="privacypolicy_link" duration-ms="1" started-at="2014-09-09T21:30:42Z" finished-at="2014-09-09T21:30:42Z">
          <reporter-output>
            <line>
              <![CDATA[<br> <b>Please look to the screenshot - </b>]]>
            </line>
          </reporter-output>
        </test-method> <!-- privacypolicy_link -->
        <test-method status="PASS" signature="tearDown(org.testng.ITestResult)[pri:0, instance:com.linkedin.cases.CreateNewAccount@139358c]" name="tearDown" is-config="true" duration-ms="2" started-at="2014-09-09T21:30:42Z" finished-at="2014-09-09T21:30:42Z">
          <params>
            <param index="0">
              <value>
                <![CDATA[[TestResult name=privacypolicy_link status=SKIP method=CreateNewAccount.privacypolicy_link()[pri:0, instance:com.linkedin.cases.CreateNewAccount@139358c] output=<br> <b>Please look to the screenshot - </b>]]]>
              </value>
            </param>
          </params>
          <reporter-output>
          </reporter-output>
        </test-method> <!-- tearDown -->
      </class> <!-- com.linkedin.cases.CreateNewAccount -->
    </test> <!-- Privacy_Policy_Link -->
    <test name="Cookie_Policy_Link" duration-ms="27" started-at="2014-09-09T16:00:42Z" finished-at="2014-09-09T16:00:42Z">
      <class name="com.linkedin.cases.CreateNewAccount">
        <test-method status="PASS" signature="fetchSuiteConfiguration(org.testng.ITestContext)[pri:0, instance:com.linkedin.cases.CreateNewAccount@283253]" name="fetchSuiteConfiguration" is-config="true" duration-ms="0" started-at="2014-09-09T21:30:42Z" finished-at="2014-09-09T21:30:42Z">
          <params>
            <param index="0">
              <value>
                <![CDATA[org.testng.TestRunner@af7eaf]]>
              </value>
            </param>
          </params>
          <reporter-output>
          </reporter-output>
        </test-method> <!-- fetchSuiteConfiguration -->
        <test-method status="FAIL" signature="setUp(java.lang.reflect.Method)[pri:0, instance:com.linkedin.cases.CreateNewAccount@283253]" name="setUp" is-config="true" duration-ms="0" started-at="2014-09-09T21:30:42Z" finished-at="2014-09-09T21:30:42Z">
          <params>
            <param index="0">
              <value>
                <![CDATA[public void com.linkedin.cases.CreateNewAccount.cookiepolicy_link()]]>
              </value>
            </param>
          </params>
          <exception class="org.openqa.selenium.remote.UnreachableBrowserException">
            <message>
              <![CDATA[Could not start a new session. Possible causes are invalid address of the remote server or browser start-up failure.
Build info: version: '2.42.2', revision: '6a6995d', time: '2014-06-03 17:42:03'
System info: host: 'Rahul_P', ip: '127.0.0.1', os.name: 'Windows 8.1', os.arch: 'x86', os.version: '6.3', java.version: '1.7.0_55'
Driver info: driver.version: RemoteWebDriver]]>
            </message>
            <full-stacktrace>
              <![CDATA[org.openqa.selenium.remote.UnreachableBrowserException: Could not start a new session. Possible causes are invalid address of the remote server or browser start-up failure.
Build info: version: '2.42.2', revision: '6a6995d', time: '2014-06-03 17:42:03'
System info: host: 'Rahul_P', ip: '127.0.0.1', os.name: 'Windows 8.1', os.arch: 'x86', os.version: '6.3', java.version: '1.7.0_55'
Driver info: driver.version: RemoteWebDriver
	at org.openqa.selenium.remote.RemoteWebDriver.execute(RemoteWebDriver.java:593)
	at org.openqa.selenium.remote.RemoteWebDriver.startSession(RemoteWebDriver.java:240)
	at org.openqa.selenium.remote.RemoteWebDriver.<init>(RemoteWebDriver.java:126)
	at org.openqa.selenium.remote.RemoteWebDriver.<init>(RemoteWebDriver.java:153)
	at com.linkedin.init.SeleniumInit.setUp(SeleniumInit.java:261)
	at sun.reflect.GeneratedMethodAccessor18.invoke(Unknown Source)
	at sun.reflect.DelegatingMethodAccessorImpl.invoke(Unknown Source)
	at java.lang.reflect.Method.invoke(Unknown Source)
	at org.testng.internal.MethodInvocationHelper.invokeMethod(MethodInvocationHelper.java:84)
	at org.testng.internal.Invoker.invokeConfigurationMethod(Invoker.java:564)
	at org.testng.internal.Invoker.invokeConfigurations(Invoker.java:213)
	at org.testng.internal.Invoker.invokeMethod(Invoker.java:653)
	at org.testng.internal.Invoker.invokeTestMethod(Invoker.java:901)
	at org.testng.internal.Invoker.invokeTestMethods(Invoker.java:1231)
	at org.testng.internal.TestMethodWorker.invokeTestMethods(TestMethodWorker.java:127)
	at org.testng.internal.TestMethodWorker.run(TestMethodWorker.java:111)
	at org.testng.TestRunner.privateRun(TestRunner.java:767)
	at org.testng.TestRunner.run(TestRunner.java:617)
	at org.testng.SuiteRunner.runTest(SuiteRunner.java:334)
	at org.testng.SuiteRunner.runSequentially(SuiteRunner.java:329)
	at org.testng.SuiteRunner.privateRun(SuiteRunner.java:291)
	at org.testng.SuiteRunner.run(SuiteRunner.java:240)
	at org.testng.SuiteRunnerWorker.runSuite(SuiteRunnerWorker.java:52)
	at org.testng.SuiteRunnerWorker.run(SuiteRunnerWorker.java:86)
	at org.testng.TestNG.runSuitesSequentially(TestNG.java:1224)
	at org.testng.TestNG.runSuitesLocally(TestNG.java:1149)
	at org.testng.TestNG.run(TestNG.java:1057)
	at org.testng.remote.RemoteTestNG.run(RemoteTestNG.java:111)
	at org.testng.remote.RemoteTestNG.initAndRun(RemoteTestNG.java:204)
	at org.testng.remote.RemoteTestNG.main(RemoteTestNG.java:175)
Caused by: java.net.UnknownHostException: ondemand.saucelabs.com
	at java.net.InetAddress.getAllByName0(Unknown Source)
	at java.net.InetAddress.getAllByName(Unknown Source)
	at java.net.InetAddress.getAllByName(Unknown Source)
	at org.apache.http.impl.conn.SystemDefaultDnsResolver.resolve(SystemDefaultDnsResolver.java:44)
	at org.apache.http.impl.conn.HttpClientConnectionOperator.connect(HttpClientConnectionOperator.java:102)
	at org.apache.http.impl.conn.PoolingHttpClientConnectionManager.connect(PoolingHttpClientConnectionManager.java:314)
	at org.apache.http.impl.execchain.MainClientExec.establishRoute(MainClientExec.java:363)
	at org.apache.http.impl.execchain.MainClientExec.execute(MainClientExec.java:219)
	at org.apache.http.impl.execchain.ProtocolExec.execute(ProtocolExec.java:195)
	at org.apache.http.impl.execchain.RetryExec.execute(RetryExec.java:85)
	at org.apache.http.impl.execchain.RedirectExec.execute(RedirectExec.java:108)
	at org.apache.http.impl.client.InternalHttpClient.doExecute(InternalHttpClient.java:186)
	at org.apache.http.impl.client.CloseableHttpClient.execute(CloseableHttpClient.java:72)
	at org.apache.http.impl.client.CloseableHttpClient.execute(CloseableHttpClient.java:57)
	at org.openqa.selenium.remote.HttpCommandExecutor.fallBackExecute(HttpCommandExecutor.java:204)
	at org.openqa.selenium.remote.HttpCommandExecutor.execute(HttpCommandExecutor.java:173)
	at org.openqa.selenium.remote.RemoteWebDriver.execute(RemoteWebDriver.java:572)
	... 29 more
]]>
            </full-stacktrace>
          </exception> <!-- org.openqa.selenium.remote.UnreachableBrowserException -->
          <reporter-output>
          </reporter-output>
        </test-method> <!-- setUp -->
        <test-method status="SKIP" signature="cookiepolicy_link()[pri:0, instance:com.linkedin.cases.CreateNewAccount@283253]" name="cookiepolicy_link" duration-ms="0" started-at="2014-09-09T21:30:42Z" finished-at="2014-09-09T21:30:42Z">
          <reporter-output>
            <line>
              <![CDATA[<br> <b>Please look to the screenshot - </b>]]>
            </line>
          </reporter-output>
        </test-method> <!-- cookiepolicy_link -->
        <test-method status="PASS" signature="tearDown(org.testng.ITestResult)[pri:0, instance:com.linkedin.cases.CreateNewAccount@283253]" name="tearDown" is-config="true" duration-ms="0" started-at="2014-09-09T21:30:42Z" finished-at="2014-09-09T21:30:42Z">
          <params>
            <param index="0">
              <value>
                <![CDATA[[TestResult name=cookiepolicy_link status=SKIP method=CreateNewAccount.cookiepolicy_link()[pri:0, instance:com.linkedin.cases.CreateNewAccount@283253] output=<br> <b>Please look to the screenshot - </b>]]]>
              </value>
            </param>
          </params>
          <reporter-output>
          </reporter-output>
        </test-method> <!-- tearDown -->
      </class> <!-- com.linkedin.cases.CreateNewAccount -->
    </test> <!-- Cookie_Policy_Link -->
  </suite> <!-- suite -->
</testng-results>
