<?xml version="1.0" encoding="UTF-8"?>
<testng-results skipped="38" failed="9" total="135" passed="88">
  <reporter-output>
    <line>
      <![CDATA[<h4><strong><em>----- TESTCASE_003 : To verify all mandatory fields in page. -----</em></strong></h4>]]>
    </line>
    <line>
      <![CDATA[<h3>  Step 1 : Open URL (http://www.linkedin.com)  </h3><br>]]>
    </line>
    <line>
      <![CDATA[Opening URL <br>]]>
    </line>
    <line>
      <![CDATA[Page open succesfully]]>
    </line>
    <line>
      <![CDATA[<h3>  Step 2 : Verify All mendatory of registration page  </h3><br>]]>
    </line>
    <line>
      <![CDATA[<h4><strong><em>----- TESTCASE_001 : To verify that user see Register Page. -----</em></strong></h4>]]>
    </line>
    <line>
      <![CDATA[<h3> Step 1 : Open URL (http://www.linkedin.com) </h3><br>]]>
    </line>
    <line>
      <![CDATA[Opening URL <br>]]>
    </line>
    <line>
      <![CDATA[All mendatory fields are verified successfully <p style=color:green><strong><em>PASSED</p> <br>]]>
    </line>
    <line>
      <![CDATA[Case successfully PASSED <hr>]]>
    </line>
    <line>
      <![CDATA[Page open succesfully]]>
    </line>
    <line>
      <![CDATA[<h3>  Step 2 : Verify Registration Page  </h3><br>]]>
    </line>
    <line>
      <![CDATA[<h3> Register page open successfully <p style=color:green><strong><em>PASSED</p></h3>]]>
    </line>
    <line>
      <![CDATA[Case successfully PASSED <hr>]]>
    </line>
    <line>
      <![CDATA[<h4><strong><em>----- TESTCASE_004 : To verify that "Join Now" button is work properly -----</em></strong></h4>]]>
    </line>
    <line>
      <![CDATA[<h3>  Step 1 : Open URL (http://www.linkedin.com)  </h3><br>]]>
    </line>
    <line>
      <![CDATA[Opening URL <br>]]>
    </line>
    <line>
      <![CDATA[Page open succesfully]]>
    </line>
    <line>
      <![CDATA[<h3>  Step 2 : Verify "Join Now" button registration page  </h3><br>]]>
    </line>
    <line>
      <![CDATA[ button is Displayed on textbox_edit <p style=color:green><strong><em>PASSED</p></h3>]]>
    </line>
    <line>
      <![CDATA[Case successfully PASSED <hr>]]>
    </line>
    <line>
      <![CDATA[<h4><strong><em>----- TESTCASE_005 :To verify that "Join Now" button is clickable -----</em></strong></h4>]]>
    </line>
    <line>
      <![CDATA[<h3>  Step 1 : Open URL (http://www.linkedin.com)  </h3><br>]]>
    </line>
    <line>
      <![CDATA[Opening URL <br>]]>
    </line>
    <line>
      <![CDATA[Page open succesfully]]>
    </line>
    <line>
      <![CDATA[<h3>  Step 2 : Click on "Join Now " button on registration page  </h3><br>]]>
    </line>
    <line>
      <![CDATA[ Button click successfully <p style=color:green><strong><em>PASSED</p></h3>]]>
    </line>
    <line>
      <![CDATA[Case successfully PASSED <hr>]]>
    </line>
    <line>
      <![CDATA[<h4><strong><em>----- TESTCASE_002 : To verify that all labels are visible properly. -----</em></strong></h4>]]>
    </line>
    <line>
      <![CDATA[<h3>  Step 1 : Open URL (http://www.linkedin.com)  </h3><br>]]>
    </line>
    <line>
      <![CDATA[Opening URL <br>]]>
    </line>
    <line>
      <![CDATA[Page open succesfully]]>
    </line>
    <line>
      <![CDATA[<h3>  Step 2 : Verify All labels of page  </h3><br>]]>
    </line>
    <line>
      <![CDATA[<b>Email address <b> Label is Displayed on cookiepolicy_link <p style=color:green><strong><em>PASSED</p></h3><br> ]]>
    </line>
    <line>
      <![CDATA[<b>Password <b> Label is Displayed on cookiepolicy_link <p style=color:green><strong><em>PASSED</p></h3><br> ]]>
    </line>
    <line>
      <![CDATA[<b>Find a colleague: <b> Label is Displayed on cookiepolicy_link <p style=color:green><strong><em>PASSED</p></h3><br> ]]>
    </line>
    <line>
      <![CDATA[Label verification done successfully <br>]]>
    </line>
    <line>
      <![CDATA[Case successfully PASSED <hr>]]>
    </line>
    <line>
      <![CDATA[<h4><strong><em>----- TESTCASE_005 :To verify that "Join Now" button is clickable -----</em></strong></h4>]]>
    </line>
    <line>
      <![CDATA[<h3>  Step 1 : Open URL (http://www.linkedin.com)  </h3><br>]]>
    </line>
    <line>
      <![CDATA[Opening URL <br>]]>
    </line>
    <line>
      <![CDATA[Page open succesfully]]>
    </line>
    <line>
      <![CDATA[<h3>  Step 2 : Click on "Join Now " button on registration page  </h3><br>]]>
    </line>
    <line>
      <![CDATA[ Button click successfully <p style=color:green><strong><em>PASSED</p></h3>]]>
    </line>
    <line>
      <![CDATA[Case successfully PASSED <hr>]]>
    </line>
    <line>
      <![CDATA[<h4><strong><em>----- TESTCASE_006 : To verify that all text fields are editable. -----</em></strong></h4>]]>
    </line>
    <line>
      <![CDATA[<h3>  Step 1 : Open URL (http://www.linkedin.com)  </h3><br>]]>
    </line>
    <line>
      <![CDATA[Opening URL <br>]]>
    </line>
    <line>
      <![CDATA[Page open succesfully]]>
    </line>
    <line>
      <![CDATA[<h3>  Step 2 : Enter value in textfields  </h3><br>]]>
    </line>
    <line>
      <![CDATA[<h4><strong><em>----- TESTCASE_7 : To verify that First Name field should have only characters. -----</em></strong></h4>]]>
    </line>
    <line>
      <![CDATA[<h3>  Step 1 : Open URL (http://www.linkedin.com)  </h3><br>]]>
    </line>
    <line>
      <![CDATA[Opening URL <br>]]>
    </line>
    <line>
      <![CDATA[Page open succesfully]]>
    </line>
    <line>
      <![CDATA[<h3>  Step 2 : Enter First Name  </h3><br>]]>
    </line>
    <line>
      <![CDATA[Enter First Name: <strong><em>]]>
    </line>
    <line>
      <![CDATA[<h3>  Step 3 : Enter Last Name  </h3><br>]]>
    </line>
    <line>
      <![CDATA[Enter Last Name:<strong><em> crfdo]]>
    </line>
    <line>
      <![CDATA[<h4><strong><em>----- TESTCASE_8 : To verify that First Name field should have only characters. -----</em></strong></h4>]]>
    </line>
    <line>
      <![CDATA[<h3>  Step 1 : Open URL (http://www.linkedin.com)  </h3><br>]]>
    </line>
    <line>
      <![CDATA[<h3>  Step 4 : Enter Emailid  </h3><br>]]>
    </line>
    <line>
      <![CDATA[Opening URL <br>]]>
    </line>
    <line>
      <![CDATA[Enter emailid: <strong><em>oosqixx@mailinator.com]]>
    </line>
    <line>
      <![CDATA[Page open succesfully]]>
    </line>
    <line>
      <![CDATA[<h3>  Step 2 : Enter First Name  </h3><br>]]>
    </line>
    <line>
      <![CDATA[<h3>  Step 5 : Enter Password  </h3><br>]]>
    </line>
    <line>
      <![CDATA[Enter First Name: <strong><em> Rahul]]>
    </line>
    <line>
      <![CDATA[Enter Password: <strong><em>adnkvkywv]]>
    </line>
    <line>
      <![CDATA[<h3>  Step 3 : Enter Last Name  </h3><br>]]>
    </line>
    <line>
      <![CDATA[<h3>  Step 6 : Click "Join Now" button  </h3><br>]]>
    </line>
    <line>
      <![CDATA[Enter Last Name:<strong><em> wyplf]]>
    </line>
    <line>
      <![CDATA[<h3>  Step 4 : Enter Emailid  </h3><br>]]>
    </line>
    <line>
      <![CDATA[Enter emailid: <strong><em>hewrarg@mailinator.com]]>
    </line>
    <line>
      <![CDATA[All textfields are editable <p style=color:green><strong><em>PASSED</p></h3> <br>]]>
    </line>
    <line>
      <![CDATA[Case successfully PASSED <hr>]]>
    </line>
    <line>
      <![CDATA[<h3>  Step 5 : Enter Password  </h3><br>]]>
    </line>
    <line>
      <![CDATA[Enter Password: <strong><em>bbilvfkzs]]>
    </line>
    <line>
      <![CDATA[ User see validation message <p style=color:green><strong><em>PASSED</p></h3>]]>
    </line>
    <line>
      <![CDATA[<h3>  Step 6 : Click "Join Now" button  </h3><br>]]>
    </line>
    <line>
      <![CDATA[Case successfully PASSED <hr>]]>
    </line>
    <line>
      <![CDATA[ User can't see any validation message <p style=color:red><strong><em>FAILED</p></h3>]]>
    </line>
    <line>
      <![CDATA[Case successfully PASSED <hr>]]>
    </line>
    <line>
      <![CDATA[<h4><strong><em>----- TESTCASE_10 : To verify that First Name field should have only characters. -----</em></strong></h4>]]>
    </line>
    <line>
      <![CDATA[<h3>  Step 1 : Open URL (http://www.linkedin.com)  </h3><br>]]>
    </line>
    <line>
      <![CDATA[Opening URL <br>]]>
    </line>
    <line>
      <![CDATA[<br> <b>Please look to the screenshot - </b>]]>
    </line>
    <line>
      <![CDATA[<h4><strong><em>----- TESTCASE_9 : To verify that First Name field should have only characters. -----</em></strong></h4>]]>
    </line>
    <line>
      <![CDATA[<h3>  Step 1 : Open URL (http://www.linkedin.com)  </h3><br>]]>
    </line>
    <line>
      <![CDATA[<br><Strong><font color=#FF0000>--Failed</font></strong>]]>
    </line>
    <line>
      <![CDATA[<a href='../test-output/screenshots/0905182348448invalidFirstname.png'>0905182348448invalidFirstname.png</a>]]>
    </line>
    <line>
      <![CDATA[Opening URL <br>]]>
    </line>
    <line>
      <![CDATA[<br> <b>Please look to the screenshot - </b>]]>
    </line>
    <line>
      <![CDATA[<h4><strong><em>----- TESTCASE_45 : To verify that Cookie Policy link is working properly -----</em></strong></h4>]]>
    </line>
    <line>
      <![CDATA[<h3> Step 1 : Open URL (http://www.linkedin.com)  </h3><br>]]>
    </line>
    <line>
      <![CDATA[Opening URL <br>]]>
    </line>
    <line>
      <![CDATA[Page open succesfully]]>
    </line>
    <line>
      <![CDATA[<h3> Step 2 : Click on " Cookie Policy " Link </h3><br>]]>
    </line>
    <line>
      <![CDATA[<h4><strong><em>----- TESTCASE_005 :To verify that "Join Now" button is clickable -----</em></strong></h4>]]>
    </line>
    <line>
      <![CDATA[<h3>  Step 1 : Open URL (http://www.linkedin.com)  </h3><br>]]>
    </line>
    <line>
      <![CDATA[<font color=#FF0000>--Failed</font>]]>
    </line>
    <line>
      <![CDATA[Opening URL <br>]]>
    </line>
    <line>
      <![CDATA[Page open succesfully]]>
    </line>
    <line>
      <![CDATA[<h3>  Step 2 : Click on "Join Now " button on registration page  </h3><br>]]>
    </line>
    <line>
      <![CDATA[Case successfully PASSED <hr>]]>
    </line>
    <line>
      <![CDATA[ Button click successfully <p style=color:green><strong><em>PASSED</p></h3>]]>
    </line>
    <line>
      <![CDATA[Case successfully PASSED <hr>]]>
    </line>
    <line>
      <![CDATA[<h4><strong><em>----- TESTCASE_13 : To verify that Last Name field should have only characters. -----</em></strong></h4>]]>
    </line>
    <line>
      <![CDATA[<h3>  Step 1 : Open URL (http://www.linkedin.com)  </h3><br>]]>
    </line>
    <line>
      <![CDATA[Opening URL <br>]]>
    </line>
    <line>
      <![CDATA[Page open succesfully]]>
    </line>
    <line>
      <![CDATA[<h3>  Step 2 : Enter First Name  </h3><br>]]>
    </line>
    <line>
      <![CDATA[Enter First Name: <strong><em>lyttf]]>
    </line>
    <line>
      <![CDATA[<h3>  Step 3 : Enter Last Name  </h3><br>]]>
    </line>
    <line>
      <![CDATA[Enter Last Name: <strong><em>R@hu!_]]>
    </line>
    <line>
      <![CDATA[<h3>  Step 4 : Enter Emailid  </h3><br>]]>
    </line>
    <line>
      <![CDATA[<h4><strong><em>----- TESTCASE_12 : To verify that Last Name field should have only characters. -----</em></strong></h4>]]>
    </line>
    <line>
      <![CDATA[<h3>  Step 1 : Open URL (http://www.linkedin.com)  </h3><br>]]>
    </line>
    <line>
      <![CDATA[Enter emailid: <strong><em>husqqku@mailinator.com]]>
    </line>
    <line>
      <![CDATA[Opening URL <br>]]>
    </line>
    <line>
      <![CDATA[<h3>  Step 5 : Enter Password  </h3><br>]]>
    </line>
    <line>
      <![CDATA[Page open succesfully]]>
    </line>
    <line>
      <![CDATA[<h3>  Step 2 : Enter First Name  </h3><br>]]>
    </line>
    <line>
      <![CDATA[Enter Password: <strong><em>wwkycjdgs]]>
    </line>
    <line>
      <![CDATA[<h3>  Step 6 : Click "Join Now" button  </h3><br>]]>
    </line>
    <line>
      <![CDATA[Enter First Name: <strong><em>rulom]]>
    </line>
    <line>
      <![CDATA[<h3>  Step 3 : Enter Last Name  </h3><br>]]>
    </line>
    <line>
      <![CDATA[Enter Last Name: <strong><em> Rahul]]>
    </line>
    <line>
      <![CDATA[<h3>  Step 4 : Enter Emailid  </h3><br>]]>
    </line>
    <line>
      <![CDATA[Enter emailid: <strong><em>xhovsdg@mailinator.com]]>
    </line>
    <line>
      <![CDATA[<h3>  Step 5 : Enter Password  </h3><br>]]>
    </line>
    <line>
      <![CDATA[Enter Password: <strong><em>okwiswkao]]>
    </line>
    <line>
      <![CDATA[<h3>  Step 6 : Click "Join Now" button  </h3><br>]]>
    </line>
    <line>
      <![CDATA[ User can't see any validation message <p style=color:red><strong><em>FAILED</p></h3>]]>
    </line>
    <line>
      <![CDATA[Case successfully PASSED <hr>]]>
    </line>
    <line>
      <![CDATA[ User can't see any validation message <p style=color:red><strong><em>FAILED</p></h3>]]>
    </line>
    <line>
      <![CDATA[Case successfully PASSED <hr>]]>
    </line>
    <line>
      <![CDATA[<br> <b>Please look to the screenshot - </b>]]>
    </line>
    <line>
      <![CDATA[<br> <b>Please look to the screenshot - </b>]]>
    </line>
    <line>
      <![CDATA[<br><Strong><font color=#FF0000>--Failed</font></strong>]]>
    </line>
    <line>
      <![CDATA[<a href='../test-output/screenshots/090518260944invalidLastName.png'>090518260944invalidLastName.png</a>]]>
    </line>
    <line>
      <![CDATA[<h4><strong><em>----- TESTCASE_23 : To verify that user is enter valid emailid. -----</em></strong></h4>]]>
    </line>
    <line>
      <![CDATA[<h3>  Step 1 : Open URL (http://www.linkedin.com)  </h3><br>]]>
    </line>
    <line>
      <![CDATA[Opening URL <br>]]>
    </line>
    <line>
      <![CDATA[Page open succesfully]]>
    </line>
    <line>
      <![CDATA[<h3>  Step 2 : Enter First Name  </h3><br>]]>
    </line>
    <line>
      <![CDATA[Enter First Name: <strong><em>wpvgp]]>
    </line>
    <line>
      <![CDATA[<h3>  Step 3 : Enter Last Name  </h3><br>]]>
    </line>
    <line>
      <![CDATA[Enter Last Name: <strong><em>cwhpi]]>
    </line>
    <line>
      <![CDATA[<h3>  Step 4 : Enter Emailid  </h3><br>]]>
    </line>
    <line>
      <![CDATA[Enter emailid: <strong><em>#$%^%^&%#^&*@mailinator.com]]>
    </line>
    <line>
      <![CDATA[<h4><strong><em>----- TESTCASE_20 : To verify that user is enter valid emailid. -----</em></strong></h4>]]>
    </line>
    <line>
      <![CDATA[<h3>  Step 1 : Open URL (http://www.linkedin.com)  </h3><br>]]>
    </line>
    <line>
      <![CDATA[Opening URL <br>]]>
    </line>
    <line>
      <![CDATA[<h3>  Step 5 : Enter Password  </h3><br>]]>
    </line>
    <line>
      <![CDATA[Enter Password: <strong><em>xutewwjbf]]>
    </line>
    <line>
      <![CDATA[Page open succesfully]]>
    </line>
    <line>
      <![CDATA[<h3>  Step 2 : Enter First Name  </h3><br>]]>
    </line>
    <line>
      <![CDATA[<h3>  Step 6 : Click "Join Now" button  </h3><br>]]>
    </line>
    <line>
      <![CDATA[Enter First Name: <strong><em>ogekh]]>
    </line>
    <line>
      <![CDATA[<h3>  Step 3 : Enter Last Name  </h3><br>]]>
    </line>
    <line>
      <![CDATA[Enter Last Name: <strong><em>eyjqp]]>
    </line>
    <line>
      <![CDATA[<h3>  Step 4 : Enter Emailid  </h3><br>]]>
    </line>
    <line>
      <![CDATA[Enter emailid: <strong><em>rahul.pandya00@@mailinator.com]]>
    </line>
    <line>
      <![CDATA[<h3>  Step 5 : Enter Password  </h3><br>]]>
    </line>
    <line>
      <![CDATA[Enter Password: <strong><em>cbxuyucea]]>
    </line>
    <line>
      <![CDATA[ User see validation message <p style=color:green><strong><em>PASSED</p></h3>]]>
    </line>
    <line>
      <![CDATA[<h3>  Step 6 : Click "Join Now" button  </h3><br>]]>
    </line>
    <line>
      <![CDATA[Case successfully PASSED <hr>]]>
    </line>
    <line>
      <![CDATA[ User can't see any validation message <p style=color:red><strong><em>FAILED</p></h3>]]>
    </line>
    <line>
      <![CDATA[Case successfully PASSED <hr>]]>
    </line>
    <line>
      <![CDATA[<h4><strong><em>----- TESTCASE_18 : To verify that user is enter valid emailid. -----</em></strong></h4>]]>
    </line>
    <line>
      <![CDATA[<h3>  Step 1 : Open URL (http://www.linkedin.com)  </h3><br>]]>
    </line>
    <line>
      <![CDATA[Opening URL <br>]]>
    </line>
    <line>
      <![CDATA[Page open succesfully]]>
    </line>
    <line>
      <![CDATA[<h3>  Step 2 : Enter First Name  </h3><br>]]>
    </line>
    <line>
      <![CDATA[Enter First Name: <strong><em>qmqbd]]>
    </line>
    <line>
      <![CDATA[<h3>  Step 3 : Enter Last Name  </h3><br>]]>
    </line>
    <line>
      <![CDATA[Enter Last Name: <strong><em>nctmz]]>
    </line>
    <line>
      <![CDATA[<h3>  Step 4 : Enter Emailid  </h3><br>]]>
    </line>
    <line>
      <![CDATA[Enter emailid: <strong><em>rahul.pandyamailinator.com]]>
    </line>
    <line>
      <![CDATA[<h3>  Step 5 : Enter Password  </h3><br>]]>
    </line>
    <line>
      <![CDATA[Enter Password: <strong><em>ruczdkdte]]>
    </line>
    <line>
      <![CDATA[<h3>  Step 6 : Click "Join Now" button  </h3><br>]]>
    </line>
    <line>
      <![CDATA[ User see validation message <p style=color:green><strong><em>PASSED</p></h3>]]>
    </line>
    <line>
      <![CDATA[Case successfully PASSED <hr>]]>
    </line>
    <line>
      <![CDATA[<h4><strong><em>----- TESTCASE_17 : To verify that user is enter valid emailid. -----</em></strong></h4>]]>
    </line>
    <line>
      <![CDATA[<h3>  Step 1 : Open URL (http://www.linkedin.com)  </h3><br>]]>
    </line>
    <line>
      <![CDATA[Opening URL <br>]]>
    </line>
    <line>
      <![CDATA[Page open succesfully]]>
    </line>
    <line>
      <![CDATA[<h3>  Step 2 : Enter First Name  </h3><br>]]>
    </line>
    <line>
      <![CDATA[Enter First Name: <strong><em>jpxcy]]>
    </line>
    <line>
      <![CDATA[<h3>  Step 3 : Enter Last Name  </h3><br>]]>
    </line>
    <line>
      <![CDATA[Enter Last Name: <strong><em>omucv]]>
    </line>
    <line>
      <![CDATA[<h3>  Step 4 : Enter Emailid  </h3><br>]]>
    </line>
    <line>
      <![CDATA[Enter emailid: <strong><em>rahul pandya@mailinator.com]]>
    </line>
    <line>
      <![CDATA[<h3>  Step 5 : Enter Password  </h3><br>]]>
    </line>
    <line>
      <![CDATA[Enter Password: <strong><em>kkehevruh]]>
    </line>
    <line>
      <![CDATA[<h3>  Step 6 : Click "Join Now" button  </h3><br>]]>
    </line>
    <line>
      <![CDATA[ User see validation message <p style=color:green><strong><em>PASSED</p></h3>]]>
    </line>
    <line>
      <![CDATA[Case successfully PASSED <hr>]]>
    </line>
    <line>
      <![CDATA[<h4><strong><em>----- TESTCASE_22 : To verify that user is enter valid emailid. -----</em></strong></h4>]]>
    </line>
    <line>
      <![CDATA[<h3>  Step 1 : Open URL (http://www.linkedin.com)  </h3><br>]]>
    </line>
    <line>
      <![CDATA[Opening URL <br>]]>
    </line>
    <line>
      <![CDATA[Page open succesfully]]>
    </line>
    <line>
      <![CDATA[<h3>  Step 2 : Enter First Name  </h3><br>]]>
    </line>
    <line>
      <![CDATA[Enter First Name: <strong><em>kzpmz]]>
    </line>
    <line>
      <![CDATA[<h3>  Step 3 : Enter Last Name  </h3><br>]]>
    </line>
    <line>
      <![CDATA[Enter Last Name: <strong><em>oxmsg]]>
    </line>
    <line>
      <![CDATA[<h3>  Step 4 : Enter Emailid  </h3><br>]]>
    </line>
    <line>
      <![CDATA[Enter emailid: <strong><em>rahul.pandya@-mailinator.com]]>
    </line>
    <line>
      <![CDATA[<h3>  Step 5 : Enter Password  </h3><br>]]>
    </line>
    <line>
      <![CDATA[Enter Password: <strong><em>gxtinsapz]]>
    </line>
    <line>
      <![CDATA[<h4><strong><em>----- TESTCASE_24 : To verify that user is enter valid emailid. -----</em></strong></h4>]]>
    </line>
    <line>
      <![CDATA[<h3>  Step 1 : Open URL (http://www.linkedin.com)  </h3><br>]]>
    </line>
    <line>
      <![CDATA[Opening URL <br>]]>
    </line>
    <line>
      <![CDATA[<h3>  Step 6 : Click "Join Now" button  </h3><br>]]>
    </line>
    <line>
      <![CDATA[Page open succesfully]]>
    </line>
    <line>
      <![CDATA[<h3>  Step 2 : Enter First Name  </h3><br>]]>
    </line>
    <line>
      <![CDATA[Enter First Name: <strong><em>oykii]]>
    </line>
    <line>
      <![CDATA[<h3>  Step 3 : Enter Last Name  </h3><br>]]>
    </line>
    <line>
      <![CDATA[Enter Last Name: <strong><em>xkbzf]]>
    </line>
    <line>
      <![CDATA[<h3>  Step 4 : Enter Emailid  </h3><br>]]>
    </line>
    <line>
      <![CDATA[Enter emailid: <strong><em>Rahul Pandya <rahul.pandya@mailinator.com>]]>
    </line>
    <line>
      <![CDATA[<h3>  Step 5 : Enter Password  </h3><br>]]>
    </line>
    <line>
      <![CDATA[Enter Password: <strong><em>frrymferr]]>
    </line>
    <line>
      <![CDATA[<h3>  Step 6 : Click "Join Now" button  </h3><br>]]>
    </line>
    <line>
      <![CDATA[ User can't see any validation message <p style=color:red><strong><em>FAILED</p></h3>]]>
    </line>
    <line>
      <![CDATA[ User see validation message <p style=color:green><strong><em>PASSED</p></h3>]]>
    </line>
    <line>
      <![CDATA[Case successfully PASSED <hr>]]>
    </line>
    <line>
      <![CDATA[Case successfully PASSED <hr>]]>
    </line>
    <line>
      <![CDATA[<h4><strong><em>----- TESTCASE_21 : To verify that user is enter valid emailid. -----</em></strong></h4>]]>
    </line>
    <line>
      <![CDATA[<h3>  Step 1 : Open URL (http://www.linkedin.com)  </h3><br>]]>
    </line>
    <line>
      <![CDATA[Opening URL <br>]]>
    </line>
    <line>
      <![CDATA[Page open succesfully]]>
    </line>
    <line>
      <![CDATA[<h3>  Step 2 : Enter First Name  </h3><br>]]>
    </line>
    <line>
      <![CDATA[Enter First Name: <strong><em>kzhej]]>
    </line>
    <line>
      <![CDATA[<h3>  Step 3 : Enter Last Name  </h3><br>]]>
    </line>
    <line>
      <![CDATA[Enter Last Name: <strong><em>ygguk]]>
    </line>
    <line>
      <![CDATA[<h3>  Step 4 : Enter Emailid  </h3><br>]]>
    </line>
    <line>
      <![CDATA[Enter emailid: <strong><em>rahul..pandya@mailinator.com]]>
    </line>
    <line>
      <![CDATA[<h3>  Step 5 : Enter Password  </h3><br>]]>
    </line>
    <line>
      <![CDATA[Enter Password: <strong><em>hkkxebelm]]>
    </line>
    <line>
      <![CDATA[<h3>  Step 6 : Click "Join Now" button  </h3><br>]]>
    </line>
    <line>
      <![CDATA[ User can't see any validation message <p style=color:red><strong><em>FAILED</p></h3>]]>
    </line>
    <line>
      <![CDATA[Case successfully PASSED <hr>]]>
    </line>
    <line>
      <![CDATA[<h4><strong><em>----- TESTCASE_15 : To verify that user is enter valid emailid. -----</em></strong></h4>]]>
    </line>
    <line>
      <![CDATA[<h3>  Step 1 : Open URL (http://www.linkedin.com)  </h3><br>]]>
    </line>
    <line>
      <![CDATA[Opening URL <br>]]>
    </line>
    <line>
      <![CDATA[Page open succesfully]]>
    </line>
    <line>
      <![CDATA[<h3>  Step 2 : Enter First Name  </h3><br>]]>
    </line>
    <line>
      <![CDATA[<h4><strong><em>----- TESTCASE_19 : To verify that user is enter valid emailid. -----</em></strong></h4>]]>
    </line>
    <line>
      <![CDATA[<h3>  Step 1 : Open URL (http://www.linkedin.com)  </h3><br>]]>
    </line>
    <line>
      <![CDATA[Opening URL <br>]]>
    </line>
    <line>
      <![CDATA[Enter First Name: <strong><em>fcgbe]]>
    </line>
    <line>
      <![CDATA[Page open succesfully]]>
    </line>
    <line>
      <![CDATA[<h3>  Step 2 : Enter First Name  </h3><br>]]>
    </line>
    <line>
      <![CDATA[<h3>  Step 3 : Enter Last Name  </h3><br>]]>
    </line>
    <line>
      <![CDATA[Enter Last Name: <strong><em>aoqgv]]>
    </line>
    <line>
      <![CDATA[Enter First Name: <strong><em>agctu]]>
    </line>
    <line>
      <![CDATA[<h3>  Step 4 : Enter Emailid  </h3><br>]]>
    </line>
    <line>
      <![CDATA[Enter emailid: <strong><em> rahul.pandya@mailinator.com]]>
    </line>
    <line>
      <![CDATA[<h3>  Step 3 : Enter Last Name  </h3><br>]]>
    </line>
    <line>
      <![CDATA[Enter Last Name: <strong><em>hsuyf]]>
    </line>
    <line>
      <![CDATA[<h3>  Step 5 : Enter Password  </h3><br>]]>
    </line>
    <line>
      <![CDATA[Enter Password: <strong><em>apxeooxdf]]>
    </line>
    <line>
      <![CDATA[<h3>  Step 4 : Enter Emailid  </h3><br>]]>
    </line>
    <line>
      <![CDATA[Enter emailid: <strong><em>@mailinator.com]]>
    </line>
    <line>
      <![CDATA[<h3>  Step 6 : Click "Join Now" button  </h3><br>]]>
    </line>
    <line>
      <![CDATA[<h3>  Step 5 : Enter Password  </h3><br>]]>
    </line>
    <line>
      <![CDATA[Enter Password: <strong><em>xioakenrq]]>
    </line>
    <line>
      <![CDATA[<h4><strong><em>----- TESTCASE_16 : To verify that user is enter valid emailid. -----</em></strong></h4>]]>
    </line>
    <line>
      <![CDATA[<h3>  Step 1 : Open URL (http://www.linkedin.com)  </h3><br>]]>
    </line>
    <line>
      <![CDATA[ User see validation message <p style=color:green><strong><em>PASSED</p></h3>]]>
    </line>
    <line>
      <![CDATA[Opening URL <br>]]>
    </line>
    <line>
      <![CDATA[<h3>  Step 6 : Click "Join Now" button  </h3><br>]]>
    </line>
    <line>
      <![CDATA[Page open succesfully]]>
    </line>
    <line>
      <![CDATA[<h3>  Step 2 : Enter First Name  </h3><br>]]>
    </line>
    <line>
      <![CDATA[Case successfully PASSED <hr>]]>
    </line>
    <line>
      <![CDATA[Enter First Name: <strong><em>ydxvg]]>
    </line>
    <line>
      <![CDATA[<h3>  Step 3 : Enter Last Name  </h3><br>]]>
    </line>
    <line>
      <![CDATA[<br> <b>Please look to the screenshot - </b>]]>
    </line>
    <line>
      <![CDATA[ User see validation message <p style=color:green><strong><em>PASSED</p></h3>]]>
    </line>
    <line>
      <![CDATA[Case successfully PASSED <hr>]]>
    </line>
    <line>
      <![CDATA[<h4><strong><em>----- TESTCASE_37 : To verify that user is enter valid Password. -----</em></strong></h4>]]>
    </line>
    <line>
      <![CDATA[<h3>  Step 1 : Open URL (http://www.linkedin.com)  </h3><br>]]>
    </line>
    <line>
      <![CDATA[Opening URL <br>]]>
    </line>
    <line>
      <![CDATA[Page open succesfully]]>
    </line>
    <line>
      <![CDATA[<h3>  Step 2 : Enter First Name  </h3><br>]]>
    </line>
    <line>
      <![CDATA[Enter First Name: <strong><em>pcelo]]>
    </line>
    <line>
      <![CDATA[<h3>  Step 3 : Enter Last Name  </h3><br>]]>
    </line>
    <line>
      <![CDATA[Enter Last Name: <strong><em>ywqoc]]>
    </line>
    <line>
      <![CDATA[<h3>  Step 4 : Enter Emailid  </h3><br>]]>
    </line>
    <line>
      <![CDATA[Enter emailid: <strong><em>csyvegp@mailinator.com]]>
    </line>
    <line>
      <![CDATA[<h3>  Step 5 : Enter Password  </h3><br>]]>
    </line>
    <line>
      <![CDATA[Enter Password: <strong><em>ra12@]]>
    </line>
    <line>
      <![CDATA[<h3>  Step 6 : Click "Join Now" button  </h3><br>]]>
    </line>
    <line>
      <![CDATA[<h4><strong><em>----- TESTCASE_38 : To verify that user is enter valid Password. -----</em></strong></h4>]]>
    </line>
    <line>
      <![CDATA[<h3>  Step 1 : Open URL (http://www.linkedin.com)  </h3><br>]]>
    </line>
    <line>
      <![CDATA[Opening URL <br>]]>
    </line>
    <line>
      <![CDATA[Page open succesfully]]>
    </line>
    <line>
      <![CDATA[<h3>  Step 2 : Enter First Name  </h3><br>]]>
    </line>
    <line>
      <![CDATA[ User see validation message <p style=color:green><strong><em>PASSED</p></h3>]]>
    </line>
    <line>
      <![CDATA[Enter First Name: <strong><em>cortg]]>
    </line>
    <line>
      <![CDATA[<h3>  Step 3 : Enter Last Name  </h3><br>]]>
    </line>
    <line>
      <![CDATA[Enter Last Name: <strong><em>otxgr]]>
    </line>
    <line>
      <![CDATA[Case successfully PASSED <hr>]]>
    </line>
    <line>
      <![CDATA[<h3>  Step 4 : Enter Emailid  </h3><br>]]>
    </line>
    <line>
      <![CDATA[<br> <b>Please look to the screenshot - </b>]]>
    </line>
    <line>
      <![CDATA[<h4><strong><em>----- TESTCASE_35 : To verify that user is enter valid Password. -----</em></strong></h4>]]>
    </line>
    <line>
      <![CDATA[<h3>  Step 1 : Open URL (http://www.linkedin.com)  </h3><br>]]>
    </line>
    <line>
      <![CDATA[Opening URL <br>]]>
    </line>
    <line>
      <![CDATA[Page open succesfully]]>
    </line>
    <line>
      <![CDATA[<h3>  Step 2 : Enter First Name  </h3><br>]]>
    </line>
    <line>
      <![CDATA[Enter First Name: <strong><em>rzqyl]]>
    </line>
    <line>
      <![CDATA[<h3>  Step 3 : Enter Last Name  </h3><br>]]>
    </line>
    <line>
      <![CDATA[Enter Last Name: <strong><em>ncyol]]>
    </line>
    <line>
      <![CDATA[<h3>  Step 4 : Enter Emailid  </h3><br>]]>
    </line>
    <line>
      <![CDATA[Enter emailid: <strong><em>jutcicg@mailinator.com]]>
    </line>
    <line>
      <![CDATA[<h3>  Step 5 : Enter Password  </h3><br>]]>
    </line>
    <line>
      <![CDATA[Enter Password: <strong><em>emailid]]>
    </line>
    <line>
      <![CDATA[<h3>  Step 6 : Click "Join Now" button  </h3><br>]]>
    </line>
    <line>
      <![CDATA[ User can't see any validation message <p style=color:red><strong><em>FAILED</p></h3>]]>
    </line>
    <line>
      <![CDATA[Case successfully PASSED <hr>]]>
    </line>
    <line>
      <![CDATA[<h4><strong><em>----- TESTCASE_36 : To verify that user is enter valid Password. -----</em></strong></h4>]]>
    </line>
    <line>
      <![CDATA[<h3>  Step 1 : Open URL (http://www.linkedin.com)  </h3><br>]]>
    </line>
    <line>
      <![CDATA[Opening URL <br>]]>
    </line>
    <line>
      <![CDATA[Page open succesfully]]>
    </line>
    <line>
      <![CDATA[<h3>  Step 2 : Enter First Name  </h3><br>]]>
    </line>
    <line>
      <![CDATA[Enter First Name: <strong><em>pplnu]]>
    </line>
    <line>
      <![CDATA[<h3>  Step 3 : Enter Last Name  </h3><br>]]>
    </line>
    <line>
      <![CDATA[Enter Last Name: <strong><em>wqkcn]]>
    </line>
    <line>
      <![CDATA[<h3>  Step 4 : Enter Emailid  </h3><br>]]>
    </line>
    <line>
      <![CDATA[Enter emailid: <strong><em>kxcjxyg@mailinator.com]]>
    </line>
    <line>
      <![CDATA[<h3>  Step 5 : Enter Password  </h3><br>]]>
    </line>
    <line>
      <![CDATA[Enter Password: <strong><em>]]>
    </line>
    <line>
      <![CDATA[<h3>  Step 6 : Click "Join Now" button  </h3><br>]]>
    </line>
    <line>
      <![CDATA[ User see validation message <p style=color:green><strong><em>PASSED</p></h3>]]>
    </line>
    <line>
      <![CDATA[Case successfully PASSED <hr>]]>
    </line>
    <line>
      <![CDATA[<h4><strong><em>----- TESTCASE_34 : To verify that user is enter valid Password. -----</em></strong></h4>]]>
    </line>
    <line>
      <![CDATA[<h3>  Step 1 : Open URL (http://www.linkedin.com)  </h3><br>]]>
    </line>
    <line>
      <![CDATA[Opening URL <br>]]>
    </line>
    <line>
      <![CDATA[Page open succesfully]]>
    </line>
    <line>
      <![CDATA[<h3>  Step 2 : Enter First Name  </h3><br>]]>
    </line>
    <line>
      <![CDATA[Enter First Name: <strong><em>kumjd]]>
    </line>
    <line>
      <![CDATA[<h3>  Step 3 : Enter Last Name  </h3><br>]]>
    </line>
    <line>
      <![CDATA[Enter Last Name: <strong><em>rltte]]>
    </line>
    <line>
      <![CDATA[<h3>  Step 4 : Enter Emailid  </h3><br>]]>
    </line>
    <line>
      <![CDATA[<h4><strong><em>----- TESTCASE_33 : To verify that user is enter valid Password. -----</em></strong></h4>]]>
    </line>
    <line>
      <![CDATA[<h3>  Step 1 : Open URL (http://www.linkedin.com)  </h3><br>]]>
    </line>
    <line>
      <![CDATA[Opening URL <br>]]>
    </line>
    <line>
      <![CDATA[Enter emailid: <strong><em>nsiqobu@mailinator.com]]>
    </line>
    <line>
      <![CDATA[Page open succesfully]]>
    </line>
    <line>
      <![CDATA[<h3>  Step 2 : Enter First Name  </h3><br>]]>
    </line>
    <line>
      <![CDATA[<h3>  Step 5 : Enter Password  </h3><br>]]>
    </line>
    <line>
      <![CDATA[Enter Password: <strong><em>123456]]>
    </line>
    <line>
      <![CDATA[Enter First Name: <strong><em>clcss]]>
    </line>
    <line>
      <![CDATA[<h3>  Step 6 : Click "Join Now" button  </h3><br>]]>
    </line>
    <line>
      <![CDATA[<h3>  Step 3 : Enter Last Name  </h3><br>]]>
    </line>
    <line>
      <![CDATA[Enter Last Name: <strong><em>iayop]]>
    </line>
    <line>
      <![CDATA[<h3>  Step 4 : Enter Emailid  </h3><br>]]>
    </line>
    <line>
      <![CDATA[Enter emailid: <strong><em>zoiylzu@mailinator.com]]>
    </line>
    <line>
      <![CDATA[<h3>  Step 5 : Enter Password  </h3><br>]]>
    </line>
    <line>
      <![CDATA[Enter Password: <strong><em>Jammmiieee]]>
    </line>
    <line>
      <![CDATA[<h3>  Step 6 : Click "Join Now" button  </h3><br>]]>
    </line>
    <line>
      <![CDATA[ User can't see any validation message <p style=color:red><strong><em>FAILED</p></h3>]]>
    </line>
    <line>
      <![CDATA[Case successfully PASSED <hr>]]>
    </line>
    <line>
      <![CDATA[ User can't see any validation message <p style=color:red><strong><em>FAILED</p></h3>]]>
    </line>
    <line>
      <![CDATA[Case successfully PASSED <hr>]]>
    </line>
    <line>
      <![CDATA[<h4><strong><em>----- TESTCASE_7 : To verify that First Name field should have only characters. -----</em></strong></h4>]]>
    </line>
    <line>
      <![CDATA[<h3>  Step 1 : Open URL (http://www.linkedin.com)  </h3><br>]]>
    </line>
    <line>
      <![CDATA[Opening URL <br>]]>
    </line>
    <line>
      <![CDATA[Page open succesfully]]>
    </line>
    <line>
      <![CDATA[<h3>  Step 2 : Enter First Name  </h3><br>]]>
    </line>
    <line>
      <![CDATA[Enter First Name: <strong><em>]]>
    </line>
    <line>
      <![CDATA[<h3>  Step 3 : Enter Last Name  </h3><br>]]>
    </line>
    <line>
      <![CDATA[Enter Last Name:<strong><em> ndcqx]]>
    </line>
    <line>
      <![CDATA[<h3>  Step 4 : Enter Emailid  </h3><br>]]>
    </line>
    <line>
      <![CDATA[Enter emailid: <strong><em>woylnwq@mailinator.com]]>
    </line>
    <line>
      <![CDATA[<h3>  Step 5 : Enter Password  </h3><br>]]>
    </line>
    <line>
      <![CDATA[Enter Password: <strong><em>bmaegvzrj]]>
    </line>
    <line>
      <![CDATA[<h3>  Step 6 : Click "Join Now" button  </h3><br>]]>
    </line>
    <line>
      <![CDATA[ User see validation message <p style=color:green><strong><em>PASSED</p></h3>]]>
    </line>
    <line>
      <![CDATA[Case successfully PASSED <hr>]]>
    </line>
    <line>
      <![CDATA[<h4><strong><em>----- TESTCASE_9 : To verify that First Name field should have only characters. -----</em></strong></h4>]]>
    </line>
    <line>
      <![CDATA[<h3>  Step 1 : Open URL (http://www.linkedin.com)  </h3><br>]]>
    </line>
    <line>
      <![CDATA[Opening URL <br>]]>
    </line>
    <line>
      <![CDATA[Page open succesfully]]>
    </line>
    <line>
      <![CDATA[<h3>  Step 2 : Enter First Name  </h3><br>]]>
    </line>
    <line>
      <![CDATA[<h4><strong><em>----- TESTCASE_10 : To verify that First Name field should have only characters. -----</em></strong></h4>]]>
    </line>
    <line>
      <![CDATA[<h3>  Step 1 : Open URL (http://www.linkedin.com)  </h3><br>]]>
    </line>
    <line>
      <![CDATA[Opening URL <br>]]>
    </line>
    <line>
      <![CDATA[Enter First Name: <strong><em>R@hu!_]]>
    </line>
    <line>
      <![CDATA[Page open succesfully]]>
    </line>
    <line>
      <![CDATA[<h3>  Step 2 : Enter First Name  </h3><br>]]>
    </line>
    <line>
      <![CDATA[<h3>  Step 3 : Enter Last Name  </h3><br>]]>
    </line>
    <line>
      <![CDATA[Enter Last Name:<strong><em> lykfz]]>
    </line>
    <line>
      <![CDATA[Enter First Name: <strong><em>Rah Ul]]>
    </line>
    <line>
      <![CDATA[<h3>  Step 4 : Enter Emailid  </h3><br>]]>
    </line>
    <line>
      <![CDATA[<h3>  Step 3 : Enter Last Name  </h3><br>]]>
    </line>
    <line>
      <![CDATA[Enter Last Name:<strong><em> cvqha]]>
    </line>
    <line>
      <![CDATA[Enter emailid: <strong><em>obnxblg@mailinator.com]]>
    </line>
    <line>
      <![CDATA[<h3>  Step 4 : Enter Emailid  </h3><br>]]>
    </line>
    <line>
      <![CDATA[<h3>  Step 5 : Enter Password  </h3><br>]]>
    </line>
    <line>
      <![CDATA[Enter Password: <strong><em>dgqnbfdjg]]>
    </line>
    <line>
      <![CDATA[Enter emailid: <strong><em>gygukaf@mailinator.com]]>
    </line>
    <line>
      <![CDATA[<h3>  Step 6 : Click "Join Now" button  </h3><br>]]>
    </line>
    <line>
      <![CDATA[<h3>  Step 5 : Enter Password  </h3><br>]]>
    </line>
    <line>
      <![CDATA[Enter Password: <strong><em>nwowhgbhc]]>
    </line>
    <line>
      <![CDATA[<h3>  Step 6 : Click "Join Now" button  </h3><br>]]>
    </line>
    <line>
      <![CDATA[<h4><strong><em>----- TESTCASE_8 : To verify that First Name field should have only characters. -----</em></strong></h4>]]>
    </line>
    <line>
      <![CDATA[<h3>  Step 1 : Open URL (http://www.linkedin.com)  </h3><br>]]>
    </line>
    <line>
      <![CDATA[ User see validation message <p style=color:green><strong><em>PASSED</p></h3>]]>
    </line>
    <line>
      <![CDATA[Opening URL <br>]]>
    </line>
    <line>
      <![CDATA[Page open succesfully]]>
    </line>
    <line>
      <![CDATA[<h3>  Step 2 : Enter First Name  </h3><br>]]>
    </line>
    <line>
      <![CDATA[ User see validation message <p style=color:green><strong><em>PASSED</p></h3>]]>
    </line>
    <line>
      <![CDATA[Case successfully PASSED <hr>]]>
    </line>
    <line>
      <![CDATA[Enter First Name: <strong><em> Rahul]]>
    </line>
    <line>
      <![CDATA[<h3>  Step 3 : Enter Last Name  </h3><br>]]>
    </line>
    <line>
      <![CDATA[Case successfully PASSED <hr>]]>
    </line>
    <line>
      <![CDATA[<br> <b>Please look to the screenshot - </b>]]>
    </line>
    <line>
      <![CDATA[<h4><strong><em>----- TESTCASE_45 : To verify that Cookie Policy link is working properly -----</em></strong></h4>]]>
    </line>
    <line>
      <![CDATA[<h3> Step 1 : Open URL (http://www.linkedin.com)  </h3><br>]]>
    </line>
    <line>
      <![CDATA[Opening URL <br>]]>
    </line>
    <line>
      <![CDATA[Page open succesfully]]>
    </line>
    <line>
      <![CDATA[<h3> Step 2 : Click on " Cookie Policy " Link </h3><br>]]>
    </line>
    <line>
      <![CDATA[<font color=#FF0000>--Failed</font>]]>
    </line>
    <line>
      <![CDATA[<h4><strong><em>----- TESTCASE_39 : To verify that user is see register successful page after enter valid data -----</em></strong></h4>]]>
    </line>
    <line>
      <![CDATA[<h3>  Step 1 : Open URL (http://www.linkedin.com)  </h3><br>]]>
    </line>
    <line>
      <![CDATA[Opening URL <br>]]>
    </line>
    <line>
      <![CDATA[Case successfully PASSED <hr>]]>
    </line>
    <line>
      <![CDATA[Page open succesfully]]>
    </line>
    <line>
      <![CDATA[<h3>  Step 2 : Enter First Name  </h3><br>]]>
    </line>
    <line>
      <![CDATA[Enter First Name: <strong><em>dqzmx]]>
    </line>
    <line>
      <![CDATA[<h3>  Step 3 : Enter Last Name  </h3><br>]]>
    </line>
    <line>
      <![CDATA[Enter Last Name: <strong><em>mexaf]]>
    </line>
    <line>
      <![CDATA[<h3>  Step 4 : Enter Emailid  </h3><br>]]>
    </line>
    <line>
      <![CDATA[Enter emailid: <strong><em>uasuzoy@mailinator.com]]>
    </line>
    <line>
      <![CDATA[<h3>  Step 5 : Enter Password  </h3><br>]]>
    </line>
    <line>
      <![CDATA[Enter Password: <strong><em>mxrjlvfni]]>
    </line>
    <line>
      <![CDATA[<h3>  Step 6 : Click "Join Now" button  </h3><br>]]>
    </line>
    <line>
      <![CDATA[<h4><strong><em>----- TESTCASE_25 : To verify that user is enter valid emailid. -----</em></strong></h4>]]>
    </line>
    <line>
      <![CDATA[<h3>  Step 1 : Open URL (http://www.linkedin.com)  </h3><br>]]>
    </line>
    <line>
      <![CDATA[Opening URL <br>]]>
    </line>
    <line>
      <![CDATA[Page open succesfully]]>
    </line>
    <line>
      <![CDATA[<h3>  Step 2 : Enter First Name  </h3><br>]]>
    </line>
    <line>
      <![CDATA[Enter First Name: <strong><em>sbpkf]]>
    </line>
    <line>
      <![CDATA[<h3>  Step 3 : Enter Last Name  </h3><br>]]>
    </line>
    <line>
      <![CDATA[Enter Last Name: <strong><em>tpwjm]]>
    </line>
    <line>
      <![CDATA[<h3>  Step 4 : Enter Emailid  </h3><br>]]>
    </line>
    <line>
      <![CDATA[Enter emailid: <strong><em>rahul.pandya00@mailinator.]]>
    </line>
    <line>
      <![CDATA[ Error! User failed to register <p style=color:red><strong><em>FAILED</p></h3>]]>
    </line>
    <line>
      <![CDATA[<h3>  Step 5 : Enter Password  </h3><br>]]>
    </line>
    <line>
      <![CDATA[Enter Password: <strong><em>ribasffze]]>
    </line>
    <line>
      <![CDATA[<h3>  Step 6 : Click "Join Now" button  </h3><br>]]>
    </line>
    <line>
      <![CDATA[Case successfully PASSED <hr>]]>
    </line>
    <line>
      <![CDATA[ User see validation message <p style=color:green><strong><em>PASSED</p></h3>]]>
    </line>
    <line>
      <![CDATA[Case successfully PASSED <hr>]]>
    </line>
    <line>
      <![CDATA[<h4><strong><em>----- TESTCASE_26 : To verify that user is enter valid emailid. -----</em></strong></h4>]]>
    </line>
    <line>
      <![CDATA[<h3>  Step 1 : Open URL (http://www.linkedin.com)  </h3><br>]]>
    </line>
    <line>
      <![CDATA[Opening URL <br>]]>
    </line>
    <line>
      <![CDATA[Page open succesfully]]>
    </line>
    <line>
      <![CDATA[<h3>  Step 2 : Enter First Name  </h3><br>]]>
    </line>
    <line>
      <![CDATA[Enter First Name: <strong><em>qgljo]]>
    </line>
    <line>
      <![CDATA[<h3>  Step 3 : Enter Last Name  </h3><br>]]>
    </line>
    <line>
      <![CDATA[Enter Last Name: <strong><em>fzhft]]>
    </line>
    <line>
      <![CDATA[<h3>  Step 4 : Enter Emailid  </h3><br>]]>
    </line>
    <line>
      <![CDATA[Enter emailid: <strong><em>rahul.pandya@web.net]]>
    </line>
    <line>
      <![CDATA[<h3>  Step 5 : Enter Password  </h3><br>]]>
    </line>
    <line>
      <![CDATA[<h4><strong><em>----- TESTCASE_27 : To verify that user is enter valid emailid. -----</em></strong></h4>]]>
    </line>
    <line>
      <![CDATA[<h3>  Step 1 : Open URL (http://www.linkedin.com)  </h3><br>]]>
    </line>
    <line>
      <![CDATA[Enter Password: <strong><em>gcebeqypm]]>
    </line>
    <line>
      <![CDATA[Opening URL <br>]]>
    </line>
    <line>
      <![CDATA[<h3>  Step 6 : Click "Join Now" button  </h3><br>]]>
    </line>
    <line>
      <![CDATA[Page open succesfully]]>
    </line>
    <line>
      <![CDATA[<h3>  Step 2 : Enter First Name  </h3><br>]]>
    </line>
    <line>
      <![CDATA[Enter First Name: <strong><em>ymwpu]]>
    </line>
    <line>
      <![CDATA[<h3>  Step 3 : Enter Last Name  </h3><br>]]>
    </line>
    <line>
      <![CDATA[Enter Last Name: <strong><em>iadze]]>
    </line>
    <line>
      <![CDATA[<h3>  Step 4 : Enter Emailid  </h3><br>]]>
    </line>
    <line>
      <![CDATA[Enter emailid: <strong><em>rahul.pandya@111.com]]>
    </line>
    <line>
      <![CDATA[<h3>  Step 5 : Enter Password  </h3><br>]]>
    </line>
    <line>
      <![CDATA[Enter Password: <strong><em>lxfokztuo]]>
    </line>
    <line>
      <![CDATA[<h3>  Step 6 : Click "Join Now" button  </h3><br>]]>
    </line>
    <line>
      <![CDATA[ User can't see any validation message <p style=color:red><strong><em>FAILED</p></h3>]]>
    </line>
    <line>
      <![CDATA[Case successfully PASSED <hr>]]>
    </line>
    <line>
      <![CDATA[ User can't see any validation message <p style=color:red><strong><em>FAILED</p></h3>]]>
    </line>
    <line>
      <![CDATA[Case successfully PASSED <hr>]]>
    </line>
    <line>
      <![CDATA[<h4><strong><em>----- TESTCASE_28 : To verify that user is enter valid emailid. -----</em></strong></h4>]]>
    </line>
    <line>
      <![CDATA[<h3>  Step 1 : Open URL (http://www.linkedin.com)  </h3><br>]]>
    </line>
    <line>
      <![CDATA[Opening URL <br>]]>
    </line>
    <line>
      <![CDATA[Page open succesfully]]>
    </line>
    <line>
      <![CDATA[<h3>  Step 2 : Enter First Name  </h3><br>]]>
    </line>
    <line>
      <![CDATA[Enter First Name: <strong><em>ioisr]]>
    </line>
    <line>
      <![CDATA[<h3>  Step 3 : Enter Last Name  </h3><br>]]>
    </line>
    <line>
      <![CDATA[Enter Last Name: <strong><em>mlsru]]>
    </line>
    <line>
      <![CDATA[<h3>  Step 4 : Enter Emailid  </h3><br>]]>
    </line>
    <line>
      <![CDATA[Enter emailid: <strong><em>rahul.pandya@mailinator.com (Rahul Pandya)]]>
    </line>
    <line>
      <![CDATA[<h3>  Step 5 : Enter Password  </h3><br>]]>
    </line>
    <line>
      <![CDATA[Enter Password: <strong><em>xhmjaigpy]]>
    </line>
    <line>
      <![CDATA[<h3>  Step 6 : Click "Join Now" button  </h3><br>]]>
    </line>
    <line>
      <![CDATA[ User see validation message <p style=color:green><strong><em>PASSED</p></h3>]]>
    </line>
    <line>
      <![CDATA[Case successfully PASSED <hr>]]>
    </line>
    <line>
      <![CDATA[<h4><strong><em>----- TESTCASE_29 : To verify that user is enter valid emailid. -----</em></strong></h4>]]>
    </line>
    <line>
      <![CDATA[<h3>  Step 1 : Open URL (http://www.linkedin.com)  </h3><br>]]>
    </line>
    <line>
      <![CDATA[Opening URL <br>]]>
    </line>
    <line>
      <![CDATA[Page open succesfully]]>
    </line>
    <line>
      <![CDATA[<h3>  Step 2 : Enter First Name  </h3><br>]]>
    </line>
    <line>
      <![CDATA[Enter First Name: <strong><em>vdguv]]>
    </line>
    <line>
      <![CDATA[<h3>  Step 3 : Enter Last Name  </h3><br>]]>
    </line>
    <line>
      <![CDATA[Enter Last Name: <strong><em>xanqh]]>
    </line>
    <line>
      <![CDATA[<h3>  Step 4 : Enter Emailid  </h3><br>]]>
    </line>
    <line>
      <![CDATA[Enter emailid: <strong><em>rahul.pandya@mailinatorhotmail.com]]>
    </line>
    <line>
      <![CDATA[<h3>  Step 5 : Enter Password  </h3><br>]]>
    </line>
    <line>
      <![CDATA[Enter Password: <strong><em>vcokzbjxd]]>
    </line>
    <line>
      <![CDATA[<h4><strong><em>----- TESTCASE_30 : To verify that user is enter valid emailid. -----</em></strong></h4>]]>
    </line>
    <line>
      <![CDATA[<h3>  Step 1 : Open URL (http://www.linkedin.com)  </h3><br>]]>
    </line>
    <line>
      <![CDATA[Opening URL <br>]]>
    </line>
    <line>
      <![CDATA[<h3>  Step 6 : Click "Join Now" button  </h3><br>]]>
    </line>
    <line>
      <![CDATA[Page open succesfully]]>
    </line>
    <line>
      <![CDATA[<h3>  Step 2 : Enter First Name  </h3><br>]]>
    </line>
    <line>
      <![CDATA[Enter First Name: <strong><em>kjxzz]]>
    </line>
    <line>
      <![CDATA[<h3>  Step 3 : Enter Last Name  </h3><br>]]>
    </line>
    <line>
      <![CDATA[Enter Last Name: <strong><em>amhfp]]>
    </line>
    <line>
      <![CDATA[<h3>  Step 4 : Enter Emailid  </h3><br>]]>
    </line>
    <line>
      <![CDATA[Enter emailid: <strong><em>rahul.pandya@xyz.com]]>
    </line>
    <line>
      <![CDATA[<h3>  Step 5 : Enter Password  </h3><br>]]>
    </line>
    <line>
      <![CDATA[Enter Password: <strong><em>oyavlzjng]]>
    </line>
    <line>
      <![CDATA[<h3>  Step 6 : Click "Join Now" button  </h3><br>]]>
    </line>
    <line>
      <![CDATA[ User can't see any validation message <p style=color:red><strong><em>FAILED</p></h3>]]>
    </line>
    <line>
      <![CDATA[Case successfully PASSED <hr>]]>
    </line>
    <line>
      <![CDATA[ User can't see any validation message <p style=color:red><strong><em>FAILED</p></h3>]]>
    </line>
    <line>
      <![CDATA[Case successfully PASSED <hr>]]>
    </line>
    <line>
      <![CDATA[<h4><strong><em>----- TESTCASE_31 : To verify that user is enter valid emailid. -----</em></strong></h4>]]>
    </line>
    <line>
      <![CDATA[<h3>  Step 1 : Open URL (http://www.linkedin.com)  </h3><br>]]>
    </line>
    <line>
      <![CDATA[Opening URL <br>]]>
    </line>
    <line>
      <![CDATA[Page open succesfully]]>
    </line>
    <line>
      <![CDATA[<h3>  Step 2 : Enter First Name  </h3><br>]]>
    </line>
    <line>
      <![CDATA[Enter First Name: <strong><em>hlaye]]>
    </line>
    <line>
      <![CDATA[<h3>  Step 3 : Enter Last Name  </h3><br>]]>
    </line>
    <line>
      <![CDATA[Enter Last Name: <strong><em>aasot]]>
    </line>
    <line>
      <![CDATA[<h3>  Step 4 : Enter Emailid  </h3><br>]]>
    </line>
    <line>
      <![CDATA[Enter emailid: <strong><em>]]>
    </line>
    <line>
      <![CDATA[<h4><strong><em>----- TESTCASE_32 : To verify that user is enter valid emailid. -----</em></strong></h4>]]>
    </line>
    <line>
      <![CDATA[<h3>  Step 1 : Open URL (http://www.linkedin.com)  </h3><br>]]>
    </line>
    <line>
      <![CDATA[Opening URL <br>]]>
    </line>
    <line>
      <![CDATA[<h3>  Step 5 : Enter Password  </h3><br>]]>
    </line>
    <line>
      <![CDATA[Enter Password: <strong><em>ghlutwuuw]]>
    </line>
    <line>
      <![CDATA[Page open succesfully]]>
    </line>
    <line>
      <![CDATA[<h3>  Step 2 : Enter First Name  </h3><br>]]>
    </line>
    <line>
      <![CDATA[<h3>  Step 6 : Click "Join Now" button  </h3><br>]]>
    </line>
    <line>
      <![CDATA[Enter First Name: <strong><em>iztrm]]>
    </line>
    <line>
      <![CDATA[<h3>  Step 3 : Enter Last Name  </h3><br>]]>
    </line>
    <line>
      <![CDATA[Enter Last Name: <strong><em>vrjzl]]>
    </line>
    <line>
      <![CDATA[<h3>  Step 4 : Enter Emailid  </h3><br>]]>
    </line>
    <line>
      <![CDATA[Enter emailid: <strong><em>pandya.rahul00@gmail.com]]>
    </line>
    <line>
      <![CDATA[<h3>  Step 5 : Enter Password  </h3><br>]]>
    </line>
    <line>
      <![CDATA[Enter Password: <strong><em>tgawkenyl]]>
    </line>
    <line>
      <![CDATA[ User see validation message <p style=color:green><strong><em>PASSED</p></h3>]]>
    </line>
    <line>
      <![CDATA[<h3>  Step 6 : Click "Join Now" button  </h3><br>]]>
    </line>
    <line>
      <![CDATA[Case successfully PASSED <hr>]]>
    </line>
    <line>
      <![CDATA[ User can't see any validation message <p style=color:red><strong><em>FAILED</p></h3>]]>
    </line>
    <line>
      <![CDATA[Case successfully PASSED <hr>]]>
    </line>
    <line>
      <![CDATA[<h4><strong><em>----- TESTCASE_40 : To verify that user is see register successful page after enter valid data -----</em></strong></h4>]]>
    </line>
    <line>
      <![CDATA[<h3>  Step 1 : Open URL (http://www.linkedin.com)  </h3><br>]]>
    </line>
    <line>
      <![CDATA[Opening URL <br>]]>
    </line>
    <line>
      <![CDATA[Page open succesfully]]>
    </line>
    <line>
      <![CDATA[<h3> Step 2 : Press "Tab" key on keyboard  </h3><br>]]>
    </line>
    <line>
      <![CDATA[<h4><strong><em>----- TESTCASE_12 : To verify that Last Name field should have only characters. -----</em></strong></h4>]]>
    </line>
    <line>
      <![CDATA[<h3>  Step 1 : Open URL (http://www.linkedin.com)  </h3><br>]]>
    </line>
    <line>
      <![CDATA[Opening URL <br>]]>
    </line>
    <line>
      <![CDATA[Page open succesfully]]>
    </line>
    <line>
      <![CDATA[<h3>  Step 2 : Enter First Name  </h3><br>]]>
    </line>
    <line>
      <![CDATA[Enter First Name: <strong><em>jaqyy]]>
    </line>
    <line>
      <![CDATA[<h3>  Step 3 : Enter Last Name  </h3><br>]]>
    </line>
    <line>
      <![CDATA[Enter Last Name: <strong><em> Rahul]]>
    </line>
    <line>
      <![CDATA[<h3>  Step 4 : Enter Emailid  </h3><br>]]>
    </line>
    <line>
      <![CDATA[Enter emailid: <strong><em>iszowdu@mailinator.com]]>
    </line>
    <line>
      <![CDATA[<h3>  Step 5 : Enter Password  </h3><br>]]>
    </line>
    <line>
      <![CDATA[Enter Password: <strong><em>sdzwftaws]]>
    </line>
    <line>
      <![CDATA[<h3>  Step 6 : Click "Join Now" button  </h3><br>]]>
    </line>
    <line>
      <![CDATA[<h4><strong><em>----- TESTCASE_13 : To verify that Last Name field should have only characters. -----</em></strong></h4>]]>
    </line>
    <line>
      <![CDATA[<h3>  Step 1 : Open URL (http://www.linkedin.com)  </h3><br>]]>
    </line>
    <line>
      <![CDATA[Opening URL <br>]]>
    </line>
    <line>
      <![CDATA[Page open succesfully]]>
    </line>
    <line>
      <![CDATA[<h3>  Step 2 : Enter First Name  </h3><br>]]>
    </line>
    <line>
      <![CDATA[Enter First Name: <strong><em>gynrv]]>
    </line>
    <line>
      <![CDATA[<h3>  Step 3 : Enter Last Name  </h3><br>]]>
    </line>
    <line>
      <![CDATA[Enter Last Name: <strong><em>R@hu!_]]>
    </line>
    <line>
      <![CDATA[<h3>  Step 4 : Enter Emailid  </h3><br>]]>
    </line>
    <line>
      <![CDATA[Enter emailid: <strong><em>ijuqlig@mailinator.com]]>
    </line>
    <line>
      <![CDATA[<h3>  Step 5 : Enter Password  </h3><br>]]>
    </line>
    <line>
      <![CDATA[Enter Password: <strong><em>zcmkvvjkr]]>
    </line>
    <line>
      <![CDATA[ User can't see any validation message <p style=color:red><strong><em>FAILED</p></h3>]]>
    </line>
    <line>
      <![CDATA[<h3>  Step 6 : Click "Join Now" button  </h3><br>]]>
    </line>
    <line>
      <![CDATA[Case successfully PASSED <hr>]]>
    </line>
    <line>
      <![CDATA[ User can't see any validation message <p style=color:red><strong><em>FAILED</p></h3>]]>
    </line>
    <line>
      <![CDATA[Case successfully PASSED <hr>]]>
    </line>
    <line>
      <![CDATA[<h4><strong><em>----- TESTCASE_14 : To verify that Last Name field should have only characters. -----</em></strong></h4>]]>
    </line>
    <line>
      <![CDATA[<h3>  Step 1 : Open URL (http://www.linkedin.com)  </h3><br>]]>
    </line>
    <line>
      <![CDATA[Opening URL <br>]]>
    </line>
    <line>
      <![CDATA[Page open succesfully]]>
    </line>
    <line>
      <![CDATA[<h3>  Step 2 : Enter First Name  </h3><br>]]>
    </line>
    <line>
      <![CDATA[Enter First Name: <strong><em>ovybh]]>
    </line>
    <line>
      <![CDATA[<h3>  Step 3 : Enter Last Name  </h3><br>]]>
    </line>
    <line>
      <![CDATA[Enter Last Name: <strong><em>Rah Ul]]>
    </line>
    <line>
      <![CDATA[<h3>  Step 4 : Enter Emailid  </h3><br>]]>
    </line>
    <line>
      <![CDATA[Enter emailid: <strong><em>exgxmac@mailinator.com]]>
    </line>
    <line>
      <![CDATA[<h3>  Step 5 : Enter Password  </h3><br>]]>
    </line>
    <line>
      <![CDATA[Enter Password: <strong><em>uzacerbff]]>
    </line>
    <line>
      <![CDATA[<h3>  Step 6 : Click "Join Now" button  </h3><br>]]>
    </line>
    <line>
      <![CDATA[ User can't see any validation message <p style=color:red><strong><em>FAILED</p></h3>]]>
    </line>
    <line>
      <![CDATA[Case successfully PASSED <hr>]]>
    </line>
    <line>
      <![CDATA[<h4><strong><em>----- TESTCASE_11 : To verify that Last Name field should have only characters. -----</em></strong></h4>]]>
    </line>
    <line>
      <![CDATA[<h3>  Step 1 : Open URL (http://www.linkedin.com)  </h3><br>]]>
    </line>
    <line>
      <![CDATA[Opening URL <br>]]>
    </line>
    <line>
      <![CDATA[Page open succesfully]]>
    </line>
    <line>
      <![CDATA[<h3>  Step 2 : Enter First Name  </h3><br>]]>
    </line>
    <line>
      <![CDATA[Enter First Name: <strong><em>gcnfg]]>
    </line>
    <line>
      <![CDATA[<h3>  Step 3 : Enter Last Name  </h3><br>]]>
    </line>
    <line>
      <![CDATA[Enter Last Name: <strong><em>]]>
    </line>
    <line>
      <![CDATA[<h4><strong><em>----- TESTCASE_8 : To verify that First Name field should have only characters. -----</em></strong></h4>]]>
    </line>
    <line>
      <![CDATA[<h3>  Step 1 : Open URL (http://www.linkedin.com)  </h3><br>]]>
    </line>
    <line>
      <![CDATA[Opening URL <br>]]>
    </line>
    <line>
      <![CDATA[<h3>  Step 4 : Enter Emailid  </h3><br>]]>
    </line>
    <line>
      <![CDATA[Page open succesfully]]>
    </line>
    <line>
      <![CDATA[<h3>  Step 2 : Enter First Name  </h3><br>]]>
    </line>
    <line>
      <![CDATA[Enter emailid: <strong><em>jqhidgi@mailinator.com]]>
    </line>
    <line>
      <![CDATA[Enter First Name: <strong><em> Rahul]]>
    </line>
    <line>
      <![CDATA[<h3>  Step 5 : Enter Password  </h3><br>]]>
    </line>
    <line>
      <![CDATA[Enter Password: <strong><em>amxtjdxpl]]>
    </line>
    <line>
      <![CDATA[<h3>  Step 3 : Enter Last Name  </h3><br>]]>
    </line>
    <line>
      <![CDATA[Enter Last Name:<strong><em> ydsuh]]>
    </line>
    <line>
      <![CDATA[<h3>  Step 6 : Click "Join Now" button  </h3><br>]]>
    </line>
    <line>
      <![CDATA[<h3>  Step 4 : Enter Emailid  </h3><br>]]>
    </line>
    <line>
      <![CDATA[Enter emailid: <strong><em>ocnnnlq@mailinator.com]]>
    </line>
    <line>
      <![CDATA[<h3>  Step 5 : Enter Password  </h3><br>]]>
    </line>
    <line>
      <![CDATA[Enter Password: <strong><em>slgezfjzi]]>
    </line>
    <line>
      <![CDATA[ User see validation message <p style=color:green><strong><em>PASSED</p></h3>]]>
    </line>
    <line>
      <![CDATA[<h3>  Step 6 : Click "Join Now" button  </h3><br>]]>
    </line>
    <line>
      <![CDATA[Case successfully PASSED <hr>]]>
    </line>
    <line>
      <![CDATA[ User can't see any validation message <p style=color:red><strong><em>FAILED</p></h3>]]>
    </line>
    <line>
      <![CDATA[Case successfully PASSED <hr>]]>
    </line>
    <line>
      <![CDATA[<h4><strong><em>----- TESTCASE_10 : To verify that First Name field should have only characters. -----</em></strong></h4>]]>
    </line>
    <line>
      <![CDATA[<h3>  Step 1 : Open URL (http://www.linkedin.com)  </h3><br>]]>
    </line>
    <line>
      <![CDATA[Opening URL <br>]]>
    </line>
    <line>
      <![CDATA[<br> <b>Please look to the screenshot - </b>]]>
    </line>
    <line>
      <![CDATA[<h4><strong><em>----- TESTCASE_9 : To verify that First Name field should have only characters. -----</em></strong></h4>]]>
    </line>
    <line>
      <![CDATA[<h3>  Step 1 : Open URL (http://www.linkedin.com)  </h3><br>]]>
    </line>
    <line>
      <![CDATA[Opening URL <br>]]>
    </line>
    <line>
      <![CDATA[Page open succesfully]]>
    </line>
    <line>
      <![CDATA[<h3>  Step 2 : Enter First Name  </h3><br>]]>
    </line>
    <line>
      <![CDATA[Enter First Name: <strong><em>R@hu!_]]>
    </line>
    <line>
      <![CDATA[<h3>  Step 3 : Enter Last Name  </h3><br>]]>
    </line>
    <line>
      <![CDATA[Enter Last Name:<strong><em> oxloi]]>
    </line>
    <line>
      <![CDATA[<h3>  Step 4 : Enter Emailid  </h3><br>]]>
    </line>
    <line>
      <![CDATA[Enter emailid: <strong><em>ppzedyp@mailinator.com]]>
    </line>
    <line>
      <![CDATA[<h3>  Step 5 : Enter Password  </h3><br>]]>
    </line>
    <line>
      <![CDATA[Enter Password: <strong><em>xquyljusd]]>
    </line>
    <line>
      <![CDATA[<h3>  Step 6 : Click "Join Now" button  </h3><br>]]>
    </line>
    <line>
      <![CDATA[ User can't see any validation message <p style=color:red><strong><em>FAILED</p></h3>]]>
    </line>
    <line>
      <![CDATA[Case successfully PASSED <hr>]]>
    </line>
    <line>
      <![CDATA[<h4><strong><em>----- TESTCASE_7 : To verify that First Name field should have only characters. -----</em></strong></h4>]]>
    </line>
    <line>
      <![CDATA[<h3>  Step 1 : Open URL (http://www.linkedin.com)  </h3><br>]]>
    </line>
    <line>
      <![CDATA[Opening URL <br>]]>
    </line>
    <line>
      <![CDATA[<br> <b>Please look to the screenshot - </b>]]>
    </line>
    <line>
      <![CDATA[<h4><strong><em>----- TESTCASE_41 : To verify that user is see register successful page after enter valid data -----</em></strong></h4>]]>
    </line>
    <line>
      <![CDATA[<h3> Step 1 : Open URL (http://www.linkedin.com)  </h3><br>]]>
    </line>
    <line>
      <![CDATA[Opening URL <br>]]>
    </line>
    <line>
      <![CDATA[Page open succesfully]]>
    </line>
    <line>
      <![CDATA[<h3>  Step 2 : Enter First Name  </h3><br>]]>
    </line>
    <line>
      <![CDATA[Enter First Name: <strong><em>eawzv]]>
    </line>
    <line>
      <![CDATA[<h3>  Step 3 : Enter Last Name  </h3><br>]]>
    </line>
    <line>
      <![CDATA[Enter Last Name: <strong><em>xisth]]>
    </line>
    <line>
      <![CDATA[<h3>  Step 4 : Enter Emailid  </h3><br>]]>
    </line>
    <line>
      <![CDATA[Enter emailid: <strong><em>kqsgndi@mailinator.com]]>
    </line>
    <line>
      <![CDATA[<h3>  Step 5 : Enter Password  </h3><br>]]>
    </line>
    <line>
      <![CDATA[Enter Password: <strong><em>tamfflagp]]>
    </line>
    <line>
      <![CDATA[<h3>  Step 6 : Click "Enter" in your keyboard  </h3><br>]]>
    </line>
    <line>
      <![CDATA[ Error! ENTER key functionality is not working <p style=color:red><strong><em>FAILED</p></h3>]]>
    </line>
    <line>
      <![CDATA[Case successfully PASSED <hr>]]>
    </line>
    <line>
      <![CDATA[<h4><strong><em>----- TESTCASE_42 : To verify that validation message appear properly -----</em></strong></h4>]]>
    </line>
    <line>
      <![CDATA[<h3>  Step 1 : Open URL (http://www.linkedin.com)  </h3><br>]]>
    </line>
    <line>
      <![CDATA[Opening URL <br>]]>
    </line>
    <line>
      <![CDATA[Page open succesfully]]>
    </line>
    <line>
      <![CDATA[<h3> Step 2 : Click on " Join Now " button </h3><br>]]>
    </line>
    <line>
      <![CDATA[ Validation message is appear properly <p style=color:green><strong><em>PASSED</p></h3>]]>
    </line>
    <line>
      <![CDATA[<h4><strong><em>----- TESTCASE_43 : To verify that User Agreement link is working properly -----</em></strong></h4>]]>
    </line>
    <line>
      <![CDATA[<h3>  Step 1 : Open URL (http://www.linkedin.com)  </h3><br>]]>
    </line>
    <line>
      <![CDATA[Opening URL <br>]]>
    </line>
    <line>
      <![CDATA[Case successfully PASSED <hr>]]>
    </line>
    <line>
      <![CDATA[Page open succesfully]]>
    </line>
    <line>
      <![CDATA[<h3>  Step 2 : Click on " User Agreement " Link </h3><br>]]>
    </line>
    <line>
      <![CDATA[<br>  User Agreement link is not working properly <p style=color:red><strong><em>FAILED</p></h3>]]>
    </line>
    <line>
      <![CDATA[Case successfully PASSED <hr>]]>
    </line>
    <line>
      <![CDATA[<h4><strong><em>----- TESTCASE_17 : To verify that user is enter valid emailid. -----</em></strong></h4>]]>
    </line>
    <line>
      <![CDATA[<h3>  Step 1 : Open URL (http://www.linkedin.com)  </h3><br>]]>
    </line>
    <line>
      <![CDATA[Opening URL <br>]]>
    </line>
    <line>
      <![CDATA[Page open succesfully]]>
    </line>
    <line>
      <![CDATA[<h3>  Step 2 : Enter First Name  </h3><br>]]>
    </line>
    <line>
      <![CDATA[Enter First Name: <strong><em>fiyvt]]>
    </line>
    <line>
      <![CDATA[<h3>  Step 3 : Enter Last Name  </h3><br>]]>
    </line>
    <line>
      <![CDATA[Enter Last Name: <strong><em>kpgwd]]>
    </line>
    <line>
      <![CDATA[<h3>  Step 4 : Enter Emailid  </h3><br>]]>
    </line>
    <line>
      <![CDATA[Enter emailid: <strong><em>rahul pandya@mailinator.com]]>
    </line>
    <line>
      <![CDATA[<h3>  Step 5 : Enter Password  </h3><br>]]>
    </line>
    <line>
      <![CDATA[Enter Password: <strong><em>dpoipzkhx]]>
    </line>
    <line>
      <![CDATA[<h3>  Step 6 : Click "Join Now" button  </h3><br>]]>
    </line>
    <line>
      <![CDATA[<h4><strong><em>----- TESTCASE_15 : To verify that user is enter valid emailid. -----</em></strong></h4>]]>
    </line>
    <line>
      <![CDATA[<h3>  Step 1 : Open URL (http://www.linkedin.com)  </h3><br>]]>
    </line>
    <line>
      <![CDATA[Opening URL <br>]]>
    </line>
    <line>
      <![CDATA[Page open succesfully]]>
    </line>
    <line>
      <![CDATA[<h3>  Step 2 : Enter First Name  </h3><br>]]>
    </line>
    <line>
      <![CDATA[Enter First Name: <strong><em>qelfe]]>
    </line>
    <line>
      <![CDATA[ User see validation message <p style=color:green><strong><em>PASSED</p></h3>]]>
    </line>
    <line>
      <![CDATA[<h3>  Step 3 : Enter Last Name  </h3><br>]]>
    </line>
    <line>
      <![CDATA[Enter Last Name: <strong><em>hhsjg]]>
    </line>
    <line>
      <![CDATA[<h3>  Step 4 : Enter Emailid  </h3><br>]]>
    </line>
    <line>
      <![CDATA[Enter emailid: <strong><em> rahul.pandya@mailinator.com]]>
    </line>
    <line>
      <![CDATA[Case successfully PASSED <hr>]]>
    </line>
    <line>
      <![CDATA[<h3>  Step 5 : Enter Password  </h3><br>]]>
    </line>
    <line>
      <![CDATA[Enter Password: <strong><em>hjvtlyleq]]>
    </line>
    <line>
      <![CDATA[<h3>  Step 6 : Click "Join Now" button  </h3><br>]]>
    </line>
    <line>
      <![CDATA[<h4><strong><em>----- TESTCASE_19 : To verify that user is enter valid emailid. -----</em></strong></h4>]]>
    </line>
    <line>
      <![CDATA[<h3>  Step 1 : Open URL (http://www.linkedin.com)  </h3><br>]]>
    </line>
    <line>
      <![CDATA[Opening URL <br>]]>
    </line>
    <line>
      <![CDATA[<br> <b>Please look to the screenshot - </b>]]>
    </line>
    <line>
      <![CDATA[ User can't see any validation message <p style=color:red><strong><em>FAILED</p></h3>]]>
    </line>
    <line>
      <![CDATA[Case successfully PASSED <hr>]]>
    </line>
    <line>
      <![CDATA[<h4><strong><em>----- TESTCASE_16 : To verify that user is enter valid emailid. -----</em></strong></h4>]]>
    </line>
    <line>
      <![CDATA[<h3>  Step 1 : Open URL (http://www.linkedin.com)  </h3><br>]]>
    </line>
    <line>
      <![CDATA[Opening URL <br>]]>
    </line>
    <line>
      <![CDATA[<br> <b>Please look to the screenshot - </b>]]>
    </line>
    <line>
      <![CDATA[<h4><strong><em>----- TESTCASE_24 : To verify that user is enter valid emailid. -----</em></strong></h4>]]>
    </line>
    <line>
      <![CDATA[<h3>  Step 1 : Open URL (http://www.linkedin.com)  </h3><br>]]>
    </line>
    <line>
      <![CDATA[Opening URL <br>]]>
    </line>
    <line>
      <![CDATA[Page open succesfully]]>
    </line>
    <line>
      <![CDATA[<h3>  Step 2 : Enter First Name  </h3><br>]]>
    </line>
    <line>
      <![CDATA[Enter First Name: <strong><em>cgjoa]]>
    </line>
    <line>
      <![CDATA[<h3>  Step 3 : Enter Last Name  </h3><br>]]>
    </line>
    <line>
      <![CDATA[Enter Last Name: <strong><em>gxjes]]>
    </line>
    <line>
      <![CDATA[<h3>  Step 4 : Enter Emailid  </h3><br>]]>
    </line>
    <line>
      <![CDATA[Enter emailid: <strong><em>Rahul Pandya <rahul.pandya@mailinator.com>]]>
    </line>
    <line>
      <![CDATA[<h3>  Step 5 : Enter Password  </h3><br>]]>
    </line>
    <line>
      <![CDATA[Enter Password: <strong><em>wyflruvuq]]>
    </line>
    <line>
      <![CDATA[<h3>  Step 6 : Click "Join Now" button  </h3><br>]]>
    </line>
    <line>
      <![CDATA[ User see validation message <p style=color:green><strong><em>PASSED</p></h3>]]>
    </line>
    <line>
      <![CDATA[Case successfully PASSED <hr>]]>
    </line>
    <line>
      <![CDATA[<h4><strong><em>----- TESTCASE_23 : To verify that user is enter valid emailid. -----</em></strong></h4>]]>
    </line>
    <line>
      <![CDATA[<h3>  Step 1 : Open URL (http://www.linkedin.com)  </h3><br>]]>
    </line>
    <line>
      <![CDATA[Opening URL <br>]]>
    </line>
    <line>
      <![CDATA[Page open succesfully]]>
    </line>
    <line>
      <![CDATA[<h3>  Step 2 : Enter First Name  </h3><br>]]>
    </line>
    <line>
      <![CDATA[Enter First Name: <strong><em>bsngm]]>
    </line>
    <line>
      <![CDATA[<h3>  Step 3 : Enter Last Name  </h3><br>]]>
    </line>
    <line>
      <![CDATA[Enter Last Name: <strong><em>cvqiv]]>
    </line>
    <line>
      <![CDATA[<h3>  Step 4 : Enter Emailid  </h3><br>]]>
    </line>
    <line>
      <![CDATA[Enter emailid: <strong><em>#$%^%^&%#^&*@mailinator.com]]>
    </line>
    <line>
      <![CDATA[<h3>  Step 5 : Enter Password  </h3><br>]]>
    </line>
    <line>
      <![CDATA[Enter Password: <strong><em>anljwhzdi]]>
    </line>
    <line>
      <![CDATA[<h3>  Step 6 : Click "Join Now" button  </h3><br>]]>
    </line>
    <line>
      <![CDATA[ User see validation message <p style=color:green><strong><em>PASSED</p></h3>]]>
    </line>
    <line>
      <![CDATA[Case successfully PASSED <hr>]]>
    </line>
    <line>
      <![CDATA[<h4><strong><em>----- TESTCASE_18 : To verify that user is enter valid emailid. -----</em></strong></h4>]]>
    </line>
    <line>
      <![CDATA[<h3>  Step 1 : Open URL (http://www.linkedin.com)  </h3><br>]]>
    </line>
    <line>
      <![CDATA[Opening URL <br>]]>
    </line>
    <line>
      <![CDATA[Page open succesfully]]>
    </line>
    <line>
      <![CDATA[<h3>  Step 2 : Enter First Name  </h3><br>]]>
    </line>
    <line>
      <![CDATA[Enter First Name: <strong><em>yqdso]]>
    </line>
    <line>
      <![CDATA[<h3>  Step 3 : Enter Last Name  </h3><br>]]>
    </line>
    <line>
      <![CDATA[Enter Last Name: <strong><em>fhioj]]>
    </line>
    <line>
      <![CDATA[<h4><strong><em>----- TESTCASE_20 : To verify that user is enter valid emailid. -----</em></strong></h4>]]>
    </line>
    <line>
      <![CDATA[<h3>  Step 1 : Open URL (http://www.linkedin.com)  </h3><br>]]>
    </line>
    <line>
      <![CDATA[Opening URL <br>]]>
    </line>
    <line>
      <![CDATA[<h3>  Step 4 : Enter Emailid  </h3><br>]]>
    </line>
    <line>
      <![CDATA[Enter emailid: <strong><em>rahul.pandyamailinator.com]]>
    </line>
    <line>
      <![CDATA[Page open succesfully]]>
    </line>
    <line>
      <![CDATA[<h3>  Step 2 : Enter First Name  </h3><br>]]>
    </line>
    <line>
      <![CDATA[<h3>  Step 5 : Enter Password  </h3><br>]]>
    </line>
    <line>
      <![CDATA[Enter Password: <strong><em>ykbympung]]>
    </line>
    <line>
      <![CDATA[Enter First Name: <strong><em>omfvq]]>
    </line>
    <line>
      <![CDATA[<h3>  Step 6 : Click "Join Now" button  </h3><br>]]>
    </line>
    <line>
      <![CDATA[<h3>  Step 3 : Enter Last Name  </h3><br>]]>
    </line>
    <line>
      <![CDATA[Enter Last Name: <strong><em>lfhpi]]>
    </line>
    <line>
      <![CDATA[<h3>  Step 4 : Enter Emailid  </h3><br>]]>
    </line>
    <line>
      <![CDATA[Enter emailid: <strong><em>rahul.pandya00@@mailinator.com]]>
    </line>
    <line>
      <![CDATA[<h3>  Step 5 : Enter Password  </h3><br>]]>
    </line>
    <line>
      <![CDATA[Enter Password: <strong><em>orjqjfdsr]]>
    </line>
    <line>
      <![CDATA[<h3>  Step 6 : Click "Join Now" button  </h3><br>]]>
    </line>
    <line>
      <![CDATA[ User see validation message <p style=color:green><strong><em>PASSED</p></h3>]]>
    </line>
    <line>
      <![CDATA[Case successfully PASSED <hr>]]>
    </line>
    <line>
      <![CDATA[ User can't see any validation message <p style=color:red><strong><em>FAILED</p></h3>]]>
    </line>
    <line>
      <![CDATA[Case successfully PASSED <hr>]]>
    </line>
    <line>
      <![CDATA[<h4><strong><em>----- TESTCASE_22 : To verify that user is enter valid emailid. -----</em></strong></h4>]]>
    </line>
    <line>
      <![CDATA[<h3>  Step 1 : Open URL (http://www.linkedin.com)  </h3><br>]]>
    </line>
    <line>
      <![CDATA[Opening URL <br>]]>
    </line>
    <line>
      <![CDATA[Page open succesfully]]>
    </line>
    <line>
      <![CDATA[<h3>  Step 2 : Enter First Name  </h3><br>]]>
    </line>
    <line>
      <![CDATA[Enter First Name: <strong><em>fktkg]]>
    </line>
    <line>
      <![CDATA[<h3>  Step 3 : Enter Last Name  </h3><br>]]>
    </line>
    <line>
      <![CDATA[Enter Last Name: <strong><em>hrmue]]>
    </line>
    <line>
      <![CDATA[<h3>  Step 4 : Enter Emailid  </h3><br>]]>
    </line>
    <line>
      <![CDATA[Enter emailid: <strong><em>rahul.pandya@-mailinator.com]]>
    </line>
    <line>
      <![CDATA[<h3>  Step 5 : Enter Password  </h3><br>]]>
    </line>
    <line>
      <![CDATA[Enter Password: <strong><em>aqorjcipj]]>
    </line>
    <line>
      <![CDATA[<h4><strong><em>----- TESTCASE_21 : To verify that user is enter valid emailid. -----</em></strong></h4>]]>
    </line>
    <line>
      <![CDATA[<h3>  Step 1 : Open URL (http://www.linkedin.com)  </h3><br>]]>
    </line>
    <line>
      <![CDATA[Opening URL <br>]]>
    </line>
    <line>
      <![CDATA[<h3>  Step 6 : Click "Join Now" button  </h3><br>]]>
    </line>
    <line>
      <![CDATA[Page open succesfully]]>
    </line>
    <line>
      <![CDATA[<h3>  Step 2 : Enter First Name  </h3><br>]]>
    </line>
    <line>
      <![CDATA[Enter First Name: <strong><em>rrpvj]]>
    </line>
    <line>
      <![CDATA[<h3>  Step 3 : Enter Last Name  </h3><br>]]>
    </line>
    <line>
      <![CDATA[Enter Last Name: <strong><em>wofpe]]>
    </line>
    <line>
      <![CDATA[<h3>  Step 4 : Enter Emailid  </h3><br>]]>
    </line>
    <line>
      <![CDATA[Enter emailid: <strong><em>rahul..pandya@mailinator.com]]>
    </line>
    <line>
      <![CDATA[<h3>  Step 5 : Enter Password  </h3><br>]]>
    </line>
    <line>
      <![CDATA[Enter Password: <strong><em>rwiyzrbro]]>
    </line>
    <line>
      <![CDATA[<h3>  Step 6 : Click "Join Now" button  </h3><br>]]>
    </line>
    <line>
      <![CDATA[ User can't see any validation message <p style=color:red><strong><em>FAILED</p></h3>]]>
    </line>
    <line>
      <![CDATA[Case successfully PASSED <hr>]]>
    </line>
    <line>
      <![CDATA[ User can't see any validation message <p style=color:red><strong><em>FAILED</p></h3>]]>
    </line>
    <line>
      <![CDATA[Case successfully PASSED <hr>]]>
    </line>
    <line>
      <![CDATA[<h4><strong><em>----- TESTCASE_11 : To verify that Last Name field should have only characters. -----</em></strong></h4>]]>
    </line>
    <line>
      <![CDATA[<h3>  Step 1 : Open URL (http://www.linkedin.com)  </h3><br>]]>
    </line>
    <line>
      <![CDATA[Opening URL <br>]]>
    </line>
    <line>
      <![CDATA[Page open succesfully]]>
    </line>
    <line>
      <![CDATA[<h3>  Step 2 : Enter First Name  </h3><br>]]>
    </line>
    <line>
      <![CDATA[Enter First Name: <strong><em>xktpc]]>
    </line>
    <line>
      <![CDATA[<h3>  Step 3 : Enter Last Name  </h3><br>]]>
    </line>
    <line>
      <![CDATA[Enter Last Name: <strong><em>]]>
    </line>
    <line>
      <![CDATA[<h3>  Step 4 : Enter Emailid  </h3><br>]]>
    </line>
    <line>
      <![CDATA[Enter emailid: <strong><em>arzincu@mailinator.com]]>
    </line>
    <line>
      <![CDATA[<h3>  Step 5 : Enter Password  </h3><br>]]>
    </line>
    <line>
      <![CDATA[Enter Password: <strong><em>epuaomalm]]>
    </line>
    <line>
      <![CDATA[<h3>  Step 6 : Click "Join Now" button  </h3><br>]]>
    </line>
    <line>
      <![CDATA[ User see validation message <p style=color:green><strong><em>PASSED</p></h3>]]>
    </line>
    <line>
      <![CDATA[Case successfully PASSED <hr>]]>
    </line>
    <line>
      <![CDATA[<h4><strong><em>----- TESTCASE_13 : To verify that Last Name field should have only characters. -----</em></strong></h4>]]>
    </line>
    <line>
      <![CDATA[<h3>  Step 1 : Open URL (http://www.linkedin.com)  </h3><br>]]>
    </line>
    <line>
      <![CDATA[Opening URL <br>]]>
    </line>
    <line>
      <![CDATA[Page open succesfully]]>
    </line>
    <line>
      <![CDATA[<h3>  Step 2 : Enter First Name  </h3><br>]]>
    </line>
    <line>
      <![CDATA[Enter First Name: <strong><em>fpckq]]>
    </line>
    <line>
      <![CDATA[<h3>  Step 3 : Enter Last Name  </h3><br>]]>
    </line>
    <line>
      <![CDATA[Enter Last Name: <strong><em>R@hu!_]]>
    </line>
    <line>
      <![CDATA[<h3>  Step 4 : Enter Emailid  </h3><br>]]>
    </line>
    <line>
      <![CDATA[Enter emailid: <strong><em>zzvxibo@mailinator.com]]>
    </line>
    <line>
      <![CDATA[<h3>  Step 5 : Enter Password  </h3><br>]]>
    </line>
    <line>
      <![CDATA[Enter Password: <strong><em>hsnsywazv]]>
    </line>
    <line>
      <![CDATA[<h4><strong><em>----- TESTCASE_14 : To verify that Last Name field should have only characters. -----</em></strong></h4>]]>
    </line>
    <line>
      <![CDATA[<h3>  Step 1 : Open URL (http://www.linkedin.com)  </h3><br>]]>
    </line>
    <line>
      <![CDATA[<h3>  Step 6 : Click "Join Now" button  </h3><br>]]>
    </line>
    <line>
      <![CDATA[Opening URL <br>]]>
    </line>
    <line>
      <![CDATA[Page open succesfully]]>
    </line>
    <line>
      <![CDATA[<h3>  Step 2 : Enter First Name  </h3><br>]]>
    </line>
    <line>
      <![CDATA[Enter First Name: <strong><em>ncqwv]]>
    </line>
    <line>
      <![CDATA[<h3>  Step 3 : Enter Last Name  </h3><br>]]>
    </line>
    <line>
      <![CDATA[Enter Last Name: <strong><em>Rah Ul]]>
    </line>
    <line>
      <![CDATA[<h3>  Step 4 : Enter Emailid  </h3><br>]]>
    </line>
    <line>
      <![CDATA[Enter emailid: <strong><em>cncbzkx@mailinator.com]]>
    </line>
    <line>
      <![CDATA[<h3>  Step 5 : Enter Password  </h3><br>]]>
    </line>
    <line>
      <![CDATA[Enter Password: <strong><em>ghifmbdxc]]>
    </line>
    <line>
      <![CDATA[<h3>  Step 6 : Click "Join Now" button  </h3><br>]]>
    </line>
    <line>
      <![CDATA[ User can't see any validation message <p style=color:red><strong><em>FAILED</p></h3>]]>
    </line>
    <line>
      <![CDATA[Case successfully PASSED <hr>]]>
    </line>
    <line>
[...]
            </line>
          </reporter-output>
        </test-method> <!-- tab_functionality -->
        <test-method status="PASS" signature="tearDown(org.testng.ITestResult)[pri:0, instance:com.linkedin.cases.CreateNewAccount@b7ec3a]" name="tearDown" is-config="true" duration-ms="590" started-at="2014-09-05T19:07:05Z" finished-at="2014-09-05T19:07:05Z">
          <params>
            <param index="0">
              <value>
                <![CDATA[[TestResult name=tab_functionality status=SUCCESS method=CreateNewAccount.tab_functionality()[pri:0, instance:com.linkedin.cases.CreateNewAccount@b7ec3a] output=<h4><strong><em>----- TESTCASE_40 : To verify that user is see register successful page after enter valid data -----</em></strong></h4>]]]>
              </value>
            </param>
          </params>
          <reporter-output>
          </reporter-output>
        </test-method> <!-- tearDown -->
        <test-method status="PASS" signature="setUp(java.lang.reflect.Method)[pri:0, instance:com.linkedin.cases.CreateNewAccount@b7ec3a]" name="setUp" is-config="true" duration-ms="19931" started-at="2014-09-05T19:07:05Z" finished-at="2014-09-05T19:07:25Z">
          <params>
            <param index="0">
              <value>
                <![CDATA[public void com.linkedin.cases.CreateNewAccount.textbox_edit()]]>
              </value>
            </param>
          </params>
          <reporter-output>
          </reporter-output>
        </test-method> <!-- setUp -->
        <test-method status="PASS" signature="textbox_edit()[pri:0, instance:com.linkedin.cases.CreateNewAccount@b7ec3a]" name="textbox_edit" duration-ms="32365" started-at="2014-09-05T19:07:25Z" finished-at="2014-09-05T19:07:58Z">
          <reporter-output>
            <line>
              <![CDATA[<h4><strong><em>----- TESTCASE_006 : To verify that all text fields are editable. -----</em></strong></h4>]]>
            </line>
            <line>
              <![CDATA[<h3>  Step 1 : Open URL (http://www.linkedin.com)  </h3><br>]]>
            </line>
            <line>
              <![CDATA[Opening URL <br>]]>
            </line>
            <line>
              <![CDATA[Page open succesfully]]>
            </line>
            <line>
              <![CDATA[<h3>  Step 2 : Enter value in textfields  </h3><br>]]>
            </line>
            <line>
              <![CDATA[All textfields are editable <p style=color:green><strong><em>PASSED</p></h3> <br>]]>
            </line>
            <line>
              <![CDATA[Case successfully PASSED <hr>]]>
            </line>
          </reporter-output>
        </test-method> <!-- textbox_edit -->
        <test-method status="PASS" signature="tearDown(org.testng.ITestResult)[pri:0, instance:com.linkedin.cases.CreateNewAccount@b7ec3a]" name="tearDown" is-config="true" duration-ms="548" started-at="2014-09-05T19:07:58Z" finished-at="2014-09-05T19:07:58Z">
          <params>
            <param index="0">
              <value>
                <![CDATA[[TestResult name=textbox_edit status=SUCCESS method=CreateNewAccount.textbox_edit()[pri:0, instance:com.linkedin.cases.CreateNewAccount@b7ec3a] output=<h4><strong><em>----- TESTCASE_006 : To verify that all text fields are editable. -----</em></strong></h4>]]]>
              </value>
            </param>
          </params>
          <reporter-output>
          </reporter-output>
        </test-method> <!-- tearDown -->
        <test-method status="PASS" signature="setUp(java.lang.reflect.Method)[pri:0, instance:com.linkedin.cases.CreateNewAccount@b7ec3a]" name="setUp" is-config="true" duration-ms="18920" started-at="2014-09-05T19:07:58Z" finished-at="2014-09-05T19:08:17Z">
          <params>
            <param index="0">
              <value>
                <![CDATA[public void com.linkedin.cases.CreateNewAccount.useragreement_link()]]>
              </value>
            </param>
          </params>
          <reporter-output>
          </reporter-output>
        </test-method> <!-- setUp -->
        <test-method status="PASS" signature="useragreement_link()[pri:0, instance:com.linkedin.cases.CreateNewAccount@b7ec3a]" name="useragreement_link" duration-ms="19188" started-at="2014-09-05T19:08:17Z" finished-at="2014-09-05T19:08:36Z">
          <reporter-output>
            <line>
              <![CDATA[<h4><strong><em>----- TESTCASE_43 : To verify that User Agreement link is working properly -----</em></strong></h4>]]>
            </line>
            <line>
              <![CDATA[<h3>  Step 1 : Open URL (http://www.linkedin.com)  </h3><br>]]>
            </line>
            <line>
              <![CDATA[Opening URL <br>]]>
            </line>
            <line>
              <![CDATA[Page open succesfully]]>
            </line>
            <line>
              <![CDATA[<h3>  Step 2 : Click on " User Agreement " Link </h3><br>]]>
            </line>
            <line>
              <![CDATA[<br>  User Agreement link is not working properly <p style=color:red><strong><em>FAILED</p></h3>]]>
            </line>
            <line>
              <![CDATA[Case successfully PASSED <hr>]]>
            </line>
          </reporter-output>
        </test-method> <!-- useragreement_link -->
        <test-method status="PASS" signature="tearDown(org.testng.ITestResult)[pri:0, instance:com.linkedin.cases.CreateNewAccount@b7ec3a]" name="tearDown" is-config="true" duration-ms="515" started-at="2014-09-05T19:08:36Z" finished-at="2014-09-05T19:08:37Z">
          <params>
            <param index="0">
              <value>
                <![CDATA[[TestResult name=useragreement_link status=SUCCESS method=CreateNewAccount.useragreement_link()[pri:0, instance:com.linkedin.cases.CreateNewAccount@b7ec3a] output=<h4><strong><em>----- TESTCASE_43 : To verify that User Agreement link is working properly -----</em></strong></h4>]]]>
              </value>
            </param>
          </params>
          <reporter-output>
          </reporter-output>
        </test-method> <!-- tearDown -->
        <test-method status="PASS" signature="setUp(java.lang.reflect.Method)[pri:0, instance:com.linkedin.cases.CreateNewAccount@b7ec3a]" name="setUp" is-config="true" duration-ms="19108" started-at="2014-09-05T19:08:37Z" finished-at="2014-09-05T19:08:56Z">
          <params>
            <param index="0">
              <value>
                <![CDATA[public void com.linkedin.cases.CreateNewAccount.verify_joinnow_button()]]>
              </value>
            </param>
          </params>
          <reporter-output>
          </reporter-output>
        </test-method> <!-- setUp -->
        <test-method status="PASS" signature="verify_joinnow_button()[pri:0, instance:com.linkedin.cases.CreateNewAccount@b7ec3a]" name="verify_joinnow_button" duration-ms="5308" started-at="2014-09-05T19:08:56Z" finished-at="2014-09-05T19:09:01Z">
          <reporter-output>
            <line>
              <![CDATA[<h4><strong><em>----- TESTCASE_004 : To verify that "Join Now" button is work properly -----</em></strong></h4>]]>
            </line>
            <line>
              <![CDATA[<h3>  Step 1 : Open URL (http://www.linkedin.com)  </h3><br>]]>
            </line>
            <line>
              <![CDATA[Opening URL <br>]]>
            </line>
            <line>
              <![CDATA[Page open succesfully]]>
            </line>
            <line>
              <![CDATA[<h3>  Step 2 : Verify "Join Now" button registration page  </h3><br>]]>
            </line>
            <line>
              <![CDATA[ button is Displayed on verify_joinnow_button <p style=color:green><strong><em>PASSED</p></h3>]]>
            </line>
            <line>
              <![CDATA[Case successfully PASSED <hr>]]>
            </line>
          </reporter-output>
        </test-method> <!-- verify_joinnow_button -->
        <test-method status="PASS" signature="tearDown(org.testng.ITestResult)[pri:0, instance:com.linkedin.cases.CreateNewAccount@b7ec3a]" name="tearDown" is-config="true" duration-ms="531" started-at="2014-09-05T19:09:01Z" finished-at="2014-09-05T19:09:02Z">
          <params>
            <param index="0">
              <value>
                <![CDATA[[TestResult name=verify_joinnow_button status=SUCCESS method=CreateNewAccount.verify_joinnow_button()[pri:0, instance:com.linkedin.cases.CreateNewAccount@b7ec3a] output=<h4><strong><em>----- TESTCASE_004 : To verify that "Join Now" button is work properly -----</em></strong></h4>]]]>
              </value>
            </param>
          </params>
          <reporter-output>
          </reporter-output>
        </test-method> <!-- tearDown -->
        <test-method status="PASS" signature="setUp(java.lang.reflect.Method)[pri:0, instance:com.linkedin.cases.CreateNewAccount@b7ec3a]" name="setUp" is-config="true" duration-ms="19076" started-at="2014-09-05T19:09:02Z" finished-at="2014-09-05T19:09:21Z">
          <params>
            <param index="0">
              <value>
                <![CDATA[public void com.linkedin.cases.CreateNewAccount.verify_labels_onpage()]]>
              </value>
            </param>
          </params>
          <reporter-output>
          </reporter-output>
        </test-method> <!-- setUp -->
        <test-method status="PASS" signature="verify_labels_onpage()[pri:0, instance:com.linkedin.cases.CreateNewAccount@b7ec3a]" name="verify_labels_onpage" duration-ms="5671" started-at="2014-09-05T19:09:21Z" finished-at="2014-09-05T19:09:26Z">
          <reporter-output>
            <line>
              <![CDATA[<h4><strong><em>----- TESTCASE_002 : To verify that all labels are visible properly. -----</em></strong></h4>]]>
            </line>
            <line>
              <![CDATA[<h3>  Step 1 : Open URL (http://www.linkedin.com)  </h3><br>]]>
            </line>
            <line>
              <![CDATA[Opening URL <br>]]>
            </line>
            <line>
              <![CDATA[Page open succesfully]]>
            </line>
            <line>
              <![CDATA[<h3>  Step 2 : Verify All labels of page  </h3><br>]]>
            </line>
            <line>
              <![CDATA[<b>Email address <b> Label is Displayed on verify_labels_onpage <p style=color:green><strong><em>PASSED</p></h3><br> ]]>
            </line>
            <line>
              <![CDATA[<b>Password <b> Label is Displayed on verify_labels_onpage <p style=color:green><strong><em>PASSED</p></h3><br> ]]>
            </line>
            <line>
              <![CDATA[<b>Find a colleague: <b> Label is Displayed on verify_labels_onpage <p style=color:green><strong><em>PASSED</p></h3><br> ]]>
            </line>
            <line>
              <![CDATA[Label verification done successfully <br>]]>
            </line>
            <line>
              <![CDATA[Case successfully PASSED <hr>]]>
            </line>
          </reporter-output>
        </test-method> <!-- verify_labels_onpage -->
        <test-method status="PASS" signature="tearDown(org.testng.ITestResult)[pri:0, instance:com.linkedin.cases.CreateNewAccount@b7ec3a]" name="tearDown" is-config="true" duration-ms="514" started-at="2014-09-05T19:09:26Z" finished-at="2014-09-05T19:09:27Z">
          <params>
            <param index="0">
              <value>
                <![CDATA[[TestResult name=verify_labels_onpage status=SUCCESS method=CreateNewAccount.verify_labels_onpage()[pri:0, instance:com.linkedin.cases.CreateNewAccount@b7ec3a] output=<h4><strong><em>----- TESTCASE_002 : To verify that all labels are visible properly. -----</em></strong></h4>]]]>
              </value>
            </param>
          </params>
          <reporter-output>
          </reporter-output>
        </test-method> <!-- tearDown -->
        <test-method status="PASS" signature="setUp(java.lang.reflect.Method)[pri:0, instance:com.linkedin.cases.CreateNewAccount@b7ec3a]" name="setUp" is-config="true" duration-ms="17838" started-at="2014-09-05T19:09:27Z" finished-at="2014-09-05T19:09:45Z">
          <params>
            <param index="0">
              <value>
                <![CDATA[public void com.linkedin.cases.CreateNewAccount.verify_mendatory_fields()]]>
              </value>
            </param>
          </params>
          <reporter-output>
          </reporter-output>
        </test-method> <!-- setUp -->
        <test-method status="PASS" signature="verify_mendatory_fields()[pri:0, instance:com.linkedin.cases.CreateNewAccount@b7ec3a]" name="verify_mendatory_fields" duration-ms="13546" started-at="2014-09-05T19:09:45Z" finished-at="2014-09-05T19:09:58Z">
          <reporter-output>
            <line>
              <![CDATA[<h4><strong><em>----- TESTCASE_003 : To verify all mandatory fields in page. -----</em></strong></h4>]]>
            </line>
            <line>
              <![CDATA[<h3>  Step 1 : Open URL (http://www.linkedin.com)  </h3><br>]]>
            </line>
            <line>
              <![CDATA[Opening URL <br>]]>
            </line>
            <line>
              <![CDATA[Page open succesfully]]>
            </line>
            <line>
              <![CDATA[<h3>  Step 2 : Verify All mendatory of registration page  </h3><br>]]>
            </line>
            <line>
              <![CDATA[All mendatory fields are verified successfully <p style=color:green><strong><em>PASSED</p> <br>]]>
            </line>
            <line>
              <![CDATA[Case successfully PASSED <hr>]]>
            </line>
          </reporter-output>
        </test-method> <!-- verify_mendatory_fields -->
        <test-method status="PASS" signature="tearDown(org.testng.ITestResult)[pri:0, instance:com.linkedin.cases.CreateNewAccount@b7ec3a]" name="tearDown" is-config="true" duration-ms="531" started-at="2014-09-05T19:09:58Z" finished-at="2014-09-05T19:09:59Z">
          <params>
            <param index="0">
              <value>
                <![CDATA[[TestResult name=verify_mendatory_fields status=SUCCESS method=CreateNewAccount.verify_mendatory_fields()[pri:0, instance:com.linkedin.cases.CreateNewAccount@b7ec3a] output=<h4><strong><em>----- TESTCASE_003 : To verify all mandatory fields in page. -----</em></strong></h4>]]]>
              </value>
            </param>
          </params>
          <reporter-output>
          </reporter-output>
        </test-method> <!-- tearDown -->
        <test-method status="PASS" signature="setUp(java.lang.reflect.Method)[pri:0, instance:com.linkedin.cases.CreateNewAccount@b7ec3a]" name="setUp" is-config="true" duration-ms="23286" started-at="2014-09-05T19:09:59Z" finished-at="2014-09-05T19:10:22Z">
          <params>
            <param index="0">
              <value>
                <![CDATA[public void com.linkedin.cases.CreateNewAccount.verify_register_page()]]>
              </value>
            </param>
          </params>
          <reporter-output>
          </reporter-output>
        </test-method> <!-- setUp -->
        <test-method status="PASS" signature="verify_register_page()[pri:0, instance:com.linkedin.cases.CreateNewAccount@b7ec3a]" name="verify_register_page" duration-ms="5092" started-at="2014-09-05T19:10:22Z" finished-at="2014-09-05T19:10:27Z">
          <reporter-output>
            <line>
              <![CDATA[<h4><strong><em>----- TESTCASE_001 : To verify that user see Register Page. -----</em></strong></h4>]]>
            </line>
            <line>
              <![CDATA[<h3> Step 1 : Open URL (http://www.linkedin.com) </h3><br>]]>
            </line>
            <line>
              <![CDATA[Opening URL <br>]]>
            </line>
            <line>
              <![CDATA[Page open succesfully]]>
            </line>
            <line>
              <![CDATA[<h3>  Step 2 : Verify Registration Page  </h3><br>]]>
            </line>
            <line>
              <![CDATA[<h3> Register page open successfully <p style=color:green><strong><em>PASSED</p></h3>]]>
            </line>
            <line>
              <![CDATA[Case successfully PASSED <hr>]]>
            </line>
          </reporter-output>
        </test-method> <!-- verify_register_page -->
        <test-method status="PASS" signature="tearDown(org.testng.ITestResult)[pri:0, instance:com.linkedin.cases.CreateNewAccount@b7ec3a]" name="tearDown" is-config="true" duration-ms="463" started-at="2014-09-05T19:10:27Z" finished-at="2014-09-05T19:10:28Z">
          <params>
            <param index="0">
              <value>
                <![CDATA[[TestResult name=verify_register_page status=SUCCESS method=CreateNewAccount.verify_register_page()[pri:0, instance:com.linkedin.cases.CreateNewAccount@b7ec3a] output=<h4><strong><em>----- TESTCASE_001 : To verify that user see Register Page. -----</em></strong></h4>]]]>
              </value>
            </param>
          </params>
          <reporter-output>
          </reporter-output>
        </test-method> <!-- tearDown -->
        <test-method status="PASS" signature="setUp(java.lang.reflect.Method)[pri:0, instance:com.linkedin.cases.CreateNewAccount@b7ec3a]" name="setUp" is-config="true" duration-ms="19979" started-at="2014-09-05T19:10:28Z" finished-at="2014-09-05T19:10:48Z">
          <params>
            <param index="0">
              <value>
                <![CDATA[public void com.linkedin.cases.CreateNewAccount.verify_validation_msg()]]>
              </value>
            </param>
          </params>
          <reporter-output>
          </reporter-output>
        </test-method> <!-- setUp -->
        <test-method status="PASS" signature="verify_validation_msg()[pri:0, instance:com.linkedin.cases.CreateNewAccount@b7ec3a]" name="verify_validation_msg" duration-ms="15152" started-at="2014-09-05T19:10:48Z" finished-at="2014-09-05T19:11:03Z">
          <reporter-output>
            <line>
              <![CDATA[<h4><strong><em>----- TESTCASE_42 : To verify that validation message appear properly -----</em></strong></h4>]]>
            </line>
            <line>
              <![CDATA[<h3>  Step 1 : Open URL (http://www.linkedin.com)  </h3><br>]]>
            </line>
            <line>
              <![CDATA[Opening URL <br>]]>
            </line>
            <line>
              <![CDATA[Page open succesfully]]>
            </line>
            <line>
              <![CDATA[<h3> Step 2 : Click on " Join Now " button </h3><br>]]>
            </line>
            <line>
              <![CDATA[ Validation message is appear properly <p style=color:green><strong><em>PASSED</p></h3>]]>
            </line>
            <line>
              <![CDATA[Case successfully PASSED <hr>]]>
            </line>
          </reporter-output>
        </test-method> <!-- verify_validation_msg -->
        <test-method status="PASS" signature="tearDown(org.testng.ITestResult)[pri:0, instance:com.linkedin.cases.CreateNewAccount@b7ec3a]" name="tearDown" is-config="true" duration-ms="492" started-at="2014-09-05T19:11:03Z" finished-at="2014-09-05T19:11:03Z">
          <params>
            <param index="0">
              <value>
                <![CDATA[[TestResult name=verify_validation_msg status=SUCCESS method=CreateNewAccount.verify_validation_msg()[pri:0, instance:com.linkedin.cases.CreateNewAccount@b7ec3a] output=<h4><strong><em>----- TESTCASE_42 : To verify that validation message appear properly -----</em></strong></h4>]]]>
              </value>
            </param>
          </params>
          <reporter-output>
          </reporter-output>
        </test-method> <!-- tearDown -->
      </class> <!-- com.linkedin.cases.CreateNewAccount -->
    </test> <!-- Create_New_Account -->
  </suite> <!-- suite -->
</testng-results>
