<?xml version="1.0" encoding="UTF-8"?>
<testng-results skipped="0" failed="0" total="45" passed="45">
  <reporter-output>
    <line>
      <![CDATA[<h4><strong><em>----- TESTCASE_001 : To verify that user see Register Page. -----</em></strong></h4>]]>
    </line>
    <line>
      <![CDATA[<h3> Step 1 : Open URL (http://www.linkedin.com) </h3><br>]]>
    </line>
    <line>
      <![CDATA[Opening URL <br>]]>
    </line>
    <line>
      <![CDATA[Page open succesfully]]>
    </line>
    <line>
      <![CDATA[<h3>  Step 2 : Verify Registration Page  </h3><br>]]>
    </line>
    <line>
      <![CDATA[<h3> Register page open successfully <p style=color:green><strong><em>PASSED</p></h3>]]>
    </line>
    <line>
      <![CDATA[Case successfully PASSED <hr>]]>
    </line>
    <line>
      <![CDATA[<h4><strong><em>----- TESTCASE_002 : To verify that all labels are visible properly. -----</em></strong></h4>]]>
    </line>
    <line>
      <![CDATA[<h3>  Step 1 : Open URL (http://www.linkedin.com)  </h3><br>]]>
    </line>
    <line>
      <![CDATA[Opening URL <br>]]>
    </line>
    <line>
      <![CDATA[Page open succesfully]]>
    </line>
    <line>
      <![CDATA[<h3>  Step 2 : Verify All labels of page  </h3><br>]]>
    </line>
    <line>
      <![CDATA[<b>Email address <b> Label is Displayed on verify_labels_onpage <p style=color:green><strong><em>PASSED</p></h3><br> ]]>
    </line>
    <line>
      <![CDATA[<b>Password <b> Label is Displayed on verify_labels_onpage <p style=color:green><strong><em>PASSED</p></h3><br> ]]>
    </line>
    <line>
      <![CDATA[<b>Find a colleague: <b> Label is Displayed on verify_labels_onpage <p style=color:green><strong><em>PASSED</p></h3><br> ]]>
    </line>
    <line>
      <![CDATA[Label verification done successfully <br>]]>
    </line>
    <line>
      <![CDATA[Case successfully PASSED <hr>]]>
    </line>
    <line>
      <![CDATA[<h4><strong><em>----- TESTCASE_003 : To verify all mandatory fields in page. -----</em></strong></h4>]]>
    </line>
    <line>
      <![CDATA[<h3>  Step 1 : Open URL (http://www.linkedin.com)  </h3><br>]]>
    </line>
    <line>
      <![CDATA[Opening URL <br>]]>
    </line>
    <line>
      <![CDATA[Page open succesfully]]>
    </line>
    <line>
      <![CDATA[<h3>  Step 2 : Verify All mendatory of registration page  </h3><br>]]>
    </line>
    <line>
      <![CDATA[All mendatory fields are verified successfully <p style=color:green><strong><em>PASSED</p> <br>]]>
    </line>
    <line>
      <![CDATA[Case successfully PASSED <hr>]]>
    </line>
    <line>
      <![CDATA[<h4><strong><em>----- TESTCASE_004 : To verify that "Join Now" button is work properly -----</em></strong></h4>]]>
    </line>
    <line>
      <![CDATA[<h3>  Step 1 : Open URL (http://www.linkedin.com)  </h3><br>]]>
    </line>
    <line>
      <![CDATA[Opening URL <br>]]>
    </line>
    <line>
      <![CDATA[Page open succesfully]]>
    </line>
    <line>
      <![CDATA[<h3>  Step 2 : Verify "Join Now" button registration page  </h3><br>]]>
    </line>
    <line>
      <![CDATA[ button is Displayed on verify_joinnow_button <p style=color:green><strong><em>PASSED</p></h3>]]>
    </line>
    <line>
      <![CDATA[Case successfully PASSED <hr>]]>
    </line>
    <line>
      <![CDATA[<h4><strong><em>----- TESTCASE_005 :To verify that "Join Now" button is clickable -----</em></strong></h4>]]>
    </line>
    <line>
      <![CDATA[<h3>  Step 1 : Open URL (http://www.linkedin.com)  </h3><br>]]>
    </line>
    <line>
      <![CDATA[Opening URL <br>]]>
    </line>
    <line>
      <![CDATA[Page open succesfully]]>
    </line>
    <line>
      <![CDATA[<h3>  Step 2 : Click on "Join Now " button on registration page  </h3><br>]]>
    </line>
    <line>
      <![CDATA[ Button click successfully <p style=color:green><strong><em>PASSED</p></h3>]]>
    </line>
    <line>
      <![CDATA[Case successfully PASSED <hr>]]>
    </line>
    <line>
      <![CDATA[<h4><strong><em>----- TESTCASE_006 : To verify that all text fields are editable. -----</em></strong></h4>]]>
    </line>
    <line>
      <![CDATA[<h3>  Step 1 : Open URL (http://www.linkedin.com)  </h3><br>]]>
    </line>
    <line>
      <![CDATA[Opening URL <br>]]>
    </line>
    <line>
      <![CDATA[Page open succesfully]]>
    </line>
    <line>
      <![CDATA[<h3>  Step 2 : Enter value in textfields  </h3><br>]]>
    </line>
    <line>
      <![CDATA[All textfields are editable <p style=color:green><strong><em>PASSED</p></h3> <br>]]>
    </line>
    <line>
      <![CDATA[Case successfully PASSED <hr>]]>
    </line>
    <line>
      <![CDATA[<h4><strong><em>----- TESTCASE_7 : To verify that First Name field should have only characters. -----</em></strong></h4>]]>
    </line>
    <line>
      <![CDATA[<h3>  Step 1 : Open URL (http://www.linkedin.com)  </h3><br>]]>
    </line>
    <line>
      <![CDATA[Opening URL <br>]]>
    </line>
    <line>
      <![CDATA[Page open succesfully]]>
    </line>
    <line>
      <![CDATA[<h3>  Step 2 : Enter First Name  </h3><br>]]>
    </line>
    <line>
      <![CDATA[Enter First Name: <strong><em>]]>
    </line>
    <line>
      <![CDATA[<h3>  Step 3 : Enter Last Name  </h3><br>]]>
    </line>
    <line>
      <![CDATA[Enter Last Name:<strong><em> otmvq]]>
    </line>
    <line>
      <![CDATA[<h3>  Step 4 : Enter Emailid  </h3><br>]]>
    </line>
    <line>
      <![CDATA[Enter emailid: <strong><em>yqerafi@mailinator.com]]>
    </line>
    <line>
      <![CDATA[<h3>  Step 5 : Enter Password  </h3><br>]]>
    </line>
    <line>
      <![CDATA[Enter Password: <strong><em>baakxyuxq]]>
    </line>
    <line>
      <![CDATA[<h3>  Step 6 : Click "Join Now" button  </h3><br>]]>
    </line>
    <line>
      <![CDATA[ User see validation message <p style=color:green><strong><em>PASSED</p></h3>]]>
    </line>
    <line>
      <![CDATA[Case successfully PASSED <hr>]]>
    </line>
    <line>
      <![CDATA[<h4><strong><em>----- TESTCASE_8 : To verify that First Name field should have only characters. -----</em></strong></h4>]]>
    </line>
    <line>
      <![CDATA[<h3>  Step 1 : Open URL (http://www.linkedin.com)  </h3><br>]]>
    </line>
    <line>
      <![CDATA[Opening URL <br>]]>
    </line>
    <line>
      <![CDATA[Page open succesfully]]>
    </line>
    <line>
      <![CDATA[<h3>  Step 2 : Enter First Name  </h3><br>]]>
    </line>
    <line>
      <![CDATA[Enter First Name: <strong><em> Rahul]]>
    </line>
    <line>
      <![CDATA[<h3>  Step 3 : Enter Last Name  </h3><br>]]>
    </line>
    <line>
      <![CDATA[Enter Last Name:<strong><em> qwyqy]]>
    </line>
    <line>
      <![CDATA[<h3>  Step 4 : Enter Emailid  </h3><br>]]>
    </line>
    <line>
      <![CDATA[Enter emailid: <strong><em>widrlok@mailinator.com]]>
    </line>
    <line>
      <![CDATA[<h3>  Step 5 : Enter Password  </h3><br>]]>
    </line>
    <line>
      <![CDATA[Enter Password: <strong><em>bnwutmxhx]]>
    </line>
    <line>
      <![CDATA[<h3>  Step 6 : Click "Join Now" button  </h3><br>]]>
    </line>
    <line>
      <![CDATA[ User can't see any validation message <p style=color:red><strong><em>FAILED</p></h3>]]>
    </line>
    <line>
      <![CDATA[Case successfully PASSED <hr>]]>
    </line>
    <line>
      <![CDATA[<h4><strong><em>----- TESTCASE_9 : To verify that First Name field should have only characters. -----</em></strong></h4>]]>
    </line>
    <line>
      <![CDATA[<h3>  Step 1 : Open URL (http://www.linkedin.com)  </h3><br>]]>
    </line>
    <line>
      <![CDATA[Opening URL <br>]]>
    </line>
    <line>
      <![CDATA[Page open succesfully]]>
    </line>
    <line>
      <![CDATA[<h3>  Step 2 : Enter First Name  </h3><br>]]>
    </line>
    <line>
      <![CDATA[Enter First Name: <strong><em>R@hu!_]]>
    </line>
    <line>
      <![CDATA[<h3>  Step 3 : Enter Last Name  </h3><br>]]>
    </line>
    <line>
      <![CDATA[Enter Last Name:<strong><em> yhuap]]>
    </line>
    <line>
      <![CDATA[<h3>  Step 4 : Enter Emailid  </h3><br>]]>
    </line>
    <line>
      <![CDATA[Enter emailid: <strong><em>qceofch@mailinator.com]]>
    </line>
    <line>
      <![CDATA[<h3>  Step 5 : Enter Password  </h3><br>]]>
    </line>
    <line>
      <![CDATA[Enter Password: <strong><em>wietvhfbn]]>
    </line>
    <line>
      <![CDATA[<h3>  Step 6 : Click "Join Now" button  </h3><br>]]>
    </line>
    <line>
      <![CDATA[ User can't see any validation message <p style=color:red><strong><em>FAILED</p></h3>]]>
    </line>
    <line>
      <![CDATA[Case successfully PASSED <hr>]]>
    </line>
    <line>
      <![CDATA[<h4><strong><em>----- TESTCASE_10 : To verify that First Name field should have only characters. -----</em></strong></h4>]]>
    </line>
    <line>
      <![CDATA[<h3>  Step 1 : Open URL (http://www.linkedin.com)  </h3><br>]]>
    </line>
    <line>
      <![CDATA[Opening URL <br>]]>
    </line>
    <line>
      <![CDATA[Page open succesfully]]>
    </line>
    <line>
      <![CDATA[<h3>  Step 2 : Enter First Name  </h3><br>]]>
    </line>
    <line>
      <![CDATA[Enter First Name: <strong><em>Rah Ul]]>
    </line>
    <line>
      <![CDATA[<h3>  Step 3 : Enter Last Name  </h3><br>]]>
    </line>
    <line>
      <![CDATA[Enter Last Name:<strong><em> ddwfx]]>
    </line>
    <line>
      <![CDATA[<h3>  Step 4 : Enter Emailid  </h3><br>]]>
    </line>
    <line>
      <![CDATA[Enter emailid: <strong><em>tzdmyfc@mailinator.com]]>
    </line>
    <line>
      <![CDATA[<h3>  Step 5 : Enter Password  </h3><br>]]>
    </line>
    <line>
      <![CDATA[Enter Password: <strong><em>hwqquackk]]>
    </line>
    <line>
      <![CDATA[<h3>  Step 6 : Click "Join Now" button  </h3><br>]]>
    </line>
    <line>
      <![CDATA[ User can't see any validation message <p style=color:red><strong><em>FAILED</p></h3>]]>
    </line>
    <line>
      <![CDATA[Case successfully PASSED <hr>]]>
    </line>
    <line>
      <![CDATA[<h4><strong><em>----- TESTCASE_11 : To verify that Last Name field should have only characters. -----</em></strong></h4>]]>
    </line>
    <line>
      <![CDATA[<h3>  Step 1 : Open URL (http://www.linkedin.com)  </h3><br>]]>
    </line>
    <line>
      <![CDATA[Opening URL <br>]]>
    </line>
    <line>
      <![CDATA[Page open succesfully]]>
    </line>
    <line>
      <![CDATA[<h3>  Step 2 : Enter First Name  </h3><br>]]>
    </line>
    <line>
      <![CDATA[Enter First Name: <strong><em>kjqoq]]>
    </line>
    <line>
      <![CDATA[<h3>  Step 3 : Enter Last Name  </h3><br>]]>
    </line>
    <line>
      <![CDATA[Enter Last Name: <strong><em>]]>
    </line>
    <line>
      <![CDATA[<h3>  Step 4 : Enter Emailid  </h3><br>]]>
    </line>
    <line>
      <![CDATA[Enter emailid: <strong><em>eumhaaw@mailinator.com]]>
    </line>
    <line>
      <![CDATA[<h3>  Step 5 : Enter Password  </h3><br>]]>
    </line>
    <line>
      <![CDATA[Enter Password: <strong><em>ejrpljznn]]>
    </line>
    <line>
      <![CDATA[<h3>  Step 6 : Click "Join Now" button  </h3><br>]]>
    </line>
    <line>
      <![CDATA[ User see validation message <p style=color:green><strong><em>PASSED</p></h3>]]>
    </line>
    <line>
      <![CDATA[Case successfully PASSED <hr>]]>
    </line>
    <line>
      <![CDATA[<h4><strong><em>----- TESTCASE_12 : To verify that Last Name field should have only characters. -----</em></strong></h4>]]>
    </line>
    <line>
      <![CDATA[<h3>  Step 1 : Open URL (http://www.linkedin.com)  </h3><br>]]>
    </line>
    <line>
      <![CDATA[Opening URL <br>]]>
    </line>
    <line>
      <![CDATA[Page open succesfully]]>
    </line>
    <line>
      <![CDATA[<h3>  Step 2 : Enter First Name  </h3><br>]]>
    </line>
    <line>
      <![CDATA[Enter First Name: <strong><em>eyftj]]>
    </line>
    <line>
      <![CDATA[<h3>  Step 3 : Enter Last Name  </h3><br>]]>
    </line>
    <line>
      <![CDATA[Enter Last Name: <strong><em> Rahul]]>
    </line>
    <line>
      <![CDATA[<h3>  Step 4 : Enter Emailid  </h3><br>]]>
    </line>
    <line>
      <![CDATA[Enter emailid: <strong><em>dgisuby@mailinator.com]]>
    </line>
    <line>
      <![CDATA[<h3>  Step 5 : Enter Password  </h3><br>]]>
    </line>
    <line>
      <![CDATA[Enter Password: <strong><em>fldygcael]]>
    </line>
    <line>
      <![CDATA[<h3>  Step 6 : Click "Join Now" button  </h3><br>]]>
    </line>
    <line>
      <![CDATA[ User can't see any validation message <p style=color:red><strong><em>FAILED</p></h3>]]>
    </line>
    <line>
      <![CDATA[Case successfully PASSED <hr>]]>
    </line>
    <line>
      <![CDATA[<h4><strong><em>----- TESTCASE_13 : To verify that Last Name field should have only characters. -----</em></strong></h4>]]>
    </line>
    <line>
      <![CDATA[<h3>  Step 1 : Open URL (http://www.linkedin.com)  </h3><br>]]>
    </line>
    <line>
      <![CDATA[Opening URL <br>]]>
    </line>
    <line>
      <![CDATA[Page open succesfully]]>
    </line>
    <line>
      <![CDATA[<h3>  Step 2 : Enter First Name  </h3><br>]]>
    </line>
    <line>
      <![CDATA[Enter First Name: <strong><em>fxgqf]]>
    </line>
    <line>
      <![CDATA[<h3>  Step 3 : Enter Last Name  </h3><br>]]>
    </line>
    <line>
      <![CDATA[Enter Last Name: <strong><em>R@hu!_]]>
    </line>
    <line>
      <![CDATA[<h3>  Step 4 : Enter Emailid  </h3><br>]]>
    </line>
    <line>
      <![CDATA[Enter emailid: <strong><em>wfyecmm@mailinator.com]]>
    </line>
    <line>
      <![CDATA[<h3>  Step 5 : Enter Password  </h3><br>]]>
    </line>
    <line>
      <![CDATA[Enter Password: <strong><em>tkdcvnrox]]>
    </line>
    <line>
      <![CDATA[<h3>  Step 6 : Click "Join Now" button  </h3><br>]]>
    </line>
    <line>
      <![CDATA[ User can't see any validation message <p style=color:red><strong><em>FAILED</p></h3>]]>
    </line>
    <line>
      <![CDATA[Case successfully PASSED <hr>]]>
    </line>
    <line>
      <![CDATA[<h4><strong><em>----- TESTCASE_14 : To verify that Last Name field should have only characters. -----</em></strong></h4>]]>
    </line>
    <line>
      <![CDATA[<h3>  Step 1 : Open URL (http://www.linkedin.com)  </h3><br>]]>
    </line>
    <line>
      <![CDATA[Opening URL <br>]]>
    </line>
    <line>
      <![CDATA[Page open succesfully]]>
    </line>
    <line>
      <![CDATA[<h3>  Step 2 : Enter First Name  </h3><br>]]>
    </line>
    <line>
      <![CDATA[Enter First Name: <strong><em>dpavz]]>
    </line>
    <line>
      <![CDATA[<h3>  Step 3 : Enter Last Name  </h3><br>]]>
    </line>
    <line>
      <![CDATA[Enter Last Name: <strong><em>Rah Ul]]>
    </line>
    <line>
      <![CDATA[<h3>  Step 4 : Enter Emailid  </h3><br>]]>
    </line>
    <line>
      <![CDATA[Enter emailid: <strong><em>cgluzza@mailinator.com]]>
    </line>
    <line>
      <![CDATA[<h3>  Step 5 : Enter Password  </h3><br>]]>
    </line>
    <line>
      <![CDATA[Enter Password: <strong><em>zjmjqysbg]]>
    </line>
    <line>
      <![CDATA[<h3>  Step 6 : Click "Join Now" button  </h3><br>]]>
    </line>
    <line>
      <![CDATA[ User can't see any validation message <p style=color:red><strong><em>FAILED</p></h3>]]>
    </line>
    <line>
      <![CDATA[Case successfully PASSED <hr>]]>
    </line>
    <line>
      <![CDATA[<h4><strong><em>----- TESTCASE_15 : To verify that user is enter valid emailid. -----</em></strong></h4>]]>
    </line>
    <line>
      <![CDATA[<h3>  Step 1 : Open URL (http://www.linkedin.com)  </h3><br>]]>
    </line>
    <line>
      <![CDATA[Opening URL <br>]]>
    </line>
    <line>
      <![CDATA[Page open succesfully]]>
    </line>
    <line>
      <![CDATA[<h3>  Step 2 : Enter First Name  </h3><br>]]>
    </line>
    <line>
      <![CDATA[Enter First Name: <strong><em>bykun]]>
    </line>
    <line>
      <![CDATA[<h3>  Step 3 : Enter Last Name  </h3><br>]]>
    </line>
    <line>
      <![CDATA[Enter Last Name: <strong><em>rhmoa]]>
    </line>
    <line>
      <![CDATA[<h3>  Step 4 : Enter Emailid  </h3><br>]]>
    </line>
    <line>
      <![CDATA[Enter emailid: <strong><em> rahul.pandya@mailinator.com]]>
    </line>
    <line>
      <![CDATA[<h3>  Step 5 : Enter Password  </h3><br>]]>
    </line>
    <line>
      <![CDATA[Enter Password: <strong><em>poolwvcth]]>
    </line>
    <line>
      <![CDATA[<h3>  Step 6 : Click "Join Now" button  </h3><br>]]>
    </line>
    <line>
      <![CDATA[ User can't see any validation message <p style=color:red><strong><em>FAILED</p></h3>]]>
    </line>
    <line>
      <![CDATA[Case successfully PASSED <hr>]]>
    </line>
    <line>
      <![CDATA[<h4><strong><em>----- TESTCASE_16 : To verify that user is enter valid emailid. -----</em></strong></h4>]]>
    </line>
    <line>
      <![CDATA[<h3>  Step 1 : Open URL (http://www.linkedin.com)  </h3><br>]]>
    </line>
    <line>
      <![CDATA[Opening URL <br>]]>
    </line>
    <line>
      <![CDATA[Page open succesfully]]>
    </line>
    <line>
      <![CDATA[<h3>  Step 2 : Enter First Name  </h3><br>]]>
    </line>
    <line>
      <![CDATA[Enter First Name: <strong><em>rzrwx]]>
    </line>
    <line>
      <![CDATA[<h3>  Step 3 : Enter Last Name  </h3><br>]]>
    </line>
    <line>
      <![CDATA[Enter Last Name: <strong><em>rfqwz]]>
    </line>
    <line>
      <![CDATA[<h3>  Step 4 : Enter Emailid  </h3><br>]]>
    </line>
    <line>
      <![CDATA[Enter emailid: <strong><em>rahul.pndya@]]>
    </line>
    <line>
      <![CDATA[<h3>  Step 5 : Enter Password  </h3><br>]]>
    </line>
    <line>
      <![CDATA[Enter Password: <strong><em>oihqvfgwt]]>
    </line>
    <line>
      <![CDATA[<h3>  Step 6 : Click "Join Now" button  </h3><br>]]>
    </line>
    <line>
      <![CDATA[ User see validation message <p style=color:green><strong><em>PASSED</p></h3>]]>
    </line>
    <line>
      <![CDATA[Case successfully PASSED <hr>]]>
    </line>
    <line>
      <![CDATA[<h4><strong><em>----- TESTCASE_17 : To verify that user is enter valid emailid. -----</em></strong></h4>]]>
    </line>
    <line>
      <![CDATA[<h3>  Step 1 : Open URL (http://www.linkedin.com)  </h3><br>]]>
    </line>
    <line>
      <![CDATA[Opening URL <br>]]>
    </line>
    <line>
      <![CDATA[Page open succesfully]]>
    </line>
    <line>
      <![CDATA[<h3>  Step 2 : Enter First Name  </h3><br>]]>
    </line>
    <line>
      <![CDATA[Enter First Name: <strong><em>crlpf]]>
    </line>
    <line>
      <![CDATA[<h3>  Step 3 : Enter Last Name  </h3><br>]]>
    </line>
    <line>
      <![CDATA[Enter Last Name: <strong><em>hbcfo]]>
    </line>
    <line>
      <![CDATA[<h3>  Step 4 : Enter Emailid  </h3><br>]]>
    </line>
    <line>
      <![CDATA[Enter emailid: <strong><em>rahul pandya@mailinator.com]]>
    </line>
    <line>
      <![CDATA[<h3>  Step 5 : Enter Password  </h3><br>]]>
    </line>
    <line>
      <![CDATA[Enter Password: <strong><em>hcyhrhegj]]>
    </line>
    <line>
      <![CDATA[<h3>  Step 6 : Click "Join Now" button  </h3><br>]]>
    </line>
    <line>
      <![CDATA[ User see validation message <p style=color:green><strong><em>PASSED</p></h3>]]>
    </line>
    <line>
      <![CDATA[Case successfully PASSED <hr>]]>
    </line>
    <line>
      <![CDATA[<h4><strong><em>----- TESTCASE_18 : To verify that user is enter valid emailid. -----</em></strong></h4>]]>
    </line>
    <line>
      <![CDATA[<h3>  Step 1 : Open URL (http://www.linkedin.com)  </h3><br>]]>
    </line>
    <line>
      <![CDATA[Opening URL <br>]]>
    </line>
    <line>
      <![CDATA[Page open succesfully]]>
    </line>
    <line>
      <![CDATA[<h3>  Step 2 : Enter First Name  </h3><br>]]>
    </line>
    <line>
      <![CDATA[Enter First Name: <strong><em>tmqpd]]>
    </line>
    <line>
      <![CDATA[<h3>  Step 3 : Enter Last Name  </h3><br>]]>
    </line>
    <line>
      <![CDATA[Enter Last Name: <strong><em>qkjdq]]>
    </line>
    <line>
      <![CDATA[<h3>  Step 4 : Enter Emailid  </h3><br>]]>
    </line>
    <line>
      <![CDATA[Enter emailid: <strong><em>rahul.pandyamailinator.com]]>
    </line>
    <line>
      <![CDATA[<h3>  Step 5 : Enter Password  </h3><br>]]>
    </line>
    <line>
      <![CDATA[Enter Password: <strong><em>roakyzryo]]>
    </line>
    <line>
      <![CDATA[<h3>  Step 6 : Click "Join Now" button  </h3><br>]]>
    </line>
    <line>
      <![CDATA[ User see validation message <p style=color:green><strong><em>PASSED</p></h3>]]>
    </line>
    <line>
      <![CDATA[Case successfully PASSED <hr>]]>
    </line>
    <line>
      <![CDATA[<h4><strong><em>----- TESTCASE_19 : To verify that user is enter valid emailid. -----</em></strong></h4>]]>
    </line>
    <line>
      <![CDATA[<h3>  Step 1 : Open URL (http://www.linkedin.com)  </h3><br>]]>
    </line>
    <line>
      <![CDATA[Opening URL <br>]]>
    </line>
    <line>
      <![CDATA[Page open succesfully]]>
    </line>
    <line>
      <![CDATA[<h3>  Step 2 : Enter First Name  </h3><br>]]>
    </line>
    <line>
      <![CDATA[Enter First Name: <strong><em>ewcip]]>
    </line>
    <line>
      <![CDATA[<h3>  Step 3 : Enter Last Name  </h3><br>]]>
    </line>
    <line>
      <![CDATA[Enter Last Name: <strong><em>niomd]]>
    </line>
    <line>
      <![CDATA[<h3>  Step 4 : Enter Emailid  </h3><br>]]>
    </line>
    <line>
      <![CDATA[Enter emailid: <strong><em>@mailinator.com]]>
    </line>
    <line>
      <![CDATA[<h3>  Step 5 : Enter Password  </h3><br>]]>
    </line>
    <line>
      <![CDATA[Enter Password: <strong><em>vfbfjqytp]]>
    </line>
    <line>
      <![CDATA[<h3>  Step 6 : Click "Join Now" button  </h3><br>]]>
    </line>
    <line>
      <![CDATA[ User see validation message <p style=color:green><strong><em>PASSED</p></h3>]]>
    </line>
    <line>
      <![CDATA[Case successfully PASSED <hr>]]>
    </line>
    <line>
      <![CDATA[<h4><strong><em>----- TESTCASE_20 : To verify that user is enter valid emailid. -----</em></strong></h4>]]>
    </line>
    <line>
      <![CDATA[<h3>  Step 1 : Open URL (http://www.linkedin.com)  </h3><br>]]>
    </line>
    <line>
      <![CDATA[Opening URL <br>]]>
    </line>
    <line>
      <![CDATA[Page open succesfully]]>
    </line>
    <line>
      <![CDATA[<h3>  Step 2 : Enter First Name  </h3><br>]]>
    </line>
    <line>
      <![CDATA[Enter First Name: <strong><em>qzdri]]>
    </line>
    <line>
      <![CDATA[<h3>  Step 3 : Enter Last Name  </h3><br>]]>
    </line>
    <line>
      <![CDATA[Enter Last Name: <strong><em>ngelm]]>
    </line>
    <line>
      <![CDATA[<h3>  Step 4 : Enter Emailid  </h3><br>]]>
    </line>
    <line>
      <![CDATA[Enter emailid: <strong><em>rahul.pandya00@@mailinator.com]]>
    </line>
    <line>
      <![CDATA[<h3>  Step 5 : Enter Password  </h3><br>]]>
    </line>
    <line>
      <![CDATA[Enter Password: <strong><em>dcdcpydfi]]>
    </line>
    <line>
      <![CDATA[<h3>  Step 6 : Click "Join Now" button  </h3><br>]]>
    </line>
    <line>
      <![CDATA[ User see validation message <p style=color:green><strong><em>PASSED</p></h3>]]>
    </line>
    <line>
      <![CDATA[Case successfully PASSED <hr>]]>
    </line>
    <line>
      <![CDATA[<h4><strong><em>----- TESTCASE_21 : To verify that user is enter valid emailid. -----</em></strong></h4>]]>
    </line>
    <line>
      <![CDATA[<h3>  Step 1 : Open URL (http://www.linkedin.com)  </h3><br>]]>
    </line>
    <line>
      <![CDATA[Opening URL <br>]]>
    </line>
    <line>
      <![CDATA[Page open succesfully]]>
    </line>
    <line>
      <![CDATA[<h3>  Step 2 : Enter First Name  </h3><br>]]>
    </line>
    <line>
      <![CDATA[Enter First Name: <strong><em>eybxj]]>
    </line>
    <line>
      <![CDATA[<h3>  Step 3 : Enter Last Name  </h3><br>]]>
    </line>
    <line>
      <![CDATA[Enter Last Name: <strong><em>jpekf]]>
    </line>
    <line>
      <![CDATA[<h3>  Step 4 : Enter Emailid  </h3><br>]]>
    </line>
    <line>
      <![CDATA[Enter emailid: <strong><em>rahul..pandya@mailinator.com]]>
    </line>
    <line>
      <![CDATA[<h3>  Step 5 : Enter Password  </h3><br>]]>
    </line>
    <line>
      <![CDATA[Enter Password: <strong><em>ptruvjmtu]]>
    </line>
    <line>
      <![CDATA[<h3>  Step 6 : Click "Join Now" button  </h3><br>]]>
    </line>
    <line>
      <![CDATA[ User can't see any validation message <p style=color:red><strong><em>FAILED</p></h3>]]>
    </line>
    <line>
      <![CDATA[Case successfully PASSED <hr>]]>
    </line>
    <line>
      <![CDATA[<h4><strong><em>----- TESTCASE_22 : To verify that user is enter valid emailid. -----</em></strong></h4>]]>
    </line>
    <line>
      <![CDATA[<h3>  Step 1 : Open URL (http://www.linkedin.com)  </h3><br>]]>
    </line>
    <line>
      <![CDATA[Opening URL <br>]]>
    </line>
    <line>
      <![CDATA[Page open succesfully]]>
    </line>
    <line>
      <![CDATA[<h3>  Step 2 : Enter First Name  </h3><br>]]>
    </line>
    <line>
      <![CDATA[Enter First Name: <strong><em>eqvef]]>
    </line>
    <line>
      <![CDATA[<h3>  Step 3 : Enter Last Name  </h3><br>]]>
    </line>
    <line>
      <![CDATA[Enter Last Name: <strong><em>pnotd]]>
    </line>
    <line>
      <![CDATA[<h3>  Step 4 : Enter Emailid  </h3><br>]]>
    </line>
    <line>
      <![CDATA[Enter emailid: <strong><em>rahul.pandya@-mailinator.com]]>
    </line>
    <line>
      <![CDATA[<h3>  Step 5 : Enter Password  </h3><br>]]>
    </line>
    <line>
      <![CDATA[Enter Password: <strong><em>cwjdqtfhl]]>
    </line>
    <line>
      <![CDATA[<h3>  Step 6 : Click "Join Now" button  </h3><br>]]>
    </line>
    <line>
      <![CDATA[ User can't see any validation message <p style=color:red><strong><em>FAILED</p></h3>]]>
    </line>
    <line>
      <![CDATA[Case successfully PASSED <hr>]]>
    </line>
    <line>
      <![CDATA[<h4><strong><em>----- TESTCASE_23 : To verify that user is enter valid emailid. -----</em></strong></h4>]]>
    </line>
    <line>
      <![CDATA[<h3>  Step 1 : Open URL (http://www.linkedin.com)  </h3><br>]]>
    </line>
    <line>
      <![CDATA[Opening URL <br>]]>
    </line>
    <line>
      <![CDATA[Page open succesfully]]>
    </line>
    <line>
      <![CDATA[<h3>  Step 2 : Enter First Name  </h3><br>]]>
    </line>
    <line>
      <![CDATA[Enter First Name: <strong><em>fvozc]]>
    </line>
    <line>
      <![CDATA[<h3>  Step 3 : Enter Last Name  </h3><br>]]>
    </line>
    <line>
      <![CDATA[Enter Last Name: <strong><em>qjkti]]>
    </line>
    <line>
      <![CDATA[<h3>  Step 4 : Enter Emailid  </h3><br>]]>
    </line>
    <line>
      <![CDATA[Enter emailid: <strong><em>#$%^%^&%#^&*@mailinator.com]]>
    </line>
    <line>
      <![CDATA[<h3>  Step 5 : Enter Password  </h3><br>]]>
    </line>
    <line>
      <![CDATA[Enter Password: <strong><em>bhyfsooey]]>
    </line>
    <line>
      <![CDATA[<h3>  Step 6 : Click "Join Now" button  </h3><br>]]>
    </line>
    <line>
      <![CDATA[ User see validation message <p style=color:green><strong><em>PASSED</p></h3>]]>
    </line>
    <line>
      <![CDATA[Case successfully PASSED <hr>]]>
    </line>
    <line>
      <![CDATA[<h4><strong><em>----- TESTCASE_24 : To verify that user is enter valid emailid. -----</em></strong></h4>]]>
    </line>
    <line>
      <![CDATA[<h3>  Step 1 : Open URL (http://www.linkedin.com)  </h3><br>]]>
    </line>
    <line>
      <![CDATA[Opening URL <br>]]>
    </line>
    <line>
      <![CDATA[Page open succesfully]]>
    </line>
    <line>
      <![CDATA[<h3>  Step 2 : Enter First Name  </h3><br>]]>
    </line>
    <line>
      <![CDATA[Enter First Name: <strong><em>fbrgb]]>
    </line>
    <line>
      <![CDATA[<h3>  Step 3 : Enter Last Name  </h3><br>]]>
    </line>
    <line>
      <![CDATA[Enter Last Name: <strong><em>kbwde]]>
    </line>
    <line>
      <![CDATA[<h3>  Step 4 : Enter Emailid  </h3><br>]]>
    </line>
    <line>
      <![CDATA[Enter emailid: <strong><em>Rahul Pandya <rahul.pandya@mailinator.com>]]>
    </line>
    <line>
      <![CDATA[<h3>  Step 5 : Enter Password  </h3><br>]]>
    </line>
    <line>
      <![CDATA[Enter Password: <strong><em>yqmuhsaqu]]>
    </line>
    <line>
      <![CDATA[<h3>  Step 6 : Click "Join Now" button  </h3><br>]]>
    </line>
    <line>
      <![CDATA[ User see validation message <p style=color:green><strong><em>PASSED</p></h3>]]>
    </line>
    <line>
      <![CDATA[Case successfully PASSED <hr>]]>
    </line>
    <line>
      <![CDATA[<h4><strong><em>----- TESTCASE_25 : To verify that user is enter valid emailid. -----</em></strong></h4>]]>
    </line>
    <line>
      <![CDATA[<h3>  Step 1 : Open URL (http://www.linkedin.com)  </h3><br>]]>
    </line>
    <line>
      <![CDATA[Opening URL <br>]]>
    </line>
    <line>
      <![CDATA[Page open succesfully]]>
    </line>
    <line>
      <![CDATA[<h3>  Step 2 : Enter First Name  </h3><br>]]>
    </line>
    <line>
      <![CDATA[Enter First Name: <strong><em>syltz]]>
    </line>
    <line>
      <![CDATA[<h3>  Step 3 : Enter Last Name  </h3><br>]]>
    </line>
    <line>
      <![CDATA[Enter Last Name: <strong><em>rkmxi]]>
    </line>
    <line>
      <![CDATA[<h3>  Step 4 : Enter Emailid  </h3><br>]]>
    </line>
    <line>
      <![CDATA[Enter emailid: <strong><em>rahul.pandya00@mailinator.]]>
    </line>
    <line>
      <![CDATA[<h3>  Step 5 : Enter Password  </h3><br>]]>
    </line>
    <line>
      <![CDATA[Enter Password: <strong><em>dpcnwoykj]]>
    </line>
    <line>
      <![CDATA[<h3>  Step 6 : Click "Join Now" button  </h3><br>]]>
    </line>
    <line>
      <![CDATA[ User see validation message <p style=color:green><strong><em>PASSED</p></h3>]]>
    </line>
    <line>
      <![CDATA[Case successfully PASSED <hr>]]>
    </line>
    <line>
      <![CDATA[<h4><strong><em>----- TESTCASE_26 : To verify that user is enter valid emailid. -----</em></strong></h4>]]>
    </line>
    <line>
      <![CDATA[<h3>  Step 1 : Open URL (http://www.linkedin.com)  </h3><br>]]>
    </line>
    <line>
      <![CDATA[Opening URL <br>]]>
    </line>
    <line>
      <![CDATA[Page open succesfully]]>
    </line>
    <line>
      <![CDATA[<h3>  Step 2 : Enter First Name  </h3><br>]]>
    </line>
    <line>
      <![CDATA[Enter First Name: <strong><em>uwpnn]]>
    </line>
    <line>
      <![CDATA[<h3>  Step 3 : Enter Last Name  </h3><br>]]>
    </line>
    <line>
      <![CDATA[Enter Last Name: <strong><em>xvcrg]]>
    </line>
    <line>
      <![CDATA[<h3>  Step 4 : Enter Emailid  </h3><br>]]>
    </line>
    <line>
      <![CDATA[Enter emailid: <strong><em>rahul.pandya@web.net]]>
    </line>
    <line>
      <![CDATA[<h3>  Step 5 : Enter Password  </h3><br>]]>
    </line>
    <line>
      <![CDATA[Enter Password: <strong><em>wcmqtdwnq]]>
    </line>
    <line>
      <![CDATA[<h3>  Step 6 : Click "Join Now" button  </h3><br>]]>
    </line>
    <line>
      <![CDATA[ User can't see any validation message <p style=color:red><strong><em>FAILED</p></h3>]]>
    </line>
    <line>
      <![CDATA[Case successfully PASSED <hr>]]>
    </line>
    <line>
      <![CDATA[<h4><strong><em>----- TESTCASE_27 : To verify that user is enter valid emailid. -----</em></strong></h4>]]>
    </line>
    <line>
      <![CDATA[<h3>  Step 1 : Open URL (http://www.linkedin.com)  </h3><br>]]>
    </line>
    <line>
      <![CDATA[Opening URL <br>]]>
    </line>
    <line>
      <![CDATA[Page open succesfully]]>
    </line>
    <line>
      <![CDATA[<h3>  Step 2 : Enter First Name  </h3><br>]]>
    </line>
    <line>
      <![CDATA[Enter First Name: <strong><em>zgvco]]>
    </line>
    <line>
      <![CDATA[<h3>  Step 3 : Enter Last Name  </h3><br>]]>
    </line>
    <line>
      <![CDATA[Enter Last Name: <strong><em>pasbd]]>
    </line>
    <line>
      <![CDATA[<h3>  Step 4 : Enter Emailid  </h3><br>]]>
    </line>
    <line>
      <![CDATA[Enter emailid: <strong><em>rahul.pandya@111.com]]>
    </line>
    <line>
      <![CDATA[<h3>  Step 5 : Enter Password  </h3><br>]]>
    </line>
    <line>
      <![CDATA[Enter Password: <strong><em>gansidelq]]>
    </line>
    <line>
      <![CDATA[<h3>  Step 6 : Click "Join Now" button  </h3><br>]]>
    </line>
    <line>
      <![CDATA[ User can't see any validation message <p style=color:red><strong><em>FAILED</p></h3>]]>
    </line>
    <line>
      <![CDATA[Case successfully PASSED <hr>]]>
    </line>
    <line>
      <![CDATA[<h4><strong><em>----- TESTCASE_28 : To verify that user is enter valid emailid. -----</em></strong></h4>]]>
    </line>
    <line>
      <![CDATA[<h3>  Step 1 : Open URL (http://www.linkedin.com)  </h3><br>]]>
    </line>
    <line>
      <![CDATA[Opening URL <br>]]>
    </line>
    <line>
      <![CDATA[Page open succesfully]]>
    </line>
    <line>
      <![CDATA[<h3>  Step 2 : Enter First Name  </h3><br>]]>
    </line>
    <line>
      <![CDATA[Enter First Name: <strong><em>gnqzl]]>
    </line>
    <line>
      <![CDATA[<h3>  Step 3 : Enter Last Name  </h3><br>]]>
    </line>
    <line>
      <![CDATA[Enter Last Name: <strong><em>tcbuz]]>
    </line>
    <line>
      <![CDATA[<h3>  Step 4 : Enter Emailid  </h3><br>]]>
    </line>
    <line>
      <![CDATA[Enter emailid: <strong><em>rahul.pandya@mailinator.com (Rahul Pandya)]]>
    </line>
    <line>
      <![CDATA[<h3>  Step 5 : Enter Password  </h3><br>]]>
    </line>
    <line>
      <![CDATA[Enter Password: <strong><em>rzwopimmf]]>
    </line>
    <line>
      <![CDATA[<h3>  Step 6 : Click "Join Now" button  </h3><br>]]>
    </line>
    <line>
      <![CDATA[ User see validation message <p style=color:green><strong><em>PASSED</p></h3>]]>
    </line>
    <line>
      <![CDATA[Case successfully PASSED <hr>]]>
    </line>
    <line>
      <![CDATA[<h4><strong><em>----- TESTCASE_29 : To verify that user is enter valid emailid. -----</em></strong></h4>]]>
    </line>
    <line>
      <![CDATA[<h3>  Step 1 : Open URL (http://www.linkedin.com)  </h3><br>]]>
    </line>
    <line>
      <![CDATA[Opening URL <br>]]>
    </line>
    <line>
      <![CDATA[Page open succesfully]]>
    </line>
    <line>
      <![CDATA[<h3>  Step 2 : Enter First Name  </h3><br>]]>
    </line>
    <line>
      <![CDATA[Enter First Name: <strong><em>lqugy]]>
    </line>
    <line>
      <![CDATA[<h3>  Step 3 : Enter Last Name  </h3><br>]]>
    </line>
    <line>
      <![CDATA[Enter Last Name: <strong><em>ywsyv]]>
    </line>
    <line>
      <![CDATA[<h3>  Step 4 : Enter Emailid  </h3><br>]]>
    </line>
    <line>
      <![CDATA[Enter emailid: <strong><em>rahul.pandya@mailinatorhotmail.com]]>
    </line>
    <line>
      <![CDATA[<h3>  Step 5 : Enter Password  </h3><br>]]>
    </line>
    <line>
      <![CDATA[Enter Password: <strong><em>takjlnutc]]>
    </line>
    <line>
      <![CDATA[<h3>  Step 6 : Click "Join Now" button  </h3><br>]]>
    </line>
    <line>
      <![CDATA[ User can't see any validation message <p style=color:red><strong><em>FAILED</p></h3>]]>
    </line>
    <line>
      <![CDATA[Case successfully PASSED <hr>]]>
    </line>
    <line>
      <![CDATA[<h4><strong><em>----- TESTCASE_30 : To verify that user is enter valid emailid. -----</em></strong></h4>]]>
    </line>
    <line>
      <![CDATA[<h3>  Step 1 : Open URL (http://www.linkedin.com)  </h3><br>]]>
    </line>
    <line>
      <![CDATA[Opening URL <br>]]>
    </line>
    <line>
      <![CDATA[Page open succesfully]]>
    </line>
    <line>
      <![CDATA[<h3>  Step 2 : Enter First Name  </h3><br>]]>
    </line>
    <line>
      <![CDATA[Enter First Name: <strong><em>gvcjx]]>
    </line>
    <line>
      <![CDATA[<h3>  Step 3 : Enter Last Name  </h3><br>]]>
    </line>
    <line>
      <![CDATA[Enter Last Name: <strong><em>ftkez]]>
    </line>
    <line>
      <![CDATA[<h3>  Step 4 : Enter Emailid  </h3><br>]]>
    </line>
    <line>
      <![CDATA[Enter emailid: <strong><em>rahul.pandya@xyz.com]]>
    </line>
    <line>
      <![CDATA[<h3>  Step 5 : Enter Password  </h3><br>]]>
    </line>
    <line>
      <![CDATA[Enter Password: <strong><em>fjcjltbmb]]>
    </line>
    <line>
      <![CDATA[<h3>  Step 6 : Click "Join Now" button  </h3><br>]]>
    </line>
    <line>
      <![CDATA[ User can't see any validation message <p style=color:red><strong><em>FAILED</p></h3>]]>
    </line>
    <line>
      <![CDATA[Case successfully PASSED <hr>]]>
    </line>
    <line>
      <![CDATA[<h4><strong><em>----- TESTCASE_31 : To verify that user is enter valid emailid. -----</em></strong></h4>]]>
    </line>
    <line>
      <![CDATA[<h3>  Step 1 : Open URL (http://www.linkedin.com)  </h3><br>]]>
    </line>
    <line>
      <![CDATA[Opening URL <br>]]>
    </line>
    <line>
      <![CDATA[Page open succesfully]]>
    </line>
    <line>
      <![CDATA[<h3>  Step 2 : Enter First Name  </h3><br>]]>
    </line>
    <line>
      <![CDATA[Enter First Name: <strong><em>gtbld]]>
    </line>
    <line>
      <![CDATA[<h3>  Step 3 : Enter Last Name  </h3><br>]]>
    </line>
    <line>
      <![CDATA[Enter Last Name: <strong><em>rlepx]]>
    </line>
    <line>
      <![CDATA[<h3>  Step 4 : Enter Emailid  </h3><br>]]>
    </line>
    <line>
      <![CDATA[Enter emailid: <strong><em>]]>
    </line>
    <line>
      <![CDATA[<h3>  Step 5 : Enter Password  </h3><br>]]>
    </line>
    <line>
      <![CDATA[Enter Password: <strong><em>xxbpktmqu]]>
    </line>
    <line>
      <![CDATA[<h3>  Step 6 : Click "Join Now" button  </h3><br>]]>
    </line>
    <line>
      <![CDATA[ User see validation message <p style=color:green><strong><em>PASSED</p></h3>]]>
    </line>
    <line>
      <![CDATA[Case successfully PASSED <hr>]]>
    </line>
    <line>
      <![CDATA[<h4><strong><em>----- TESTCASE_32 : To verify that user is enter valid emailid. -----</em></strong></h4>]]>
    </line>
    <line>
      <![CDATA[<h3>  Step 1 : Open URL (http://www.linkedin.com)  </h3><br>]]>
    </line>
    <line>
      <![CDATA[Opening URL <br>]]>
    </line>
    <line>
      <![CDATA[Page open succesfully]]>
    </line>
    <line>
      <![CDATA[<h3>  Step 2 : Enter First Name  </h3><br>]]>
    </line>
    <line>
      <![CDATA[Enter First Name: <strong><em>jxhku]]>
    </line>
    <line>
      <![CDATA[<h3>  Step 3 : Enter Last Name  </h3><br>]]>
    </line>
    <line>
      <![CDATA[Enter Last Name: <strong><em>mswnv]]>
    </line>
    <line>
      <![CDATA[<h3>  Step 4 : Enter Emailid  </h3><br>]]>
    </line>
    <line>
      <![CDATA[Enter emailid: <strong><em>pandya.rahul00@gmail.com]]>
    </line>
    <line>
      <![CDATA[<h3>  Step 5 : Enter Password  </h3><br>]]>
    </line>
    <line>
      <![CDATA[Enter Password: <strong><em>jupmphesy]]>
    </line>
    <line>
      <![CDATA[<h3>  Step 6 : Click "Join Now" button  </h3><br>]]>
    </line>
    <line>
      <![CDATA[ User can't see any validation message <p style=color:red><strong><em>FAILED</p></h3>]]>
    </line>
    <line>
      <![CDATA[Case successfully PASSED <hr>]]>
    </line>
    <line>
      <![CDATA[<h4><strong><em>----- TESTCASE_33 : To verify that user is enter valid Password. -----</em></strong></h4>]]>
    </line>
    <line>
      <![CDATA[<h3>  Step 1 : Open URL (http://www.linkedin.com)  </h3><br>]]>
    </line>
    <line>
      <![CDATA[Opening URL <br>]]>
    </line>
    <line>
      <![CDATA[Page open succesfully]]>
    </line>
    <line>
      <![CDATA[<h3>  Step 2 : Enter First Name  </h3><br>]]>
    </line>
    <line>
      <![CDATA[Enter First Name: <strong><em>lephg]]>
    </line>
    <line>
      <![CDATA[<h3>  Step 3 : Enter Last Name  </h3><br>]]>
    </line>
    <line>
      <![CDATA[Enter Last Name: <strong><em>ginjm]]>
    </line>
    <line>
      <![CDATA[<h3>  Step 4 : Enter Emailid  </h3><br>]]>
    </line>
    <line>
      <![CDATA[Enter emailid: <strong><em>uzobifz@mailinator.com]]>
    </line>
    <line>
      <![CDATA[<h3>  Step 5 : Enter Password  </h3><br>]]>
    </line>
    <line>
      <![CDATA[Enter Password: <strong><em>Jammmiieee]]>
    </line>
    <line>
      <![CDATA[<h3>  Step 6 : Click "Join Now" button  </h3><br>]]>
    </line>
    <line>
      <![CDATA[ User can't see any validation message <p style=color:red><strong><em>FAILED</p></h3>]]>
    </line>
    <line>
      <![CDATA[Case successfully PASSED <hr>]]>
    </line>
    <line>
      <![CDATA[<h4><strong><em>----- TESTCASE_34 : To verify that user is enter valid Password. -----</em></strong></h4>]]>
    </line>
    <line>
      <![CDATA[<h3>  Step 1 : Open URL (http://www.linkedin.com)  </h3><br>]]>
    </line>
    <line>
      <![CDATA[Opening URL <br>]]>
    </line>
    <line>
      <![CDATA[Page open succesfully]]>
    </line>
    <line>
      <![CDATA[<h3>  Step 2 : Enter First Name  </h3><br>]]>
    </line>
    <line>
      <![CDATA[Enter First Name: <strong><em>mnhhe]]>
    </line>
    <line>
      <![CDATA[<h3>  Step 3 : Enter Last Name  </h3><br>]]>
    </line>
    <line>
      <![CDATA[Enter Last Name: <strong><em>wfohs]]>
    </line>
    <line>
      <![CDATA[<h3>  Step 4 : Enter Emailid  </h3><br>]]>
    </line>
    <line>
      <![CDATA[Enter emailid: <strong><em>nqrzzsi@mailinator.com]]>
    </line>
    <line>
      <![CDATA[<h3>  Step 5 : Enter Password  </h3><br>]]>
    </line>
    <line>
      <![CDATA[Enter Password: <strong><em>123456]]>
    </line>
    <line>
      <![CDATA[<h3>  Step 6 : Click "Join Now" button  </h3><br>]]>
    </line>
    <line>
      <![CDATA[ User can't see any validation message <p style=color:red><strong><em>FAILED</p></h3>]]>
    </line>
    <line>
      <![CDATA[Case successfully PASSED <hr>]]>
    </line>
    <line>
      <![CDATA[<h4><strong><em>----- TESTCASE_35 : To verify that user is enter valid Password. -----</em></strong></h4>]]>
    </line>
    <line>
      <![CDATA[<h3>  Step 1 : Open URL (http://www.linkedin.com)  </h3><br>]]>
    </line>
    <line>
      <![CDATA[Opening URL <br>]]>
    </line>
    <line>
      <![CDATA[Page open succesfully]]>
    </line>
    <line>
      <![CDATA[<h3>  Step 2 : Enter First Name  </h3><br>]]>
    </line>
    <line>
      <![CDATA[Enter First Name: <strong><em>ofjay]]>
    </line>
    <line>
      <![CDATA[<h3>  Step 3 : Enter Last Name  </h3><br>]]>
    </line>
    <line>
      <![CDATA[Enter Last Name: <strong><em>jurvi]]>
    </line>
    <line>
      <![CDATA[<h3>  Step 4 : Enter Emailid  </h3><br>]]>
    </line>
    <line>
      <![CDATA[Enter emailid: <strong><em>fywpbdj@mailinator.com]]>
    </line>
    <line>
      <![CDATA[<h3>  Step 5 : Enter Password  </h3><br>]]>
    </line>
    <line>
      <![CDATA[Enter Password: <strong><em>emailid]]>
    </line>
    <line>
      <![CDATA[<h3>  Step 6 : Click "Join Now" button  </h3><br>]]>
    </line>
    <line>
      <![CDATA[ User can't see any validation message <p style=color:red><strong><em>FAILED</p></h3>]]>
    </line>
    <line>
      <![CDATA[Case successfully PASSED <hr>]]>
    </line>
    <line>
      <![CDATA[<h4><strong><em>----- TESTCASE_36 : To verify that user is enter valid Password. -----</em></strong></h4>]]>
    </line>
    <line>
      <![CDATA[<h3>  Step 1 : Open URL (http://www.linkedin.com)  </h3><br>]]>
    </line>
    <line>
      <![CDATA[Opening URL <br>]]>
    </line>
    <line>
      <![CDATA[Page open succesfully]]>
    </line>
    <line>
      <![CDATA[<h3>  Step 2 : Enter First Name  </h3><br>]]>
    </line>
    <line>
      <![CDATA[Enter First Name: <strong><em>yzigq]]>
    </line>
    <line>
      <![CDATA[<h3>  Step 3 : Enter Last Name  </h3><br>]]>
    </line>
    <line>
      <![CDATA[Enter Last Name: <strong><em>shplt]]>
    </line>
    <line>
      <![CDATA[<h3>  Step 4 : Enter Emailid  </h3><br>]]>
    </line>
    <line>
      <![CDATA[Enter emailid: <strong><em>easxdun@mailinator.com]]>
    </line>
    <line>
      <![CDATA[<h3>  Step 5 : Enter Password  </h3><br>]]>
    </line>
    <line>
      <![CDATA[Enter Password: <strong><em>]]>
    </line>
    <line>
      <![CDATA[<h3>  Step 6 : Click "Join Now" button  </h3><br>]]>
    </line>
    <line>
      <![CDATA[ User see validation message <p style=color:green><strong><em>PASSED</p></h3>]]>
    </line>
    <line>
      <![CDATA[Case successfully PASSED <hr>]]>
    </line>
    <line>
      <![CDATA[<h4><strong><em>----- TESTCASE_37 : To verify that user is enter valid Password. -----</em></strong></h4>]]>
    </line>
    <line>
      <![CDATA[<h3>  Step 1 : Open URL (http://www.linkedin.com)  </h3><br>]]>
    </line>
    <line>
      <![CDATA[Opening URL <br>]]>
    </line>
    <line>
      <![CDATA[Page open succesfully]]>
    </line>
    <line>
      <![CDATA[<h3>  Step 2 : Enter First Name  </h3><br>]]>
    </line>
    <line>
      <![CDATA[Enter First Name: <strong><em>pzpvq]]>
    </line>
    <line>
      <![CDATA[<h3>  Step 3 : Enter Last Name  </h3><br>]]>
    </line>
    <line>
      <![CDATA[Enter Last Name: <strong><em>kdyep]]>
    </line>
    <line>
      <![CDATA[<h3>  Step 4 : Enter Emailid  </h3><br>]]>
    </line>
    <line>
      <![CDATA[Enter emailid: <strong><em>ktsssaq@mailinator.com]]>
    </line>
    <line>
      <![CDATA[<h3>  Step 5 : Enter Password  </h3><br>]]>
    </line>
    <line>
      <![CDATA[Enter Password: <strong><em>ra12@]]>
    </line>
    <line>
      <![CDATA[<h3>  Step 6 : Click "Join Now" button  </h3><br>]]>
    </line>
    <line>
      <![CDATA[ User see validation message <p style=color:green><strong><em>PASSED</p></h3>]]>
    </line>
    <line>
      <![CDATA[Case successfully PASSED <hr>]]>
    </line>
    <line>
      <![CDATA[<h4><strong><em>----- TESTCASE_38 : To verify that user is enter valid Password. -----</em></strong></h4>]]>
    </line>
    <line>
      <![CDATA[<h3>  Step 1 : Open URL (http://www.linkedin.com)  </h3><br>]]>
    </line>
    <line>
      <![CDATA[Opening URL <br>]]>
    </line>
    <line>
      <![CDATA[Page open succesfully]]>
    </line>
    <line>
      <![CDATA[<h3>  Step 2 : Enter First Name  </h3><br>]]>
    </line>
    <line>
      <![CDATA[Enter First Name: <strong><em>caguy]]>
    </line>
    <line>
      <![CDATA[<h3>  Step 3 : Enter Last Name  </h3><br>]]>
    </line>
    <line>
      <![CDATA[Enter Last Name: <strong><em>aypog]]>
    </line>
    <line>
      <![CDATA[<h3>  Step 4 : Enter Emailid  </h3><br>]]>
    </line>
    <line>
      <![CDATA[Enter emailid: <strong><em>ciqpaqq@mailinator.com]]>
    </line>
    <line>
      <![CDATA[<h3>  Step 5 : Enter Password  </h3><br>]]>
    </line>
    <line>
      <![CDATA[Enter Password: <strong><em>rahulpa12]]>
    </line>
    <line>
      <![CDATA[<h3>  Step 6 : Click "Join Now" button  </h3><br>]]>
    </line>
    <line>
      <![CDATA[ User can't see any validation message <p style=color:red><strong><em>FAILED</p></h3>]]>
    </line>
    <line>
      <![CDATA[Case successfully PASSED <hr>]]>
    </line>
    <line>
      <![CDATA[<h4><strong><em>----- TESTCASE_39 : To verify that user is see register successful page after enter valid data -----</em></strong></h4>]]>
    </line>
    <line>
      <![CDATA[<h3>  Step 1 : Open URL (http://www.linkedin.com)  </h3><br>]]>
    </line>
    <line>
      <![CDATA[Opening URL <br>]]>
    </line>
    <line>
      <![CDATA[Page open succesfully]]>
    </line>
    <line>
      <![CDATA[<h3>  Step 2 : Enter First Name  </h3><br>]]>
    </line>
    <line>
      <![CDATA[Enter First Name: <strong><em>tzjfh]]>
    </line>
    <line>
      <![CDATA[<h3>  Step 3 : Enter Last Name  </h3><br>]]>
    </line>
    <line>
      <![CDATA[Enter Last Name: <strong><em>kisqy]]>
    </line>
    <line>
      <![CDATA[<h3>  Step 4 : Enter Emailid  </h3><br>]]>
    </line>
    <line>
      <![CDATA[Enter emailid: <strong><em>zroshry@mailinator.com]]>
    </line>
    <line>
      <![CDATA[<h3>  Step 5 : Enter Password  </h3><br>]]>
    </line>
    <line>
      <![CDATA[Enter Password: <strong><em>vxshgjmek]]>
    </line>
    <line>
      <![CDATA[<h3>  Step 6 : Click "Join Now" button  </h3><br>]]>
    </line>
    <line>
      <![CDATA[ Error! User failed to register <p style=color:red><strong><em>FAILED</p></h3>]]>
    </line>
    <line>
      <![CDATA[Case successfully PASSED <hr>]]>
    </line>
    <line>
      <![CDATA[<h4><strong><em>----- TESTCASE_40 : To verify that user is see register successful page after enter valid data -----</em></strong></h4>]]>
    </line>
    <line>
      <![CDATA[<h3>  Step 1 : Open URL (http://www.linkedin.com)  </h3><br>]]>
    </line>
    <line>
      <![CDATA[Opening URL <br>]]>
    </line>
    <line>
      <![CDATA[Page open succesfully]]>
    </line>
    <line>
      <![CDATA[<h3> Step 2 : Press "Tab" key on keyboard  </h3><br>]]>
    </line>
    <line>
      <![CDATA[<h4><strong><em>----- TESTCASE_41 : To verify that user is see register successful page after enter valid data -----</em></strong></h4>]]>
    </line>
    <line>
      <![CDATA[<h3> Step 1 : Open URL (http://www.linkedin.com)  </h3><br>]]>
    </line>
    <line>
      <![CDATA[Opening URL <br>]]>
    </line>
    <line>
      <![CDATA[Page open succesfully]]>
    </line>
    <line>
      <![CDATA[<h3>  Step 2 : Enter First Name  </h3><br>]]>
    </line>
    <line>
      <![CDATA[Enter First Name: <strong><em>obeqx]]>
    </line>
    <line>
      <![CDATA[<h3>  Step 3 : Enter Last Name  </h3><br>]]>
    </line>
    <line>
      <![CDATA[Enter Last Name: <strong><em>xqyyw]]>
    </line>
    <line>
      <![CDATA[<h3>  Step 4 : Enter Emailid  </h3><br>]]>
    </line>
    <line>
      <![CDATA[Enter emailid: <strong><em>rbrfupw@mailinator.com]]>
    </line>
    <line>
      <![CDATA[<h3>  Step 5 : Enter Password  </h3><br>]]>
    </line>
    <line>
      <![CDATA[Enter Password: <strong><em>igfekfgal]]>
    </line>
    <line>
      <![CDATA[<h3>  Step 6 : Click "Enter" in your keyboard  </h3><br>]]>
    </line>
    <line>
      <![CDATA[ Error! ENTER key functionality is not working <p style=color:red><strong><em>FAILED</p></h3>]]>
    </line>
    <line>
      <![CDATA[Case successfully PASSED <hr>]]>
    </line>
    <line>
      <![CDATA[<h4><strong><em>----- TESTCASE_42 : To verify that validation message appear properly -----</em></strong></h4>]]>
    </line>
    <line>
      <![CDATA[<h3>  Step 1 : Open URL (http://www.linkedin.com)  </h3><br>]]>
    </line>
    <line>
      <![CDATA[Opening URL <br>]]>
    </line>
    <line>
      <![CDATA[Page open succesfully]]>
    </line>
    <line>
      <![CDATA[<h3> Step 2 : Click on " Join Now " button </h3><br>]]>
    </line>
    <line>
      <![CDATA[ Validation message is appear properly <p style=color:green><strong><em>PASSED</p></h3>]]>
    </line>
    <line>
      <![CDATA[Case successfully PASSED <hr>]]>
    </line>
    <line>
      <![CDATA[<h4><strong><em>----- TESTCASE_43 : To verify that User Agreement link is working properly -----</em></strong></h4>]]>
    </line>
    <line>
      <![CDATA[<h3>  Step 1 : Open URL (http://www.linkedin.com)  </h3><br>]]>
    </line>
    <line>
      <![CDATA[Opening URL <br>]]>
    </line>
    <line>
      <![CDATA[Page open succesfully]]>
    </line>
    <line>
      <![CDATA[<h3>  Step 2 : Click on " User Agreement " Link </h3><br>]]>
    </line>
    <line>
      <![CDATA[<br>  User Agreement link is not working properly <p style=color:red><strong><em>FAILED</p></h3>]]>
    </line>
    <line>
      <![CDATA[Case successfully PASSED <hr>]]>
    </line>
    <line>
      <![CDATA[<h4><strong><em>----- TESTCASE_44 : To verify that Privacy Policy link is working properly -----</em></strong></h4>]]>
    </line>
    <line>
      <![CDATA[<h3> Step 1 : Open URL (http://www.linkedin.com)  </h3><br>]]>
    </line>
    <line>
      <![CDATA[Opening URL <br>]]>
    </line>
    <line>
      <![CDATA[Page open succesfully]]>
    </line>
    <line>
      <![CDATA[<h3> Step 2 : Click on " Privacy Policy " Link </h3><br>]]>
    </line>
    <line>
      <![CDATA[ <br>Privacy Policy link is working properly <p style=color:green><strong><em>PASSED</p></h3>]]>
    </line>
    <line>
      <![CDATA[Case successfully PASSED <hr>]]>
    </line>
    <line>
      <![CDATA[<h4><strong><em>----- TESTCASE_45 : To verify that Cookie Policy link is working properly -----</em></strong></h4>]]>
    </line>
    <line>
      <![CDATA[<h3> Step 1 : Open URL (http://www.linkedin.com)  </h3><br>]]>
    </line>
    <line>
      <![CDATA[Opening URL <br>]]>
    </line>
    <line>
      <![CDATA[Page open succesfully]]>
    </line>
    <line>
      <![CDATA[<h3> Step 2 : Click on " Cookie Policy " Link </h3><br>]]>
    </line>
    <line>
      <![CDATA[<br> Cookie Policy link is not working properly <p style=color:red><strong><em>FAILED</p></h3>]]>
    </line>
    <line>
      <![CDATA[Case successfully PASSED <hr>]]>
    </line>
  </reporter-output>
  <suite name="suite" duration-ms="2188188" started-at="2014-09-11T07:12:02Z" finished-at="2014-09-11T07:48:30Z">
    <groups>
    </groups>
    <test name="Verify_Register_Page" duration-ms="18250" started-at="2014-09-11T07:12:02Z" finished-at="2014-09-11T07:12:20Z">
      <class name="com.linkedin.cases.CreateNewAccount">
        <test-method status="PASS" signature="fetchSuiteConfiguration(org.testng.ITestContext)[pri:0, instance:com.linkedin.cases.CreateNewAccount@1ba49d]" name="fetchSuiteConfiguration" is-config="true" duration-ms="9" started-at="2014-09-11T12:42:02Z" finished-at="2014-09-11T12:42:02Z">
          <params>
            <param index="0">
              <value>
                <![CDATA[org.testng.TestRunner@6b4a30]]>
              </value>
            </param>
          </params>
          <reporter-output>
          </reporter-output>
        </test-method> <!-- fetchSuiteConfiguration -->
        <test-method status="PASS" signature="setUp(java.lang.reflect.Method)[pri:0, instance:com.linkedin.cases.CreateNewAccount@1ba49d]" name="setUp" is-config="true" duration-ms="11794" started-at="2014-09-11T12:42:02Z" finished-at="2014-09-11T12:42:14Z">
          <params>
            <param index="0">
              <value>
                <![CDATA[public void com.linkedin.cases.CreateNewAccount.verify_register_page()]]>
              </value>
            </param>
          </params>
          <reporter-output>
          </reporter-output>
        </test-method> <!-- setUp -->
        <test-method status="PASS" signature="verify_register_page()[pri:0, instance:com.linkedin.cases.CreateNewAccount@1ba49d]" name="verify_register_page" duration-ms="5661" started-at="2014-09-11T12:42:14Z" finished-at="2014-09-11T12:42:19Z">
          <reporter-output>
            <line>
              <![CDATA[<h4><strong><em>----- TESTCASE_001 : To verify that user see Register Page. -----</em></strong></h4>]]>
            </line>
            <line>
              <![CDATA[<h3> Step 1 : Open URL (http://www.linkedin.com) </h3><br>]]>
            </line>
            <line>
              <![CDATA[Opening URL <br>]]>
            </line>
            <line>
              <![CDATA[Page open succesfully]]>
            </line>
            <line>
              <![CDATA[<h3>  Step 2 : Verify Registration Page  </h3><br>]]>
            </line>
            <line>
              <![CDATA[<h3> Register page open successfully <p style=color:green><strong><em>PASSED</p></h3>]]>
            </line>
            <line>
              <![CDATA[Case successfully PASSED <hr>]]>
            </line>
          </reporter-output>
        </test-method> <!-- verify_register_page -->
        <test-method status="PASS" signature="tearDown(org.testng.ITestResult)[pri:0, instance:com.linkedin.cases.CreateNewAccount@1ba49d]" name="tearDown" is-config="true" duration-ms="767" started-at="2014-09-11T12:42:19Z" finished-at="2014-09-11T12:42:20Z">
          <params>
            <param index="0">
              <value>
                <![CDATA[[TestResult name=verify_register_page status=SUCCESS method=CreateNewAccount.verify_register_page()[pri:0, instance:com.linkedin.cases.CreateNewAccount@1ba49d] output=<h4><strong><em>----- TESTCASE_001 : To verify that user see Register Page. -----</em></strong></h4>]]]>
              </value>
            </param>
          </params>
          <reporter-output>
          </reporter-output>
        </test-method> <!-- tearDown -->
      </class> <!-- com.linkedin.cases.CreateNewAccount -->
    </test> <!-- Verify_Register_Page -->
    <test name="Verify_Label_onPage" duration-ms="23193" started-at="2014-09-11T07:12:20Z" finished-at="2014-09-11T07:12:43Z">
      <class name="com.linkedin.cases.CreateNewAccount">
        <test-method status="PASS" signature="setUp(java.lang.reflect.Method)[pri:0, instance:com.linkedin.cases.CreateNewAccount@fa7139]" name="setUp" is-config="true" duration-ms="13191" started-at="2014-09-11T12:42:20Z" finished-at="2014-09-11T12:42:33Z">
          <params>
            <param index="0">
              <value>
                <![CDATA[public void com.linkedin.cases.CreateNewAccount.verify_labels_onpage()]]>
              </value>
            </param>
          </params>
          <reporter-output>
          </reporter-output>
        </test-method> <!-- setUp -->
        <test-method status="PASS" signature="fetchSuiteConfiguration(org.testng.ITestContext)[pri:0, instance:com.linkedin.cases.CreateNewAccount@fa7139]" name="fetchSuiteConfiguration" is-config="true" duration-ms="0" started-at="2014-09-11T12:42:20Z" finished-at="2014-09-11T12:42:20Z">
          <params>
            <param index="0">
              <value>
                <![CDATA[org.testng.TestRunner@1d7b37]]>
              </value>
            </param>
          </params>
          <reporter-output>
          </reporter-output>
        </test-method> <!-- fetchSuiteConfiguration -->
        <test-method status="PASS" signature="verify_labels_onpage()[pri:0, instance:com.linkedin.cases.CreateNewAccount@fa7139]" name="verify_labels_onpage" duration-ms="9250" started-at="2014-09-11T12:42:33Z" finished-at="2014-09-11T12:42:43Z">
          <reporter-output>
            <line>
              <![CDATA[<h4><strong><em>----- TESTCASE_002 : To verify that all labels are visible properly. -----</em></strong></h4>]]>
            </line>
            <line>
              <![CDATA[<h3>  Step 1 : Open URL (http://www.linkedin.com)  </h3><br>]]>
            </line>
            <line>
              <![CDATA[Opening URL <br>]]>
            </line>
            <line>
              <![CDATA[Page open succesfully]]>
            </line>
            <line>
              <![CDATA[<h3>  Step 2 : Verify All labels of page  </h3><br>]]>
            </line>
            <line>
              <![CDATA[<b>Email address <b> Label is Displayed on verify_labels_onpage <p style=color:green><strong><em>PASSED</p></h3><br> ]]>
            </line>
            <line>
              <![CDATA[<b>Password <b> Label is Displayed on verify_labels_onpage <p style=color:green><strong><em>PASSED</p></h3><br> ]]>
            </line>
            <line>
              <![CDATA[<b>Find a colleague: <b> Label is Displayed on verify_labels_onpage <p style=color:green><strong><em>PASSED</p></h3><br> ]]>
            </line>
            <line>
              <![CDATA[Label verification done successfully <br>]]>
            </line>
            <line>
              <![CDATA[Case successfully PASSED <hr>]]>
            </line>
          </reporter-output>
        </test-method> <!-- verify_labels_onpage -->
        <test-method status="PASS" signature="tearDown(org.testng.ITestResult)[pri:0, instance:com.linkedin.cases.CreateNewAccount@fa7139]" name="tearDown" is-config="true" duration-ms="749" started-at="2014-09-11T12:42:43Z" finished-at="2014-09-11T12:42:43Z">
          <params>
            <param index="0">
              <value>
                <![CDATA[[TestResult name=verify_labels_onpage status=SUCCESS method=CreateNewAccount.verify_labels_onpage()[pri:0, instance:com.linkedin.cases.CreateNewAccount@fa7139] output=<h4><strong><em>----- TESTCASE_002 : To verify that all labels are visible properly. -----</em></strong></h4>]]]>
              </value>
            </param>
          </params>
          <reporter-output>
          </reporter-output>
        </test-method> <!-- tearDown -->
      </class> <!-- com.linkedin.cases.CreateNewAccount -->
    </test> <!-- Verify_Label_onPage -->
    <test name="Verify_Mendatory_Fields" duration-ms="30169" started-at="2014-09-11T07:12:43Z" finished-at="2014-09-11T07:13:14Z">
      <class name="com.linkedin.cases.CreateNewAccount">
        <test-method status="PASS" signature="setUp(java.lang.reflect.Method)[pri:0, instance:com.linkedin.cases.CreateNewAccount@217dc8]" name="setUp" is-config="true" duration-ms="13502" started-at="2014-09-11T12:42:43Z" finished-at="2014-09-11T12:42:57Z">
          <params>
            <param index="0">
              <value>
                <![CDATA[public void com.linkedin.cases.CreateNewAccount.verify_mendatory_fields()]]>
              </value>
            </param>
          </params>
          <reporter-output>
          </reporter-output>
        </test-method> <!-- setUp -->
        <test-method status="PASS" signature="fetchSuiteConfiguration(org.testng.ITestContext)[pri:0, instance:com.linkedin.cases.CreateNewAccount@217dc8]" name="fetchSuiteConfiguration" is-config="true" duration-ms="0" started-at="2014-09-11T12:42:43Z" finished-at="2014-09-11T12:42:43Z">
          <params>
            <param index="0">
              <value>
                <![CDATA[org.testng.TestRunner@1848b3a]]>
              </value>
            </param>
          </params>
          <reporter-output>
          </reporter-output>
        </test-method> <!-- fetchSuiteConfiguration -->
        <test-method status="PASS" signature="verify_mendatory_fields()[pri:0, instance:com.linkedin.cases.CreateNewAccount@217dc8]" name="verify_mendatory_fields" duration-ms="15902" started-at="2014-09-11T12:42:57Z" finished-at="2014-09-11T12:43:13Z">
          <reporter-output>
            <line>
              <![CDATA[<h4><strong><em>----- TESTCASE_003 : To verify all mandatory fields in page. -----</em></strong></h4>]]>
            </line>
            <line>
              <![CDATA[<h3>  Step 1 : Open URL (http://www.linkedin.com)  </h3><br>]]>
            </line>
            <line>
              <![CDATA[Opening URL <br>]]>
            </line>
            <line>
              <![CDATA[Page open succesfully]]>
            </line>
            <line>
              <![CDATA[<h3>  Step 2 : Verify All mendatory of registration page  </h3><br>]]>
            </line>
            <line>
              <![CDATA[All mendatory fields are verified successfully <p style=color:green><strong><em>PASSED</p> <br>]]>
            </line>
            <line>
              <![CDATA[Case successfully PASSED <hr>]]>
            </line>
          </reporter-output>
        </test-method> <!-- verify_mendatory_fields -->
        <test-method status="PASS" signature="tearDown(org.testng.ITestResult)[pri:0, instance:com.linkedin.cases.CreateNewAccount@217dc8]" name="tearDown" is-config="true" duration-ms="763" started-at="2014-09-11T12:43:13Z" finished-at="2014-09-11T12:43:14Z">
          <params>
            <param index="0">
              <value>
                <![CDATA[[TestResult name=verify_mendatory_fields status=SUCCESS method=CreateNewAccount.verify_mendatory_fields()[pri:0, instance:com.linkedin.cases.CreateNewAccount@217dc8] output=<h4><strong><em>----- TESTCASE_003 : To verify all mandatory fields in page. -----</em></strong></h4>]]]>
              </value>
            </param>
          </params>
          <reporter-output>
          </reporter-output>
        </test-method> <!-- tearDown -->
      </class> <!-- com.linkedin.cases.CreateNewAccount -->
    </test> <!-- Verify_Mendatory_Fields -->
    <test name="Verify_Button_Functionality" duration-ms="17806" started-at="2014-09-11T07:13:14Z" finished-at="2014-09-11T07:13:31Z">
      <class name="com.linkedin.cases.CreateNewAccount">
        <test-method status="PASS" signature="fetchSuiteConfiguration(org.testng.ITestContext)[pri:0, instance:com.linkedin.cases.CreateNewAccount@2f06b6]" name="fetchSuiteConfiguration" is-config="true" duration-ms="0" started-at="2014-09-11T12:43:14Z" finished-at="2014-09-11T12:43:14Z">
          <params>
            <param index="0">
              <value>
                <![CDATA[org.testng.TestRunner@d0b391]]>
              </value>
            </param>
          </params>
          <reporter-output>
          </reporter-output>
        </test-method> <!-- fetchSuiteConfiguration -->
        <test-method status="PASS" signature="setUp(java.lang.reflect.Method)[pri:0, instance:com.linkedin.cases.CreateNewAccount@2f06b6]" name="setUp" is-config="true" duration-ms="10422" started-at="2014-09-11T12:43:14Z" finished-at="2014-09-11T12:43:24Z">
          <params>
            <param index="0">
              <value>
                <![CDATA[public void com.linkedin.cases.CreateNewAccount.verify_joinnow_button()]]>
              </value>
            </param>
          </params>
          <reporter-output>
          </reporter-output>
        </test-method> <!-- setUp -->
        <test-method status="PASS" signature="verify_joinnow_button()[pri:0, instance:com.linkedin.cases.CreateNewAccount@2f06b6]" name="verify_joinnow_button" duration-ms="6672" started-at="2014-09-11T12:43:24Z" finished-at="2014-09-11T12:43:31Z">
          <reporter-output>
            <line>
              <![CDATA[<h4><strong><em>----- TESTCASE_004 : To verify that "Join Now" button is work properly -----</em></strong></h4>]]>
            </line>
            <line>
              <![CDATA[<h3>  Step 1 : Open URL (http://www.linkedin.com)  </h3><br>]]>
            </line>
            <line>
              <![CDATA[Opening URL <br>]]>
            </line>
            <line>
              <![CDATA[Page open succesfully]]>
            </line>
            <line>
              <![CDATA[<h3>  Step 2 : Verify "Join Now" button registration page  </h3><br>]]>
            </line>
            <line>
              <![CDATA[ button is Displayed on verify_joinnow_button <p style=color:green><strong><em>PASSED</p></h3>]]>
            </line>
            <line>
              <![CDATA[Case successfully PASSED <hr>]]>
            </line>
          </reporter-output>
        </test-method> <!-- verify_joinnow_button -->
        <test-method status="PASS" signature="tearDown(org.testng.ITestResult)[pri:0, instance:com.linkedin.cases.CreateNewAccount@2f06b6]" name="tearDown" is-config="true" duration-ms="710" started-at="2014-09-11T12:43:31Z" finished-at="2014-09-11T12:43:31Z">
          <params>
            <param index="0">
              <value>
                <![CDATA[[TestResult name=verify_joinnow_button status=SUCCESS method=CreateNewAccount.verify_joinnow_button()[pri:0, instance:com.linkedin.cases.CreateNewAccount@2f06b6] output=<h4><strong><em>----- TESTCASE_004 : To verify that "Join Now" button is work properly -----</em></strong></h4>]]]>
              </value>
            </param>
          </params>
          <reporter-output>
          </reporter-output>
        </test-method> <!-- tearDown -->
      </class> <!-- com.linkedin.cases.CreateNewAccount -->
    </test> <!-- Verify_Button_Functionality -->
    <test name="Click_Button_Functionality" duration-ms="20748" started-at="2014-09-11T07:13:31Z" finished-at="2014-09-11T07:13:52Z">
      <class name="com.linkedin.cases.CreateNewAccount">
        <test-method status="PASS" signature="fetchSuiteConfiguration(org.testng.ITestContext)[pri:0, instance:com.linkedin.cases.CreateNewAccount@14ad296]" name="fetchSuiteConfiguration" is-config="true" duration-ms="1" started-at="2014-09-11T12:43:31Z" finished-at="2014-09-11T12:43:31Z">
          <params>
            <param index="0">
              <value>
                <![CDATA[org.testng.TestRunner@1bd2b60]]>
              </value>
            </param>
          </params>
          <reporter-output>
          </reporter-output>
        </test-method> <!-- fetchSuiteConfiguration -->
        <test-method status="PASS" signature="setUp(java.lang.reflect.Method)[pri:0, instance:com.linkedin.cases.CreateNewAccount@14ad296]" name="setUp" is-config="true" duration-ms="10319" started-at="2014-09-11T12:43:31Z" finished-at="2014-09-11T12:43:42Z">
          <params>
            <param index="0">
              <value>
                <![CDATA[public void com.linkedin.cases.CreateNewAccount.click_joinnow_button()]]>
              </value>
            </param>
          </params>
          <reporter-output>
          </reporter-output>
        </test-method> <!-- setUp -->
        <test-method status="PASS" signature="click_joinnow_button()[pri:0, instance:com.linkedin.cases.CreateNewAccount@14ad296]" name="click_joinnow_button" duration-ms="9759" started-at="2014-09-11T12:43:42Z" finished-at="2014-09-11T12:43:52Z">
          <reporter-output>
            <line>
              <![CDATA[<h4><strong><em>----- TESTCASE_005 :To verify that "Join Now" button is clickable -----</em></strong></h4>]]>
            </line>
            <line>
              <![CDATA[<h3>  Step 1 : Open URL (http://www.linkedin.com)  </h3><br>]]>
            </line>
            <line>
              <![CDATA[Opening URL <br>]]>
            </line>
            <line>
              <![CDATA[Page open succesfully]]>
            </line>
            <line>
              <![CDATA[<h3>  Step 2 : Click on "Join Now " button on registration page  </h3><br>]]>
            </line>
            <line>
              <![CDATA[ Button click successfully <p style=color:green><strong><em>PASSED</p></h3>]]>
            </line>
            <line>
              <![CDATA[Case successfully PASSED <hr>]]>
            </line>
          </reporter-output>
        </test-method> <!-- click_joinnow_button -->
        <test-method status="PASS" signature="tearDown(org.testng.ITestResult)[pri:0, instance:com.linkedin.cases.CreateNewAccount@14ad296]" name="tearDown" is-config="true" duration-ms="669" started-at="2014-09-11T12:43:52Z" finished-at="2014-09-11T12:43:52Z">
          <params>
            <param index="0">
              <value>
                <![CDATA[[TestResult name=click_joinnow_button status=SUCCESS method=CreateNewAccount.click_joinnow_button()[pri:0, instance:com.linkedin.cases.CreateNewAccount@14ad296] output=<h4><strong><em>----- TESTCASE_005 :To verify that "Join Now" button is clickable -----</em></strong></h4>]]]>
              </value>
            </param>
          </params>
          <reporter-output>
          </reporter-output>
        </test-method> <!-- tearDown -->
      </class> <!-- com.linkedin.cases.CreateNewAccount -->
    </test> <!-- Click_Button_Functionality -->
    <test name="Textbox_Edit_Functionality" duration-ms="47855" started-at="2014-09-11T07:13:52Z" finished-at="2014-09-11T07:14:40Z">
      <class name="com.linkedin.cases.CreateNewAccount">
        <test-method status="PASS" signature="fetchSuiteConfiguration(org.testng.ITestContext)[pri:0, instance:com.linkedin.cases.CreateNewAccount@380dbe]" name="fetchSuiteConfiguration" is-config="true" duration-ms="0" started-at="2014-09-11T12:43:52Z" finished-at="2014-09-11T12:43:52Z">
          <params>
            <param index="0">
              <value>
                <![CDATA[org.testng.TestRunner@6ac20f]]>
              </value>
            </param>
          </params>
          <reporter-output>
          </reporter-output>
        </test-method> <!-- fetchSuiteConfiguration -->
        <test-method status="PASS" signature="setUp(java.lang.reflect.Method)[pri:0, instance:com.linkedin.cases.CreateNewAccount@380dbe]" name="setUp" is-config="true" duration-ms="10577" started-at="2014-09-11T12:43:52Z" finished-at="2014-09-11T12:44:03Z">
          <params>
            <param index="0">
              <value>
                <![CDATA[public void com.linkedin.cases.CreateNewAccount.textbox_edit()]]>
              </value>
            </param>
          </params>
          <reporter-output>
          </reporter-output>
        </test-method> <!-- setUp -->
        <test-method status="PASS" signature="textbox_edit()[pri:0, instance:com.linkedin.cases.CreateNewAccount@380dbe]" name="textbox_edit" duration-ms="36641" started-at="2014-09-11T12:44:03Z" finished-at="2014-09-11T12:44:39Z">
          <reporter-output>
            <line>
              <![CDATA[<h4><strong><em>----- TESTCASE_006 : To verify that all text fields are editable. -----</em></strong></h4>]]>
            </line>
            <line>
              <![CDATA[<h3>  Step 1 : Open URL (http://www.linkedin.com)  </h3><br>]]>
            </line>
            <line>
              <![CDATA[Opening URL <br>]]>
            </line>
            <line>
              <![CDATA[Page open succesfully]]>
            </line>
            <line>
              <![CDATA[<h3>  Step 2 : Enter value in textfields  </h3><br>]]>
            </line>
            <line>
              <![CDATA[All textfields are editable <p style=color:green><strong><em>PASSED</p></h3> <br>]]>
            </line>
            <line>
              <![CDATA[Case successfully PASSED <hr>]]>
            </line>
          </reporter-output>
        </test-method> <!-- textbox_edit -->
        <test-method status="PASS" signature="tearDown(org.testng.ITestResult)[pri:0, instance:com.linkedin.cases.CreateNewAccount@380dbe]" name="tearDown" is-config="true" duration-ms="629" started-at="2014-09-11T12:44:39Z" finished-at="2014-09-11T12:44:40Z">
          <params>
            <param index="0">
              <value>
                <![CDATA[[TestResult name=textbox_edit status=SUCCESS method=CreateNewAccount.textbox_edit()[pri:0, instance:com.linkedin.cases.CreateNewAccount@380dbe] output=<h4><strong><em>----- TESTCASE_006 : To verify that all text fields are editable. -----</em></strong></h4>]]]>
              </value>
            </param>
          </params>
          <reporter-output>
          </reporter-output>
        </test-method> <!-- tearDown -->
      </class> <!-- com.linkedin.cases.CreateNewAccount -->
    </test> <!-- Textbox_Edit_Functionality -->
    <test name="Invalid_FirstName" duration-ms="356196" started-at="2014-09-11T07:14:40Z" finished-at="2014-09-11T07:20:36Z">
      <class name="com.linkedin.cases.CreateNewAccount">
        <test-method status="PASS" signature="fetchSuiteConfiguration(org.testng.ITestContext)[pri:0, instance:com.linkedin.cases.CreateNewAccount@17f2ee6]" name="fetchSuiteConfiguration" is-config="true" duration-ms="0" started-at="2014-09-11T12:44:40Z" finished-at="2014-09-11T12:44:40Z">
          <params>
            <param index="0">
              <value>
                <![CDATA[org.testng.TestRunner@ea6f34]]>
              </value>
            </param>
          </params>
          <reporter-output>
          </reporter-output>
        </test-method> <!-- fetchSuiteConfiguration -->
        <test-method status="PASS" signature="setUp(java.lang.reflect.Method)[pri:0, instance:com.linkedin.cases.CreateNewAccount@17f2ee6]" name="setUp" is-config="true" duration-ms="13719" started-at="2014-09-11T12:44:40Z" finished-at="2014-09-11T12:44:54Z">
          <params>
            <param index="0">
              <value>
                <![CDATA[public void com.linkedin.cases.CreateNewAccount.invalidFirstname(java.lang.String,int)]]>
              </value>
            </param>
          </params>
          <reporter-output>
          </reporter-output>
        </test-method> <!-- setUp -->
        <test-method status="PASS" signature="invalidFirstname(java.lang.String, int)[pri:0, instance:com.linkedin.cases.CreateNewAccount@17f2ee6]" name="invalidFirstname" duration-ms="32110" started-at="2014-09-11T12:44:54Z" data-provider="invalidnames" finished-at="2014-09-11T12:45:26Z">
          <params>
            <param index="0">
              <value>
                <![CDATA[]]>
              </value>
            </param>
            <param index="1">
              <value>
                <![CDATA[7]]>
              </value>
            </param>
          </params>
          <reporter-output>
            <line>
              <![CDATA[<h4><strong><em>----- TESTCASE_7 : To verify that First Name field should have only characters. -----</em></strong></h4>]]>
            </line>
            <line>
              <![CDATA[<h3>  Step 1 : Open URL (http://www.linkedin.com)  </h3><br>]]>
            </line>
            <line>
              <![CDATA[Opening URL <br>]]>
            </line>
            <line>
              <![CDATA[Page open succesfully]]>
            </line>
            <line>
              <![CDATA[<h3>  Step 2 : Enter First Name  </h3><br>]]>
            </line>
            <line>
              <![CDATA[Enter First Name: <strong><em>]]>
            </line>
            <line>
              <![CDATA[<h3>  Step 3 : Enter Last Name  </h3><br>]]>
            </line>
            <line>
              <![CDATA[Enter Last Name:<strong><em> otmvq]]>
            </line>
            <line>
              <![CDATA[<h3>  Step 4 : Enter Emailid  </h3><br>]]>
            </line>
            <line>
              <![CDATA[Enter emailid: <strong><em>yqerafi@mailinator.com]]>
            </line>
            <line>
              <![CDATA[<h3>  Step 5 : Enter Password  </h3><br>]]>
            </line>
            <line>
              <![CDATA[Enter Password: <strong><em>baakxyuxq]]>
            </line>
            <line>
              <![CDATA[<h3>  Step 6 : Click "Join Now" button  </h3><br>]]>
            </line>
            <line>
              <![CDATA[ User see validation message <p style=color:green><strong><em>PASSED</p></h3>]]>
            </line>
            <line>
              <![CDATA[Case successfully PASSED <hr>]]>
            </line>
          </reporter-output>
        </test-method> <!-- invalidFirstname -->
[...]
            </line>
            <line>
              <![CDATA[Opening URL <br>]]>
            </line>
            <line>
              <![CDATA[Page open succesfully]]>
            </line>
            <line>
              <![CDATA[<h3> Step 2 : Press "Tab" key on keyboard  </h3><br>]]>
            </line>
          </reporter-output>
        </test-method> <!-- tab_functionality -->
        <test-method status="PASS" signature="tearDown(org.testng.ITestResult)[pri:0, instance:com.linkedin.cases.CreateNewAccount@d4c191]" name="tearDown" is-config="true" duration-ms="781" started-at="2014-09-11T13:15:49Z" finished-at="2014-09-11T13:15:50Z">
          <params>
            <param index="0">
              <value>
                <![CDATA[[TestResult name=tab_functionality status=SUCCESS method=CreateNewAccount.tab_functionality()[pri:0, instance:com.linkedin.cases.CreateNewAccount@d4c191] output=<h4><strong><em>----- TESTCASE_40 : To verify that user is see register successful page after enter valid data -----</em></strong></h4>]]]>
              </value>
            </param>
          </params>
          <reporter-output>
          </reporter-output>
        </test-method> <!-- tearDown -->
      </class> <!-- com.linkedin.cases.CreateNewAccount -->
    </test> <!-- Tab_Functionality -->
    <test name="Onclick_Functionality" duration-ms="44762" started-at="2014-09-11T07:45:50Z" finished-at="2014-09-11T07:46:35Z">
      <class name="com.linkedin.cases.CreateNewAccount">
        <test-method status="PASS" signature="fetchSuiteConfiguration(org.testng.ITestContext)[pri:0, instance:com.linkedin.cases.CreateNewAccount@59fa4]" name="fetchSuiteConfiguration" is-config="true" duration-ms="1" started-at="2014-09-11T13:15:50Z" finished-at="2014-09-11T13:15:50Z">
          <params>
            <param index="0">
              <value>
                <![CDATA[org.testng.TestRunner@1cdf523]]>
              </value>
            </param>
          </params>
          <reporter-output>
          </reporter-output>
        </test-method> <!-- fetchSuiteConfiguration -->
        <test-method status="PASS" signature="setUp(java.lang.reflect.Method)[pri:0, instance:com.linkedin.cases.CreateNewAccount@59fa4]" name="setUp" is-config="true" duration-ms="14328" started-at="2014-09-11T13:15:50Z" finished-at="2014-09-11T13:16:05Z">
          <params>
            <param index="0">
              <value>
                <![CDATA[public void com.linkedin.cases.CreateNewAccount.onclick_functionality()]]>
              </value>
            </param>
          </params>
          <reporter-output>
          </reporter-output>
        </test-method> <!-- setUp -->
        <test-method status="PASS" signature="onclick_functionality()[pri:0, instance:com.linkedin.cases.CreateNewAccount@59fa4]" name="onclick_functionality" duration-ms="29672" started-at="2014-09-11T13:16:05Z" finished-at="2014-09-11T13:16:34Z">
          <reporter-output>
            <line>
              <![CDATA[<h4><strong><em>----- TESTCASE_41 : To verify that user is see register successful page after enter valid data -----</em></strong></h4>]]>
            </line>
            <line>
              <![CDATA[<h3> Step 1 : Open URL (http://www.linkedin.com)  </h3><br>]]>
            </line>
            <line>
              <![CDATA[Opening URL <br>]]>
            </line>
            <line>
              <![CDATA[Page open succesfully]]>
            </line>
            <line>
              <![CDATA[<h3>  Step 2 : Enter First Name  </h3><br>]]>
            </line>
            <line>
              <![CDATA[Enter First Name: <strong><em>obeqx]]>
            </line>
            <line>
              <![CDATA[<h3>  Step 3 : Enter Last Name  </h3><br>]]>
            </line>
            <line>
              <![CDATA[Enter Last Name: <strong><em>xqyyw]]>
            </line>
            <line>
              <![CDATA[<h3>  Step 4 : Enter Emailid  </h3><br>]]>
            </line>
            <line>
              <![CDATA[Enter emailid: <strong><em>rbrfupw@mailinator.com]]>
            </line>
            <line>
              <![CDATA[<h3>  Step 5 : Enter Password  </h3><br>]]>
            </line>
            <line>
              <![CDATA[Enter Password: <strong><em>igfekfgal]]>
            </line>
            <line>
              <![CDATA[<h3>  Step 6 : Click "Enter" in your keyboard  </h3><br>]]>
            </line>
            <line>
              <![CDATA[ Error! ENTER key functionality is not working <p style=color:red><strong><em>FAILED</p></h3>]]>
            </line>
            <line>
              <![CDATA[Case successfully PASSED <hr>]]>
            </line>
          </reporter-output>
        </test-method> <!-- onclick_functionality -->
        <test-method status="PASS" signature="tearDown(org.testng.ITestResult)[pri:0, instance:com.linkedin.cases.CreateNewAccount@59fa4]" name="tearDown" is-config="true" duration-ms="752" started-at="2014-09-11T13:16:34Z" finished-at="2014-09-11T13:16:35Z">
          <params>
            <param index="0">
              <value>
                <![CDATA[[TestResult name=onclick_functionality status=SUCCESS method=CreateNewAccount.onclick_functionality()[pri:0, instance:com.linkedin.cases.CreateNewAccount@59fa4] output=<h4><strong><em>----- TESTCASE_41 : To verify that user is see register successful page after enter valid data -----</em></strong></h4>]]]>
              </value>
            </param>
          </params>
          <reporter-output>
          </reporter-output>
        </test-method> <!-- tearDown -->
      </class> <!-- com.linkedin.cases.CreateNewAccount -->
    </test> <!-- Onclick_Functionality -->
    <test name="Verify_Validation_Msg" duration-ms="31274" started-at="2014-09-11T07:46:35Z" finished-at="2014-09-11T07:47:06Z">
      <class name="com.linkedin.cases.CreateNewAccount">
        <test-method status="PASS" signature="fetchSuiteConfiguration(org.testng.ITestContext)[pri:0, instance:com.linkedin.cases.CreateNewAccount@1dea651]" name="fetchSuiteConfiguration" is-config="true" duration-ms="1" started-at="2014-09-11T13:16:35Z" finished-at="2014-09-11T13:16:35Z">
          <params>
            <param index="0">
              <value>
                <![CDATA[org.testng.TestRunner@990e62]]>
              </value>
            </param>
          </params>
          <reporter-output>
          </reporter-output>
        </test-method> <!-- fetchSuiteConfiguration -->
        <test-method status="PASS" signature="setUp(java.lang.reflect.Method)[pri:0, instance:com.linkedin.cases.CreateNewAccount@1dea651]" name="setUp" is-config="true" duration-ms="14509" started-at="2014-09-11T13:16:35Z" finished-at="2014-09-11T13:16:50Z">
          <params>
            <param index="0">
              <value>
                <![CDATA[public void com.linkedin.cases.CreateNewAccount.verify_validation_msg()]]>
              </value>
            </param>
          </params>
          <reporter-output>
          </reporter-output>
        </test-method> <!-- setUp -->
        <test-method status="PASS" signature="verify_validation_msg()[pri:0, instance:com.linkedin.cases.CreateNewAccount@1dea651]" name="verify_validation_msg" duration-ms="16063" started-at="2014-09-11T13:16:50Z" finished-at="2014-09-11T13:17:06Z">
          <reporter-output>
            <line>
              <![CDATA[<h4><strong><em>----- TESTCASE_42 : To verify that validation message appear properly -----</em></strong></h4>]]>
            </line>
            <line>
              <![CDATA[<h3>  Step 1 : Open URL (http://www.linkedin.com)  </h3><br>]]>
            </line>
            <line>
              <![CDATA[Opening URL <br>]]>
            </line>
            <line>
              <![CDATA[Page open succesfully]]>
            </line>
            <line>
              <![CDATA[<h3> Step 2 : Click on " Join Now " button </h3><br>]]>
            </line>
            <line>
              <![CDATA[ Validation message is appear properly <p style=color:green><strong><em>PASSED</p></h3>]]>
            </line>
            <line>
              <![CDATA[Case successfully PASSED <hr>]]>
            </line>
          </reporter-output>
        </test-method> <!-- verify_validation_msg -->
        <test-method status="PASS" signature="tearDown(org.testng.ITestResult)[pri:0, instance:com.linkedin.cases.CreateNewAccount@1dea651]" name="tearDown" is-config="true" duration-ms="695" started-at="2014-09-11T13:17:06Z" finished-at="2014-09-11T13:17:06Z">
          <params>
            <param index="0">
              <value>
                <![CDATA[[TestResult name=verify_validation_msg status=SUCCESS method=CreateNewAccount.verify_validation_msg()[pri:0, instance:com.linkedin.cases.CreateNewAccount@1dea651] output=<h4><strong><em>----- TESTCASE_42 : To verify that validation message appear properly -----</em></strong></h4>]]]>
              </value>
            </param>
          </params>
          <reporter-output>
          </reporter-output>
        </test-method> <!-- tearDown -->
      </class> <!-- com.linkedin.cases.CreateNewAccount -->
    </test> <!-- Verify_Validation_Msg -->
    <test name="User_Agreement_Link" duration-ms="29628" started-at="2014-09-11T07:47:06Z" finished-at="2014-09-11T07:47:36Z">
      <class name="com.linkedin.cases.CreateNewAccount">
        <test-method status="PASS" signature="fetchSuiteConfiguration(org.testng.ITestContext)[pri:0, instance:com.linkedin.cases.CreateNewAccount@8978c7]" name="fetchSuiteConfiguration" is-config="true" duration-ms="1" started-at="2014-09-11T13:17:06Z" finished-at="2014-09-11T13:17:06Z">
          <params>
            <param index="0">
              <value>
                <![CDATA[org.testng.TestRunner@7f59c7]]>
              </value>
            </param>
          </params>
          <reporter-output>
          </reporter-output>
        </test-method> <!-- fetchSuiteConfiguration -->
        <test-method status="PASS" signature="setUp(java.lang.reflect.Method)[pri:0, instance:com.linkedin.cases.CreateNewAccount@8978c7]" name="setUp" is-config="true" duration-ms="14247" started-at="2014-09-11T13:17:06Z" finished-at="2014-09-11T13:17:21Z">
          <params>
            <param index="0">
              <value>
                <![CDATA[public void com.linkedin.cases.CreateNewAccount.useragreement_link()]]>
              </value>
            </param>
          </params>
          <reporter-output>
          </reporter-output>
        </test-method> <!-- setUp -->
        <test-method status="PASS" signature="useragreement_link()[pri:0, instance:com.linkedin.cases.CreateNewAccount@8978c7]" name="useragreement_link" duration-ms="14622" started-at="2014-09-11T13:17:21Z" finished-at="2014-09-11T13:17:35Z">
          <reporter-output>
            <line>
              <![CDATA[<h4><strong><em>----- TESTCASE_43 : To verify that User Agreement link is working properly -----</em></strong></h4>]]>
            </line>
            <line>
              <![CDATA[<h3>  Step 1 : Open URL (http://www.linkedin.com)  </h3><br>]]>
            </line>
            <line>
              <![CDATA[Opening URL <br>]]>
            </line>
            <line>
              <![CDATA[Page open succesfully]]>
            </line>
            <line>
              <![CDATA[<h3>  Step 2 : Click on " User Agreement " Link </h3><br>]]>
            </line>
            <line>
              <![CDATA[<br>  User Agreement link is not working properly <p style=color:red><strong><em>FAILED</p></h3>]]>
            </line>
            <line>
              <![CDATA[Case successfully PASSED <hr>]]>
            </line>
          </reporter-output>
        </test-method> <!-- useragreement_link -->
        <test-method status="PASS" signature="tearDown(org.testng.ITestResult)[pri:0, instance:com.linkedin.cases.CreateNewAccount@8978c7]" name="tearDown" is-config="true" duration-ms="756" started-at="2014-09-11T13:17:35Z" finished-at="2014-09-11T13:17:36Z">
          <params>
            <param index="0">
              <value>
                <![CDATA[[TestResult name=useragreement_link status=SUCCESS method=CreateNewAccount.useragreement_link()[pri:0, instance:com.linkedin.cases.CreateNewAccount@8978c7] output=<h4><strong><em>----- TESTCASE_43 : To verify that User Agreement link is working properly -----</em></strong></h4>]]]>
              </value>
            </param>
          </params>
          <reporter-output>
          </reporter-output>
        </test-method> <!-- tearDown -->
      </class> <!-- com.linkedin.cases.CreateNewAccount -->
    </test> <!-- User_Agreement_Link -->
    <test name="Privacy_Policy_Link" duration-ms="26766" started-at="2014-09-11T07:47:36Z" finished-at="2014-09-11T07:48:03Z">
      <class name="com.linkedin.cases.CreateNewAccount">
        <test-method status="PASS" signature="fetchSuiteConfiguration(org.testng.ITestContext)[pri:0, instance:com.linkedin.cases.CreateNewAccount@1cfb8d3]" name="fetchSuiteConfiguration" is-config="true" duration-ms="1" started-at="2014-09-11T13:17:36Z" finished-at="2014-09-11T13:17:36Z">
          <params>
            <param index="0">
              <value>
                <![CDATA[org.testng.TestRunner@df2b8f]]>
              </value>
            </param>
          </params>
          <reporter-output>
          </reporter-output>
        </test-method> <!-- fetchSuiteConfiguration -->
        <test-method status="PASS" signature="setUp(java.lang.reflect.Method)[pri:0, instance:com.linkedin.cases.CreateNewAccount@1cfb8d3]" name="setUp" is-config="true" duration-ms="11421" started-at="2014-09-11T13:17:36Z" finished-at="2014-09-11T13:17:47Z">
          <params>
            <param index="0">
              <value>
                <![CDATA[public void com.linkedin.cases.CreateNewAccount.privacypolicy_link()]]>
              </value>
            </param>
          </params>
          <reporter-output>
          </reporter-output>
        </test-method> <!-- setUp -->
        <test-method status="PASS" signature="privacypolicy_link()[pri:0, instance:com.linkedin.cases.CreateNewAccount@1cfb8d3]" name="privacypolicy_link" duration-ms="14649" started-at="2014-09-11T13:17:47Z" finished-at="2014-09-11T13:18:02Z">
          <reporter-output>
            <line>
              <![CDATA[<h4><strong><em>----- TESTCASE_44 : To verify that Privacy Policy link is working properly -----</em></strong></h4>]]>
            </line>
            <line>
              <![CDATA[<h3> Step 1 : Open URL (http://www.linkedin.com)  </h3><br>]]>
            </line>
            <line>
              <![CDATA[Opening URL <br>]]>
            </line>
            <line>
              <![CDATA[Page open succesfully]]>
            </line>
            <line>
              <![CDATA[<h3> Step 2 : Click on " Privacy Policy " Link </h3><br>]]>
            </line>
            <line>
              <![CDATA[ <br>Privacy Policy link is working properly <p style=color:green><strong><em>PASSED</p></h3>]]>
            </line>
            <line>
              <![CDATA[Case successfully PASSED <hr>]]>
            </line>
          </reporter-output>
        </test-method> <!-- privacypolicy_link -->
        <test-method status="PASS" signature="tearDown(org.testng.ITestResult)[pri:0, instance:com.linkedin.cases.CreateNewAccount@1cfb8d3]" name="tearDown" is-config="true" duration-ms="695" started-at="2014-09-11T13:18:02Z" finished-at="2014-09-11T13:18:03Z">
          <params>
            <param index="0">
              <value>
                <![CDATA[[TestResult name=privacypolicy_link status=SUCCESS method=CreateNewAccount.privacypolicy_link()[pri:0, instance:com.linkedin.cases.CreateNewAccount@1cfb8d3] output=<h4><strong><em>----- TESTCASE_44 : To verify that Privacy Policy link is working properly -----</em></strong></h4>]]]>
              </value>
            </param>
          </params>
          <reporter-output>
          </reporter-output>
        </test-method> <!-- tearDown -->
      </class> <!-- com.linkedin.cases.CreateNewAccount -->
    </test> <!-- Privacy_Policy_Link -->
    <test name="Cookie_Policy_Link" duration-ms="27281" started-at="2014-09-11T07:48:03Z" finished-at="2014-09-11T07:48:30Z">
      <class name="com.linkedin.cases.CreateNewAccount">
        <test-method status="PASS" signature="fetchSuiteConfiguration(org.testng.ITestContext)[pri:0, instance:com.linkedin.cases.CreateNewAccount@d809e3]" name="fetchSuiteConfiguration" is-config="true" duration-ms="1" started-at="2014-09-11T13:18:03Z" finished-at="2014-09-11T13:18:03Z">
          <params>
            <param index="0">
              <value>
                <![CDATA[org.testng.TestRunner@1a4f434]]>
              </value>
            </param>
          </params>
          <reporter-output>
          </reporter-output>
        </test-method> <!-- fetchSuiteConfiguration -->
        <test-method status="PASS" signature="setUp(java.lang.reflect.Method)[pri:0, instance:com.linkedin.cases.CreateNewAccount@d809e3]" name="setUp" is-config="true" duration-ms="11388" started-at="2014-09-11T13:18:03Z" finished-at="2014-09-11T13:18:14Z">
          <params>
            <param index="0">
              <value>
                <![CDATA[public void com.linkedin.cases.CreateNewAccount.cookiepolicy_link()]]>
              </value>
            </param>
          </params>
          <reporter-output>
          </reporter-output>
        </test-method> <!-- setUp -->
        <test-method status="PASS" signature="cookiepolicy_link()[pri:0, instance:com.linkedin.cases.CreateNewAccount@d809e3]" name="cookiepolicy_link" duration-ms="15202" started-at="2014-09-11T13:18:14Z" finished-at="2014-09-11T13:18:29Z">
          <reporter-output>
            <line>
              <![CDATA[<h4><strong><em>----- TESTCASE_45 : To verify that Cookie Policy link is working properly -----</em></strong></h4>]]>
            </line>
            <line>
              <![CDATA[<h3> Step 1 : Open URL (http://www.linkedin.com)  </h3><br>]]>
            </line>
            <line>
              <![CDATA[Opening URL <br>]]>
            </line>
            <line>
              <![CDATA[Page open succesfully]]>
            </line>
            <line>
              <![CDATA[<h3> Step 2 : Click on " Cookie Policy " Link </h3><br>]]>
            </line>
            <line>
              <![CDATA[<br> Cookie Policy link is not working properly <p style=color:red><strong><em>FAILED</p></h3>]]>
            </line>
            <line>
              <![CDATA[Case successfully PASSED <hr>]]>
            </line>
          </reporter-output>
        </test-method> <!-- cookiepolicy_link -->
        <test-method status="PASS" signature="tearDown(org.testng.ITestResult)[pri:0, instance:com.linkedin.cases.CreateNewAccount@d809e3]" name="tearDown" is-config="true" duration-ms="688" started-at="2014-09-11T13:18:29Z" finished-at="2014-09-11T13:18:30Z">
          <params>
            <param index="0">
              <value>
                <![CDATA[[TestResult name=cookiepolicy_link status=SUCCESS method=CreateNewAccount.cookiepolicy_link()[pri:0, instance:com.linkedin.cases.CreateNewAccount@d809e3] output=<h4><strong><em>----- TESTCASE_45 : To verify that Cookie Policy link is working properly -----</em></strong></h4>]]]>
              </value>
            </param>
          </params>
          <reporter-output>
          </reporter-output>
        </test-method> <!-- tearDown -->
      </class> <!-- com.linkedin.cases.CreateNewAccount -->
    </test> <!-- Cookie_Policy_Link -->
  </suite> <!-- suite -->
</testng-results>
