<?xml version="1.0" encoding="UTF-8"?>
<!-- Generated by org.testng.reporters.JUnitXMLReporter -->
<testsuite hostname="Rahul_P" name="FirstName_SpecChar" tests="45" failures="0" timestamp="10 Sep 2014 08:30:58 GMT" time="0.095" errors="0">
  <testcase name="@BeforeMethod setUp" time="0.0" classname="com.linkedin.cases.CreateNewAccount">
    <failure type="java.lang.NullPointerException" message="null value in entry: desiredCapabilities=null">
      <![CDATA[java.lang.NullPointerException: null value in entry: desiredCapabilities=null
	at com.google.common.collect.CollectPreconditions.checkEntryNotNull(CollectPreconditions.java:33)
	at com.google.common.collect.ImmutableMap.entryOf(ImmutableMap.java:135)
	at com.google.common.collect.ImmutableMap$Builder.put(ImmutableMap.java:206)
	at org.openqa.selenium.remote.RemoteWebDriver.startSession(RemoteWebDriver.java:234)
	at org.openqa.selenium.remote.RemoteWebDriver.<init>(RemoteWebDriver.java:126)
	at org.openqa.selenium.remote.RemoteWebDriver.<init>(RemoteWebDriver.java:153)
	at com.linkedin.init.SeleniumInit.setUp(SeleniumInit.java:304)
... Removed 26 stack frames]]>
    </failure>
  </testcase> <!-- @BeforeMethod setUp -->
  <testcase name="@BeforeMethod setUp" time="0.0" classname="com.linkedin.cases.CreateNewAccount">
    <skipped/>
  </testcase> <!-- @BeforeMethod setUp -->
  <testcase name="@BeforeMethod setUp" time="0.0" classname="com.linkedin.cases.CreateNewAccount">
    <skipped/>
  </testcase> <!-- @BeforeMethod setUp -->
  <testcase name="@BeforeMethod setUp" time="0.0" classname="com.linkedin.cases.CreateNewAccount">
    <skipped/>
  </testcase> <!-- @BeforeMethod setUp -->
  <testcase name="@BeforeMethod setUp" time="0.0" classname="com.linkedin.cases.CreateNewAccount">
    <skipped/>
  </testcase> <!-- @BeforeMethod setUp -->
  <testcase name="@BeforeMethod setUp" time="0.0" classname="com.linkedin.cases.CreateNewAccount">
    <skipped/>
  </testcase> <!-- @BeforeMethod setUp -->
  <testcase name="@BeforeMethod setUp" time="0.0" classname="com.linkedin.cases.CreateNewAccount">
    <skipped/>
  </testcase> <!-- @BeforeMethod setUp -->
  <testcase name="@BeforeMethod setUp" time="0.0" classname="com.linkedin.cases.CreateNewAccount">
    <skipped/>
  </testcase> <!-- @BeforeMethod setUp -->
  <testcase name="@BeforeMethod setUp" time="0.0" classname="com.linkedin.cases.CreateNewAccount">
    <skipped/>
  </testcase> <!-- @BeforeMethod setUp -->
  <testcase name="@BeforeMethod setUp" time="0.0" classname="com.linkedin.cases.CreateNewAccount">
    <skipped/>
  </testcase> <!-- @BeforeMethod setUp -->
  <testcase name="@BeforeMethod setUp" time="0.0" classname="com.linkedin.cases.CreateNewAccount">
    <skipped/>
  </testcase> <!-- @BeforeMethod setUp -->
  <testcase name="@BeforeMethod setUp" time="0.0" classname="com.linkedin.cases.CreateNewAccount">
    <skipped/>
  </testcase> <!-- @BeforeMethod setUp -->
  <testcase name="@BeforeMethod setUp" time="0.0" classname="com.linkedin.cases.CreateNewAccount">
    <skipped/>
  </testcase> <!-- @BeforeMethod setUp -->
  <testcase name="@BeforeMethod setUp" time="0.0" classname="com.linkedin.cases.CreateNewAccount">
    <skipped/>
  </testcase> <!-- @BeforeMethod setUp -->
  <testcase name="@BeforeMethod setUp" time="0.0" classname="com.linkedin.cases.CreateNewAccount">
    <skipped/>
  </testcase> <!-- @BeforeMethod setUp -->
  <testcase name="@BeforeMethod setUp" time="0.0" classname="com.linkedin.cases.CreateNewAccount">
    <skipped/>
  </testcase> <!-- @BeforeMethod setUp -->
  <testcase name="@BeforeMethod setUp" time="0.0" classname="com.linkedin.cases.CreateNewAccount">
    <skipped/>
  </testcase> <!-- @BeforeMethod setUp -->
  <testcase name="@BeforeMethod setUp" time="0.0" classname="com.linkedin.cases.CreateNewAccount">
    <skipped/>
  </testcase> <!-- @BeforeMethod setUp -->
  <testcase name="@BeforeMethod setUp" time="0.0" classname="com.linkedin.cases.CreateNewAccount">
    <skipped/>
  </testcase> <!-- @BeforeMethod setUp -->
  <testcase name="@BeforeMethod setUp" time="0.0" classname="com.linkedin.cases.CreateNewAccount">
    <skipped/>
  </testcase> <!-- @BeforeMethod setUp -->
  <testcase name="@BeforeMethod setUp" time="0.0" classname="com.linkedin.cases.CreateNewAccount">
    <skipped/>
  </testcase> <!-- @BeforeMethod setUp -->
  <testcase name="@BeforeMethod setUp" time="0.0" classname="com.linkedin.cases.CreateNewAccount">
    <skipped/>
  </testcase> <!-- @BeforeMethod setUp -->
  <testcase name="@BeforeMethod setUp" time="0.0" classname="com.linkedin.cases.CreateNewAccount">
    <skipped/>
  </testcase> <!-- @BeforeMethod setUp -->
  <testcase name="@BeforeMethod setUp" time="0.0" classname="com.linkedin.cases.CreateNewAccount">
    <skipped/>
  </testcase> <!-- @BeforeMethod setUp -->
  <testcase name="@BeforeMethod setUp" time="0.0" classname="com.linkedin.cases.CreateNewAccount">
    <skipped/>
  </testcase> <!-- @BeforeMethod setUp -->
  <testcase name="@BeforeMethod setUp" time="0.0" classname="com.linkedin.cases.CreateNewAccount">
    <skipped/>
  </testcase> <!-- @BeforeMethod setUp -->
  <testcase name="@BeforeMethod setUp" time="0.0" classname="com.linkedin.cases.CreateNewAccount">
    <skipped/>
  </testcase> <!-- @BeforeMethod setUp -->
  <testcase name="@BeforeMethod setUp" time="0.0" classname="com.linkedin.cases.CreateNewAccount">
    <skipped/>
  </testcase> <!-- @BeforeMethod setUp -->
  <testcase name="@BeforeMethod setUp" time="0.0" classname="com.linkedin.cases.CreateNewAccount">
    <skipped/>
  </testcase> <!-- @BeforeMethod setUp -->
  <testcase name="@BeforeMethod setUp" time="0.0" classname="com.linkedin.cases.CreateNewAccount">
    <skipped/>
  </testcase> <!-- @BeforeMethod setUp -->
  <testcase name="@BeforeMethod setUp" time="0.0" classname="com.linkedin.cases.CreateNewAccount">
    <skipped/>
  </testcase> <!-- @BeforeMethod setUp -->
  <testcase name="@BeforeMethod setUp" time="0.0" classname="com.linkedin.cases.CreateNewAccount">
    <skipped/>
  </testcase> <!-- @BeforeMethod setUp -->
  <testcase name="@BeforeMethod setUp" time="0.0" classname="com.linkedin.cases.CreateNewAccount">
    <skipped/>
  </testcase> <!-- @BeforeMethod setUp -->
  <testcase name="@BeforeMethod setUp" time="0.0" classname="com.linkedin.cases.CreateNewAccount">
    <skipped/>
  </testcase> <!-- @BeforeMethod setUp -->
  <testcase name="@BeforeMethod setUp" time="0.0" classname="com.linkedin.cases.CreateNewAccount">
    <skipped/>
  </testcase> <!-- @BeforeMethod setUp -->
  <testcase name="@BeforeMethod setUp" time="0.0" classname="com.linkedin.cases.CreateNewAccount">
    <skipped/>
  </testcase> <!-- @BeforeMethod setUp -->
  <testcase name="@BeforeMethod setUp" time="0.0" classname="com.linkedin.cases.CreateNewAccount">
    <skipped/>
  </testcase> <!-- @BeforeMethod setUp -->
  <testcase name="@BeforeMethod setUp" time="0.0" classname="com.linkedin.cases.CreateNewAccount">
    <skipped/>
  </testcase> <!-- @BeforeMethod setUp -->
  <testcase name="@BeforeMethod setUp" time="0.0" classname="com.linkedin.cases.CreateNewAccount">
    <skipped/>
  </testcase> <!-- @BeforeMethod setUp -->
  <testcase name="@BeforeMethod setUp" time="0.0" classname="com.linkedin.cases.CreateNewAccount">
    <skipped/>
  </testcase> <!-- @BeforeMethod setUp -->
  <testcase name="@BeforeMethod setUp" time="0.0" classname="com.linkedin.cases.CreateNewAccount">
    <skipped/>
  </testcase> <!-- @BeforeMethod setUp -->
  <testcase name="@BeforeMethod setUp" time="0.0" classname="com.linkedin.cases.CreateNewAccount">
    <skipped/>
  </testcase> <!-- @BeforeMethod setUp -->
  <testcase name="@BeforeMethod setUp" time="0.0" classname="com.linkedin.cases.CreateNewAccount">
    <skipped/>
  </testcase> <!-- @BeforeMethod setUp -->
  <testcase name="@BeforeMethod setUp" time="0.0" classname="com.linkedin.cases.CreateNewAccount">
    <skipped/>
  </testcase> <!-- @BeforeMethod setUp -->
  <testcase name="@BeforeMethod setUp" time="0.0" classname="com.linkedin.cases.CreateNewAccount">
    <skipped/>
  </testcase> <!-- @BeforeMethod setUp -->
  <testcase name="click_joinnow_button" time="0.001" classname="com.linkedin.cases.CreateNewAccount">
    <skipped/>
  </testcase> <!-- click_joinnow_button -->
  <testcase name="cookiepolicy_link" time="0.001" classname="com.linkedin.cases.CreateNewAccount">
    <skipped/>
  </testcase> <!-- cookiepolicy_link -->
  <testcase name="invalidFirstname" time="0.0" classname="com.linkedin.cases.CreateNewAccount">
    <skipped/>
  </testcase> <!-- invalidFirstname -->
  <testcase name="invalidFirstname" time="0.0" classname="com.linkedin.cases.CreateNewAccount">
    <skipped/>
  </testcase> <!-- invalidFirstname -->
  <testcase name="invalidFirstname" time="0.0" classname="com.linkedin.cases.CreateNewAccount">
    <skipped/>
  </testcase> <!-- invalidFirstname -->
  <testcase name="invalidFirstname" time="0.0" classname="com.linkedin.cases.CreateNewAccount">
    <skipped/>
  </testcase> <!-- invalidFirstname -->
  <testcase name="invalidLastName" time="0.0" classname="com.linkedin.cases.CreateNewAccount">
    <skipped/>
  </testcase> <!-- invalidLastName -->
  <testcase name="invalidLastName" time="0.0" classname="com.linkedin.cases.CreateNewAccount">
    <skipped/>
  </testcase> <!-- invalidLastName -->
  <testcase name="invalidLastName" time="0.001" classname="com.linkedin.cases.CreateNewAccount">
    <skipped/>
  </testcase> <!-- invalidLastName -->
  <testcase name="invalidLastName" time="0.0" classname="com.linkedin.cases.CreateNewAccount">
    <skipped/>
  </testcase> <!-- invalidLastName -->
  <testcase name="invalid_emailid" time="0.0" classname="com.linkedin.cases.CreateNewAccount">
    <skipped/>
  </testcase> <!-- invalid_emailid -->
  <testcase name="invalid_emailid" time="0.001" classname="com.linkedin.cases.CreateNewAccount">
    <skipped/>
  </testcase> <!-- invalid_emailid -->
  <testcase name="invalid_emailid" time="0.0" classname="com.linkedin.cases.CreateNewAccount">
    <skipped/>
  </testcase> <!-- invalid_emailid -->
  <testcase name="invalid_emailid" time="0.001" classname="com.linkedin.cases.CreateNewAccount">
    <skipped/>
  </testcase> <!-- invalid_emailid -->
  <testcase name="invalid_emailid" time="0.009" classname="com.linkedin.cases.CreateNewAccount">
    <skipped/>
  </testcase> <!-- invalid_emailid -->
  <testcase name="invalid_emailid" time="0.001" classname="com.linkedin.cases.CreateNewAccount">
    <skipped/>
  </testcase> <!-- invalid_emailid -->
  <testcase name="invalid_emailid" time="0.001" classname="com.linkedin.cases.CreateNewAccount">
    <skipped/>
  </testcase> <!-- invalid_emailid -->
  <testcase name="invalid_emailid" time="0.0" classname="com.linkedin.cases.CreateNewAccount">
    <skipped/>
  </testcase> <!-- invalid_emailid -->
  <testcase name="invalid_emailid" time="0.0" classname="com.linkedin.cases.CreateNewAccount">
    <skipped/>
  </testcase> <!-- invalid_emailid -->
  <testcase name="invalid_emailid" time="0.0" classname="com.linkedin.cases.CreateNewAccount">
    <skipped/>
  </testcase> <!-- invalid_emailid -->
  <testcase name="invalid_emailid" time="0.001" classname="com.linkedin.cases.CreateNewAccount">
    <skipped/>
  </testcase> <!-- invalid_emailid -->
  <testcase name="invalid_emailid" time="0.0" classname="com.linkedin.cases.CreateNewAccount">
    <skipped/>
  </testcase> <!-- invalid_emailid -->
  <testcase name="invalid_emailid" time="0.001" classname="com.linkedin.cases.CreateNewAccount">
    <skipped/>
  </testcase> <!-- invalid_emailid -->
  <testcase name="invalid_emailid" time="0.0" classname="com.linkedin.cases.CreateNewAccount">
    <skipped/>
  </testcase> <!-- invalid_emailid -->
  <testcase name="invalid_emailid" time="0.0" classname="com.linkedin.cases.CreateNewAccount">
    <skipped/>
  </testcase> <!-- invalid_emailid -->
  <testcase name="invalid_emailid" time="0.0" classname="com.linkedin.cases.CreateNewAccount">
    <skipped/>
  </testcase> <!-- invalid_emailid -->
  <testcase name="invalid_emailid" time="0.001" classname="com.linkedin.cases.CreateNewAccount">
    <skipped/>
  </testcase> <!-- invalid_emailid -->
  <testcase name="invalid_emailid" time="0.0" classname="com.linkedin.cases.CreateNewAccount">
    <skipped/>
  </testcase> <!-- invalid_emailid -->
  <testcase name="invalid_password" time="0.0" classname="com.linkedin.cases.CreateNewAccount">
    <skipped/>
  </testcase> <!-- invalid_password -->
  <testcase name="invalid_password" time="0.001" classname="com.linkedin.cases.CreateNewAccount">
    <skipped/>
  </testcase> <!-- invalid_password -->
  <testcase name="invalid_password" time="0.0" classname="com.linkedin.cases.CreateNewAccount">
    <skipped/>
  </testcase> <!-- invalid_password -->
  <testcase name="invalid_password" time="0.0" classname="com.linkedin.cases.CreateNewAccount">
    <skipped/>
  </testcase> <!-- invalid_password -->
  <testcase name="invalid_password" time="0.0" classname="com.linkedin.cases.CreateNewAccount">
    <skipped/>
  </testcase> <!-- invalid_password -->
  <testcase name="invalid_password" time="0.0" classname="com.linkedin.cases.CreateNewAccount">
    <skipped/>
  </testcase> <!-- invalid_password -->
  <testcase name="onclick_functionality" time="0.0" classname="com.linkedin.cases.CreateNewAccount">
    <skipped/>
  </testcase> <!-- onclick_functionality -->
  <testcase name="privacypolicy_link" time="0.0" classname="com.linkedin.cases.CreateNewAccount">
    <skipped/>
  </testcase> <!-- privacypolicy_link -->
  <testcase name="register_success" time="0.0" classname="com.linkedin.cases.CreateNewAccount">
    <skipped/>
  </testcase> <!-- register_success -->
  <testcase name="tab_functionality" time="0.0" classname="com.linkedin.cases.CreateNewAccount">
    <skipped/>
  </testcase> <!-- tab_functionality -->
  <testcase name="textbox_edit" time="0.0" classname="com.linkedin.cases.CreateNewAccount">
    <skipped/>
  </testcase> <!-- textbox_edit -->
  <testcase name="useragreement_link" time="0.001" classname="com.linkedin.cases.CreateNewAccount">
    <skipped/>
  </testcase> <!-- useragreement_link -->
  <testcase name="verify_joinnow_button" time="0.0" classname="com.linkedin.cases.CreateNewAccount">
    <skipped/>
  </testcase> <!-- verify_joinnow_button -->
  <testcase name="verify_labels_onpage" time="0.0" classname="com.linkedin.cases.CreateNewAccount">
    <skipped/>
  </testcase> <!-- verify_labels_onpage -->
  <testcase name="verify_mendatory_fields" time="0.0" classname="com.linkedin.cases.CreateNewAccount">
    <skipped/>
  </testcase> <!-- verify_mendatory_fields -->
  <testcase name="verify_register_page" time="0.001" classname="com.linkedin.cases.CreateNewAccount">
    <skipped/>
  </testcase> <!-- verify_register_page -->
  <testcase name="verify_validation_msg" time="0.0" classname="com.linkedin.cases.CreateNewAccount">
    <skipped/>
  </testcase> <!-- verify_validation_msg -->
</testsuite> <!-- FirstName_SpecChar -->
