<?xml version="1.0" encoding="UTF-8"?>
<!-- Generated by org.testng.reporters.JUnitXMLReporter -->
<testsuite hostname="Rahul_P" name="Invalid_LastName" tests="4" failures="0" timestamp="11 Sep 2014 07:25:11 GMT" time="274.613" errors="0">
  <testcase name="invalidLastName" time="48.25" classname="com.linkedin.cases.CreateNewAccount"/>
  <testcase name="invalidLastName" time="37.544" classname="com.linkedin.cases.CreateNewAccount"/>
  <testcase name="invalidLastName" time="36.027" classname="com.linkedin.cases.CreateNewAccount"/>
  <testcase name="invalidLastName" time="36.885" classname="com.linkedin.cases.CreateNewAccount"/>
</testsuite> <!-- Invalid_LastName -->
