<?xml version="1.0" encoding="UTF-8"?>
<!-- Generated by org.testng.reporters.JUnitXMLReporter -->
<testsuite hostname="Rahul_P" name="Invalid_Emailid" tests="18" failures="0" timestamp="11 Sep 2014 07:38:37 GMT" time="804.358" errors="0">
  <testcase name="invalid_emailid" time="34.264" classname="com.linkedin.cases.CreateNewAccount"/>
  <testcase name="invalid_emailid" time="30.915" classname="com.linkedin.cases.CreateNewAccount"/>
  <testcase name="invalid_emailid" time="29.192" classname="com.linkedin.cases.CreateNewAccount"/>
  <testcase name="invalid_emailid" time="28.662" classname="com.linkedin.cases.CreateNewAccount"/>
  <testcase name="invalid_emailid" time="29.324" classname="com.linkedin.cases.CreateNewAccount"/>
  <testcase name="invalid_emailid" time="30.094" classname="com.linkedin.cases.CreateNewAccount"/>
  <testcase name="invalid_emailid" time="34.221" classname="com.linkedin.cases.CreateNewAccount"/>
  <testcase name="invalid_emailid" time="35.337" classname="com.linkedin.cases.CreateNewAccount"/>
  <testcase name="invalid_emailid" time="30.089" classname="com.linkedin.cases.CreateNewAccount"/>
  <testcase name="invalid_emailid" time="30.154" classname="com.linkedin.cases.CreateNewAccount"/>
  <testcase name="invalid_emailid" time="31.284" classname="com.linkedin.cases.CreateNewAccount"/>
  <testcase name="invalid_emailid" time="34.103" classname="com.linkedin.cases.CreateNewAccount"/>
  <testcase name="invalid_emailid" time="35.624" classname="com.linkedin.cases.CreateNewAccount"/>
  <testcase name="invalid_emailid" time="28.751" classname="com.linkedin.cases.CreateNewAccount"/>
  <testcase name="invalid_emailid" time="34.233" classname="com.linkedin.cases.CreateNewAccount"/>
  <testcase name="invalid_emailid" time="36.784" classname="com.linkedin.cases.CreateNewAccount"/>
  <testcase name="invalid_emailid" time="29.068" classname="com.linkedin.cases.CreateNewAccount"/>
  <testcase name="invalid_emailid" time="34.144" classname="com.linkedin.cases.CreateNewAccount"/>
</testsuite> <!-- Invalid_Emailid -->
