<?xml version="1.0" encoding="UTF-8"?>
<!-- Generated by org.testng.reporters.JUnitXMLReporter -->
<testsuite hostname="Rahul_P" name="Invalid_FirstName" tests="4" failures="0" timestamp="11 Sep 2014 07:20:36 GMT" time="356.196" errors="0">
  <testcase name="invalidFirstname" time="32.11" classname="com.linkedin.cases.CreateNewAccount"/>
  <testcase name="invalidFirstname" time="38.59" classname="com.linkedin.cases.CreateNewAccount"/>
  <testcase name="invalidFirstname" time="161.802" classname="com.linkedin.cases.CreateNewAccount"/>
  <testcase name="invalidFirstname" time="44.653" classname="com.linkedin.cases.CreateNewAccount"/>
</testsuite> <!-- Invalid_FirstName -->
